workspace: /home/michaelbezick/Repos/C-LAIfO/experiments/exp_walker_walk_walker_walk_difficulty=easy_delta_source=0.2_delta_target=-0.25/lail_cl_multiset_apply_aug=CL-Q_aug_type=brightness_CL_data_type=agent_2025.02.24/1800_CL_data_type=agent,agent=lail_cl_multiset,apply_aug=CL-Q,aug_policy_lr=1e-3,aug_type=brightness,batch_size=256,delta_source=0.2,delta_target=-0.25,depth_flag=True,device=cuda:2,difficulty=easy,lr=1e-3,task_agent=walker_walk,task_expert=walker_walk
1
| [32meval[0m  | F: 0 | S: 0 | E: 0 | L: 1000 | R: 16.0717 | T: 0:00:00
| [33mtrain[0m | F: 5000 | S: 5000 | E: 5 | L: 1000 | R: 15.9009 | BS: 5015 | FPS: 8.1941 | T: 0:02:02
| [33mtrain[0m | F: 6000 | S: 6000 | E: 6 | L: 1000 | R: 18.9514 | BS: 6018 | FPS: 13.6256 | T: 0:03:15
| [33mtrain[0m | F: 7000 | S: 7000 | E: 7 | L: 1000 | R: 19.0402 | BS: 7021 | FPS: 13.6479 | T: 0:04:28
| [33mtrain[0m | F: 8000 | S: 8000 | E: 8 | L: 1000 | R: 17.1901 | BS: 8024 | FPS: 13.7299 | T: 0:05:41
| [33mtrain[0m | F: 9000 | S: 9000 | E: 9 | L: 1000 | R: 56.0869 | BS: 9027 | FPS: 12.4544 | T: 0:07:01
| [33mtrain[0m | F: 10000 | S: 10000 | E: 10 | L: 1000 | R: 17.0577 | BS: 10030 | FPS: 13.7288 | T: 0:08:14
1
| [32meval[0m  | F: 10000 | S: 10000 | E: 10 | L: 1000 | R: 14.2387 | T: 0:08:14
| [33mtrain[0m | F: 11000 | S: 11000 | E: 11 | L: 1000 | R: 11.8411 | BS: 11033 | FPS: 12.5579 | T: 0:09:34
| [33mtrain[0m | F: 12000 | S: 12000 | E: 12 | L: 1000 | R: 16.8193 | BS: 12036 | FPS: 13.7078 | T: 0:10:47
| [33mtrain[0m | F: 13000 | S: 13000 | E: 13 | L: 1000 | R: 16.9715 | BS: 13039 | FPS: 13.6284 | T: 0:12:00
| [33mtrain[0m | F: 14000 | S: 14000 | E: 14 | L: 1000 | R: 11.8953 | BS: 14042 | FPS: 13.6374 | T: 0:13:13
| [33mtrain[0m | F: 15000 | S: 15000 | E: 15 | L: 1000 | R: 51.6948 | BS: 15045 | FPS: 11.0399 | T: 0:14:44
| [33mtrain[0m | F: 16000 | S: 16000 | E: 16 | L: 1000 | R: 58.7749 | BS: 16048 | FPS: 13.0777 | T: 0:16:01
| [33mtrain[0m | F: 17000 | S: 17000 | E: 17 | L: 1000 | R: 12.4222 | BS: 17051 | FPS: 13.6309 | T: 0:17:14
| [33mtrain[0m | F: 18000 | S: 18000 | E: 18 | L: 1000 | R: 20.0845 | BS: 18054 | FPS: 13.6422 | T: 0:18:27
| [33mtrain[0m | F: 19000 | S: 19000 | E: 19 | L: 1000 | R: 17.8730 | BS: 19057 | FPS: 13.6938 | T: 0:19:40
| [33mtrain[0m | F: 20000 | S: 20000 | E: 20 | L: 1000 | R: 61.3470 | BS: 20060 | FPS: 13.6497 | T: 0:20:53
1
| [32meval[0m  | F: 20000 | S: 20000 | E: 20 | L: 1000 | R: 14.0797 | T: 0:20:53
| [33mtrain[0m | F: 21000 | S: 21000 | E: 21 | L: 1000 | R: 52.6467 | BS: 21063 | FPS: 12.3122 | T: 0:22:15
| [33mtrain[0m | F: 22000 | S: 22000 | E: 22 | L: 1000 | R: 52.5371 | BS: 22066 | FPS: 13.6560 | T: 0:23:28
| [33mtrain[0m | F: 23000 | S: 23000 | E: 23 | L: 1000 | R: 10.7774 | BS: 23069 | FPS: 13.6156 | T: 0:24:41
| [33mtrain[0m | F: 24000 | S: 24000 | E: 24 | L: 1000 | R: 55.6342 | BS: 24072 | FPS: 13.7302 | T: 0:25:54
| [33mtrain[0m | F: 25000 | S: 25000 | E: 25 | L: 1000 | R: 50.5005 | BS: 25075 | FPS: 13.7104 | T: 0:27:07
| [33mtrain[0m | F: 26000 | S: 26000 | E: 26 | L: 1000 | R: 48.7733 | BS: 26078 | FPS: 13.7303 | T: 0:28:20
| [33mtrain[0m | F: 27000 | S: 27000 | E: 27 | L: 1000 | R: 57.2709 | BS: 27081 | FPS: 13.6990 | T: 0:29:33
| [33mtrain[0m | F: 28000 | S: 28000 | E: 28 | L: 1000 | R: 12.0727 | BS: 28084 | FPS: 13.6307 | T: 0:30:46
| [33mtrain[0m | F: 29000 | S: 29000 | E: 29 | L: 1000 | R: 10.9665 | BS: 29087 | FPS: 13.6308 | T: 0:32:00
| [33mtrain[0m | F: 30000 | S: 30000 | E: 30 | L: 1000 | R: 50.6357 | BS: 30090 | FPS: 13.7241 | T: 0:33:13
1
| [32meval[0m  | F: 30000 | S: 30000 | E: 30 | L: 1000 | R: 44.5776 | T: 0:33:13
| [33mtrain[0m | F: 31000 | S: 31000 | E: 31 | L: 1000 | R: 15.4570 | BS: 31093 | FPS: 12.4710 | T: 0:34:33
| [33mtrain[0m | F: 32000 | S: 32000 | E: 32 | L: 1000 | R: 47.8620 | BS: 32096 | FPS: 13.3405 | T: 0:35:48
| [33mtrain[0m | F: 33000 | S: 33000 | E: 33 | L: 1000 | R: 20.3048 | BS: 33099 | FPS: 13.6639 | T: 0:37:01
| [33mtrain[0m | F: 34000 | S: 34000 | E: 34 | L: 1000 | R: 67.1471 | BS: 34102 | FPS: 13.6865 | T: 0:38:14
| [33mtrain[0m | F: 35000 | S: 35000 | E: 35 | L: 1000 | R: 15.4354 | BS: 35105 | FPS: 13.7091 | T: 0:39:27
| [33mtrain[0m | F: 36000 | S: 36000 | E: 36 | L: 1000 | R: 51.4834 | BS: 36108 | FPS: 13.6914 | T: 0:40:40
| [33mtrain[0m | F: 37000 | S: 37000 | E: 37 | L: 1000 | R: 14.6219 | BS: 37111 | FPS: 13.7038 | T: 0:41:53
| [33mtrain[0m | F: 38000 | S: 38000 | E: 38 | L: 1000 | R: 16.2687 | BS: 38114 | FPS: 13.6791 | T: 0:43:06
| [33mtrain[0m | F: 39000 | S: 39000 | E: 39 | L: 1000 | R: 46.0272 | BS: 39117 | FPS: 13.6593 | T: 0:44:19
| [33mtrain[0m | F: 40000 | S: 40000 | E: 40 | L: 1000 | R: 15.1494 | BS: 40120 | FPS: 13.6946 | T: 0:45:32
1
| [32meval[0m  | F: 40000 | S: 40000 | E: 40 | L: 1000 | R: 9.6673 | T: 0:45:32
| [33mtrain[0m | F: 41000 | S: 41000 | E: 41 | L: 1000 | R: 11.2566 | BS: 41123 | FPS: 12.5075 | T: 0:46:52
| [33mtrain[0m | F: 42000 | S: 42000 | E: 42 | L: 1000 | R: 46.3001 | BS: 42126 | FPS: 13.6960 | T: 0:48:05
| [33mtrain[0m | F: 43000 | S: 43000 | E: 43 | L: 1000 | R: 23.2721 | BS: 43129 | FPS: 13.6720 | T: 0:49:18
| [33mtrain[0m | F: 44000 | S: 44000 | E: 44 | L: 1000 | R: 10.7840 | BS: 44132 | FPS: 13.6207 | T: 0:50:32
| [33mtrain[0m | F: 45000 | S: 45000 | E: 45 | L: 1000 | R: 45.0473 | BS: 45135 | FPS: 13.7036 | T: 0:51:45
| [33mtrain[0m | F: 46000 | S: 46000 | E: 46 | L: 1000 | R: 14.7953 | BS: 46138 | FPS: 13.7020 | T: 0:52:58
| [33mtrain[0m | F: 47000 | S: 47000 | E: 47 | L: 1000 | R: 13.9799 | BS: 47141 | FPS: 13.6962 | T: 0:54:11
| [33mtrain[0m | F: 48000 | S: 48000 | E: 48 | L: 1000 | R: 50.6517 | BS: 48144 | FPS: 13.6883 | T: 0:55:24
| [33mtrain[0m | F: 49000 | S: 49000 | E: 49 | L: 1000 | R: 14.3041 | BS: 49147 | FPS: 13.6381 | T: 0:56:37
| [33mtrain[0m | F: 50000 | S: 50000 | E: 50 | L: 1000 | R: 11.1639 | BS: 50150 | FPS: 13.6097 | T: 0:57:51
1
| [32meval[0m  | F: 50000 | S: 50000 | E: 50 | L: 1000 | R: 13.8806 | T: 0:57:51
| [33mtrain[0m | F: 51000 | S: 51000 | E: 51 | L: 1000 | R: 46.6803 | BS: 51153 | FPS: 12.5061 | T: 0:59:11
| [33mtrain[0m | F: 52000 | S: 52000 | E: 52 | L: 1000 | R: 16.0986 | BS: 52156 | FPS: 13.6539 | T: 1:00:24
| [33mtrain[0m | F: 53000 | S: 53000 | E: 53 | L: 1000 | R: 10.7941 | BS: 53159 | FPS: 13.6288 | T: 1:01:37
| [33mtrain[0m | F: 54000 | S: 54000 | E: 54 | L: 1000 | R: 45.4828 | BS: 54162 | FPS: 13.6163 | T: 1:02:51
| [33mtrain[0m | F: 55000 | S: 55000 | E: 55 | L: 1000 | R: 49.0048 | BS: 55165 | FPS: 13.6967 | T: 1:04:04
| [33mtrain[0m | F: 56000 | S: 56000 | E: 56 | L: 1000 | R: 14.0911 | BS: 56168 | FPS: 13.6791 | T: 1:05:17
| [33mtrain[0m | F: 57000 | S: 57000 | E: 57 | L: 1000 | R: 13.7208 | BS: 57171 | FPS: 13.6516 | T: 1:06:30
| [33mtrain[0m | F: 58000 | S: 58000 | E: 58 | L: 1000 | R: 14.2340 | BS: 58174 | FPS: 13.6765 | T: 1:07:43
| [33mtrain[0m | F: 59000 | S: 59000 | E: 59 | L: 1000 | R: 13.7627 | BS: 59177 | FPS: 13.6636 | T: 1:08:56
| [33mtrain[0m | F: 60000 | S: 60000 | E: 60 | L: 1000 | R: 48.0352 | BS: 60180 | FPS: 13.6780 | T: 1:10:09
1
| [32meval[0m  | F: 60000 | S: 60000 | E: 60 | L: 1000 | R: 14.5337 | T: 1:10:09
| [33mtrain[0m | F: 61000 | S: 61000 | E: 61 | L: 1000 | R: 13.9225 | BS: 61183 | FPS: 12.4725 | T: 1:11:30
| [33mtrain[0m | F: 62000 | S: 62000 | E: 62 | L: 1000 | R: 46.6683 | BS: 62186 | FPS: 13.6752 | T: 1:12:43
| [33mtrain[0m | F: 63000 | S: 63000 | E: 63 | L: 1000 | R: 45.7419 | BS: 63189 | FPS: 13.6733 | T: 1:13:56
| [33mtrain[0m | F: 64000 | S: 64000 | E: 64 | L: 1000 | R: 10.4166 | BS: 64192 | FPS: 13.6405 | T: 1:15:09
| [33mtrain[0m | F: 65000 | S: 65000 | E: 65 | L: 1000 | R: 9.7836 | BS: 65195 | FPS: 13.6389 | T: 1:16:22
| [33mtrain[0m | F: 66000 | S: 66000 | E: 66 | L: 1000 | R: 45.3090 | BS: 66198 | FPS: 13.6622 | T: 1:17:36
| [33mtrain[0m | F: 67000 | S: 67000 | E: 67 | L: 1000 | R: 14.0829 | BS: 67201 | FPS: 13.6731 | T: 1:18:49
| [33mtrain[0m | F: 68000 | S: 68000 | E: 68 | L: 1000 | R: 14.3102 | BS: 68204 | FPS: 13.6883 | T: 1:20:02
| [33mtrain[0m | F: 69000 | S: 69000 | E: 69 | L: 1000 | R: 42.8692 | BS: 69207 | FPS: 13.6561 | T: 1:21:15
| [33mtrain[0m | F: 70000 | S: 70000 | E: 70 | L: 1000 | R: 45.6584 | BS: 70210 | FPS: 13.6727 | T: 1:22:28
1
| [32meval[0m  | F: 70000 | S: 70000 | E: 70 | L: 1000 | R: 14.8456 | T: 1:22:28
| [33mtrain[0m | F: 71000 | S: 71000 | E: 71 | L: 1000 | R: 16.4330 | BS: 71213 | FPS: 12.4978 | T: 1:23:48
| [33mtrain[0m | F: 72000 | S: 72000 | E: 72 | L: 1000 | R: 10.2705 | BS: 72216 | FPS: 13.6498 | T: 1:25:01
| [33mtrain[0m | F: 73000 | S: 73000 | E: 73 | L: 1000 | R: 46.8172 | BS: 73219 | FPS: 13.6914 | T: 1:26:15
| [33mtrain[0m | F: 74000 | S: 74000 | E: 74 | L: 1000 | R: 14.1082 | BS: 74222 | FPS: 13.6893 | T: 1:27:28
| [33mtrain[0m | F: 75000 | S: 75000 | E: 75 | L: 1000 | R: 14.7638 | BS: 75225 | FPS: 13.6828 | T: 1:28:41
| [33mtrain[0m | F: 76000 | S: 76000 | E: 76 | L: 1000 | R: 9.8693 | BS: 76228 | FPS: 13.6614 | T: 1:29:54
| [33mtrain[0m | F: 77000 | S: 77000 | E: 77 | L: 1000 | R: 10.2646 | BS: 77231 | FPS: 13.6162 | T: 1:31:07
| [33mtrain[0m | F: 78000 | S: 78000 | E: 78 | L: 1000 | R: 14.0368 | BS: 78234 | FPS: 13.6573 | T: 1:32:21
| [33mtrain[0m | F: 79000 | S: 79000 | E: 79 | L: 1000 | R: 46.1458 | BS: 79237 | FPS: 13.6688 | T: 1:33:34
| [33mtrain[0m | F: 80000 | S: 80000 | E: 80 | L: 1000 | R: 16.0053 | BS: 80240 | FPS: 13.6589 | T: 1:34:47
1
| [32meval[0m  | F: 80000 | S: 80000 | E: 80 | L: 1000 | R: 42.6574 | T: 1:34:47
| [33mtrain[0m | F: 81000 | S: 81000 | E: 81 | L: 1000 | R: 10.3759 | BS: 81243 | FPS: 12.4570 | T: 1:36:07
| [33mtrain[0m | F: 82000 | S: 82000 | E: 82 | L: 1000 | R: 46.3991 | BS: 82246 | FPS: 13.5990 | T: 1:37:21
| [33mtrain[0m | F: 83000 | S: 83000 | E: 83 | L: 1000 | R: 62.4321 | BS: 83249 | FPS: 13.6736 | T: 1:38:34
| [33mtrain[0m | F: 84000 | S: 84000 | E: 84 | L: 1000 | R: 14.0228 | BS: 84252 | FPS: 13.6829 | T: 1:39:47
| [33mtrain[0m | F: 85000 | S: 85000 | E: 85 | L: 1000 | R: 14.9150 | BS: 85255 | FPS: 13.6262 | T: 1:41:00
| [33mtrain[0m | F: 86000 | S: 86000 | E: 86 | L: 1000 | R: 13.5764 | BS: 86258 | FPS: 13.6493 | T: 1:42:14
| [33mtrain[0m | F: 87000 | S: 87000 | E: 87 | L: 1000 | R: 9.8391 | BS: 87261 | FPS: 13.6293 | T: 1:43:27
| [33mtrain[0m | F: 88000 | S: 88000 | E: 88 | L: 1000 | R: 10.5041 | BS: 88264 | FPS: 13.6264 | T: 1:44:40
| [33mtrain[0m | F: 89000 | S: 89000 | E: 89 | L: 1000 | R: 14.3608 | BS: 89267 | FPS: 13.6435 | T: 1:45:54
| [33mtrain[0m | F: 90000 | S: 90000 | E: 90 | L: 1000 | R: 48.3460 | BS: 90270 | FPS: 13.6741 | T: 1:47:07
1
| [32meval[0m  | F: 90000 | S: 90000 | E: 90 | L: 1000 | R: 13.9606 | T: 1:47:07
| [33mtrain[0m | F: 91000 | S: 91000 | E: 91 | L: 1000 | R: 13.8580 | BS: 91273 | FPS: 12.5005 | T: 1:48:27
| [33mtrain[0m | F: 92000 | S: 92000 | E: 92 | L: 1000 | R: 13.8959 | BS: 92276 | FPS: 13.6277 | T: 1:49:40
| [33mtrain[0m | F: 93000 | S: 93000 | E: 93 | L: 1000 | R: 48.5545 | BS: 93279 | FPS: 13.6583 | T: 1:50:53
| [33mtrain[0m | F: 94000 | S: 94000 | E: 94 | L: 1000 | R: 14.0458 | BS: 94282 | FPS: 13.6498 | T: 1:52:07
| [33mtrain[0m | F: 95000 | S: 95000 | E: 95 | L: 1000 | R: 10.9812 | BS: 95285 | FPS: 13.6548 | T: 1:53:20
| [33mtrain[0m | F: 96000 | S: 96000 | E: 96 | L: 1000 | R: 45.2965 | BS: 96288 | FPS: 13.6666 | T: 1:54:33
| [33mtrain[0m | F: 97000 | S: 97000 | E: 97 | L: 1000 | R: 14.2140 | BS: 97291 | FPS: 13.6678 | T: 1:55:46
| [33mtrain[0m | F: 98000 | S: 98000 | E: 98 | L: 1000 | R: 45.3325 | BS: 98294 | FPS: 13.6164 | T: 1:57:00
| [33mtrain[0m | F: 99000 | S: 99000 | E: 99 | L: 1000 | R: 45.1794 | BS: 99297 | FPS: 13.6175 | T: 1:58:13
| [33mtrain[0m | F: 100000 | S: 100000 | E: 100 | L: 1000 | R: 14.4003 | BS: 100300 | FPS: 13.6280 | T: 1:59:26
1
| [32meval[0m  | F: 100000 | S: 100000 | E: 100 | L: 1000 | R: 10.3942 | T: 1:59:26
| [33mtrain[0m | F: 101000 | S: 101000 | E: 101 | L: 1000 | R: 14.0845 | BS: 101303 | FPS: 12.4591 | T: 2:00:47
| [33mtrain[0m | F: 102000 | S: 102000 | E: 102 | L: 1000 | R: 14.3688 | BS: 102306 | FPS: 13.6290 | T: 2:02:00
| [33mtrain[0m | F: 103000 | S: 103000 | E: 103 | L: 1000 | R: 10.3417 | BS: 103309 | FPS: 13.6452 | T: 2:03:13
| [33mtrain[0m | F: 104000 | S: 104000 | E: 104 | L: 1000 | R: 11.3971 | BS: 104312 | FPS: 13.6131 | T: 2:04:27
| [33mtrain[0m | F: 105000 | S: 105000 | E: 105 | L: 1000 | R: 65.2680 | BS: 105315 | FPS: 13.6119 | T: 2:05:40
| [33mtrain[0m | F: 106000 | S: 106000 | E: 106 | L: 1000 | R: 67.5435 | BS: 106318 | FPS: 13.6260 | T: 2:06:54
| [33mtrain[0m | F: 107000 | S: 107000 | E: 107 | L: 1000 | R: 14.1381 | BS: 107321 | FPS: 13.6264 | T: 2:08:07
| [33mtrain[0m | F: 108000 | S: 108000 | E: 108 | L: 1000 | R: 59.7483 | BS: 108324 | FPS: 13.5870 | T: 2:09:21
| [33mtrain[0m | F: 109000 | S: 109000 | E: 109 | L: 1000 | R: 15.5087 | BS: 109327 | FPS: 13.6317 | T: 2:10:34
| [33mtrain[0m | F: 110000 | S: 110000 | E: 110 | L: 1000 | R: 9.7006 | BS: 110330 | FPS: 13.5978 | T: 2:11:48
1
| [32meval[0m  | F: 110000 | S: 110000 | E: 110 | L: 1000 | R: 13.5363 | T: 2:11:48
| [33mtrain[0m | F: 111000 | S: 111000 | E: 111 | L: 1000 | R: 45.2366 | BS: 111333 | FPS: 12.4684 | T: 2:13:08
| [33mtrain[0m | F: 112000 | S: 112000 | E: 112 | L: 1000 | R: 13.9159 | BS: 112336 | FPS: 13.6457 | T: 2:14:21
| [33mtrain[0m | F: 113000 | S: 113000 | E: 113 | L: 1000 | R: 45.6341 | BS: 113339 | FPS: 13.6472 | T: 2:15:34
| [33mtrain[0m | F: 114000 | S: 114000 | E: 114 | L: 1000 | R: 36.4037 | BS: 114342 | FPS: 13.6490 | T: 2:16:48
| [33mtrain[0m | F: 115000 | S: 115000 | E: 115 | L: 1000 | R: 15.0305 | BS: 115345 | FPS: 13.6505 | T: 2:18:01
| [33mtrain[0m | F: 116000 | S: 116000 | E: 116 | L: 1000 | R: 9.9659 | BS: 116348 | FPS: 13.6260 | T: 2:19:14
| [33mtrain[0m | F: 117000 | S: 117000 | E: 117 | L: 1000 | R: 10.1100 | BS: 117351 | FPS: 13.5774 | T: 2:20:28
| [33mtrain[0m | F: 118000 | S: 118000 | E: 118 | L: 1000 | R: 46.1033 | BS: 118354 | FPS: 13.6227 | T: 2:21:41
| [33mtrain[0m | F: 119000 | S: 119000 | E: 119 | L: 1000 | R: 13.6058 | BS: 119357 | FPS: 13.6290 | T: 2:22:55
| [33mtrain[0m | F: 120000 | S: 120000 | E: 120 | L: 1000 | R: 14.1767 | BS: 120360 | FPS: 13.6181 | T: 2:24:08
1
| [32meval[0m  | F: 120000 | S: 120000 | E: 120 | L: 1000 | R: 14.2334 | T: 2:24:08
| [33mtrain[0m | F: 121000 | S: 121000 | E: 121 | L: 1000 | R: 13.9686 | BS: 121363 | FPS: 12.4518 | T: 2:25:28
| [33mtrain[0m | F: 122000 | S: 122000 | E: 122 | L: 1000 | R: 13.7386 | BS: 122366 | FPS: 13.6463 | T: 2:26:42
| [33mtrain[0m | F: 123000 | S: 123000 | E: 123 | L: 1000 | R: 14.0124 | BS: 123369 | FPS: 13.6143 | T: 2:27:55
| [33mtrain[0m | F: 124000 | S: 124000 | E: 124 | L: 1000 | R: 14.2985 | BS: 124372 | FPS: 13.6288 | T: 2:29:08
| [33mtrain[0m | F: 125000 | S: 125000 | E: 125 | L: 1000 | R: 13.8775 | BS: 125375 | FPS: 13.6062 | T: 2:30:22
| [33mtrain[0m | F: 126000 | S: 126000 | E: 126 | L: 1000 | R: 9.7845 | BS: 126378 | FPS: 13.6303 | T: 2:31:35
| [33mtrain[0m | F: 127000 | S: 127000 | E: 127 | L: 1000 | R: 45.0280 | BS: 127381 | FPS: 13.6314 | T: 2:32:49
| [33mtrain[0m | F: 128000 | S: 128000 | E: 128 | L: 1000 | R: 13.5183 | BS: 128384 | FPS: 13.6419 | T: 2:34:02
| [33mtrain[0m | F: 129000 | S: 129000 | E: 129 | L: 1000 | R: 46.7450 | BS: 129387 | FPS: 13.6369 | T: 2:35:15
| [33mtrain[0m | F: 130000 | S: 130000 | E: 130 | L: 1000 | R: 10.0826 | BS: 130390 | FPS: 13.6084 | T: 2:36:29
1
| [32meval[0m  | F: 130000 | S: 130000 | E: 130 | L: 1000 | R: 10.2271 | T: 2:36:29
| [33mtrain[0m | F: 131000 | S: 131000 | E: 131 | L: 1000 | R: 67.2008 | BS: 131393 | FPS: 12.4602 | T: 2:37:49
| [33mtrain[0m | F: 132000 | S: 132000 | E: 132 | L: 1000 | R: 10.4974 | BS: 132396 | FPS: 13.6104 | T: 2:39:03
| [33mtrain[0m | F: 133000 | S: 133000 | E: 133 | L: 1000 | R: 17.0193 | BS: 133399 | FPS: 13.5987 | T: 2:40:16
| [33mtrain[0m | F: 134000 | S: 134000 | E: 134 | L: 1000 | R: 14.7566 | BS: 134402 | FPS: 13.6184 | T: 2:41:30
| [33mtrain[0m | F: 135000 | S: 135000 | E: 135 | L: 1000 | R: 16.0252 | BS: 135405 | FPS: 13.6228 | T: 2:42:43
| [33mtrain[0m | F: 136000 | S: 136000 | E: 136 | L: 1000 | R: 45.3725 | BS: 136408 | FPS: 13.6012 | T: 2:43:56
| [33mtrain[0m | F: 137000 | S: 137000 | E: 137 | L: 1000 | R: 9.5978 | BS: 137411 | FPS: 13.5849 | T: 2:45:10
| [33mtrain[0m | F: 138000 | S: 138000 | E: 138 | L: 1000 | R: 15.8301 | BS: 138414 | FPS: 13.6224 | T: 2:46:23
| [33mtrain[0m | F: 139000 | S: 139000 | E: 139 | L: 1000 | R: 14.2001 | BS: 139417 | FPS: 13.6300 | T: 2:47:37
| [33mtrain[0m | F: 140000 | S: 140000 | E: 140 | L: 1000 | R: 10.1353 | BS: 140420 | FPS: 13.6207 | T: 2:48:50
1
| [32meval[0m  | F: 140000 | S: 140000 | E: 140 | L: 1000 | R: 44.7984 | T: 2:48:50
| [33mtrain[0m | F: 141000 | S: 141000 | E: 141 | L: 1000 | R: 14.1287 | BS: 141423 | FPS: 12.3776 | T: 2:50:11
| [33mtrain[0m | F: 142000 | S: 142000 | E: 142 | L: 1000 | R: 9.8179 | BS: 142426 | FPS: 13.5949 | T: 2:51:25
| [33mtrain[0m | F: 143000 | S: 143000 | E: 143 | L: 1000 | R: 17.5617 | BS: 143429 | FPS: 13.6374 | T: 2:52:38
| [33mtrain[0m | F: 144000 | S: 144000 | E: 144 | L: 1000 | R: 9.9682 | BS: 144432 | FPS: 13.6258 | T: 2:53:51
| [33mtrain[0m | F: 145000 | S: 145000 | E: 145 | L: 1000 | R: 44.7622 | BS: 145435 | FPS: 13.5891 | T: 2:55:05
| [33mtrain[0m | F: 146000 | S: 146000 | E: 146 | L: 1000 | R: 13.9537 | BS: 146438 | FPS: 13.6197 | T: 2:56:18
| [33mtrain[0m | F: 147000 | S: 147000 | E: 147 | L: 1000 | R: 13.5989 | BS: 147441 | FPS: 13.6202 | T: 2:57:32
| [33mtrain[0m | F: 148000 | S: 148000 | E: 148 | L: 1000 | R: 9.9960 | BS: 148444 | FPS: 13.5950 | T: 2:58:45
| [33mtrain[0m | F: 149000 | S: 149000 | E: 149 | L: 1000 | R: 63.4498 | BS: 149447 | FPS: 13.6015 | T: 2:59:59
| [33mtrain[0m | F: 150000 | S: 150000 | E: 150 | L: 1000 | R: 10.3916 | BS: 150450 | FPS: 13.5960 | T: 3:01:12
1
| [32meval[0m  | F: 150000 | S: 150000 | E: 150 | L: 1000 | R: 48.1911 | T: 3:01:12
| [33mtrain[0m | F: 151000 | S: 151000 | E: 151 | L: 1000 | R: 13.9737 | BS: 151453 | FPS: 12.4373 | T: 3:02:33
| [33mtrain[0m | F: 152000 | S: 152000 | E: 152 | L: 1000 | R: 10.4490 | BS: 152456 | FPS: 13.6260 | T: 3:03:46
| [33mtrain[0m | F: 153000 | S: 153000 | E: 153 | L: 1000 | R: 48.2541 | BS: 153459 | FPS: 13.6285 | T: 3:05:00
| [33mtrain[0m | F: 154000 | S: 154000 | E: 154 | L: 1000 | R: 10.8184 | BS: 154462 | FPS: 13.5896 | T: 3:06:13
| [33mtrain[0m | F: 155000 | S: 155000 | E: 155 | L: 1000 | R: 58.4137 | BS: 155465 | FPS: 13.6218 | T: 3:07:27
| [33mtrain[0m | F: 156000 | S: 156000 | E: 156 | L: 1000 | R: 67.4765 | BS: 156468 | FPS: 13.5982 | T: 3:08:40
| [33mtrain[0m | F: 157000 | S: 157000 | E: 157 | L: 1000 | R: 36.5741 | BS: 157471 | FPS: 13.6190 | T: 3:09:54
| [33mtrain[0m | F: 158000 | S: 158000 | E: 158 | L: 1000 | R: 16.4926 | BS: 158474 | FPS: 13.6144 | T: 3:11:07
| [33mtrain[0m | F: 159000 | S: 159000 | E: 159 | L: 1000 | R: 10.1723 | BS: 159477 | FPS: 13.6225 | T: 3:12:20
| [33mtrain[0m | F: 160000 | S: 160000 | E: 160 | L: 1000 | R: 14.3927 | BS: 160480 | FPS: 13.6148 | T: 3:13:34
1
| [32meval[0m  | F: 160000 | S: 160000 | E: 160 | L: 1000 | R: 45.3180 | T: 3:13:34
| [33mtrain[0m | F: 161000 | S: 161000 | E: 161 | L: 1000 | R: 13.4228 | BS: 161483 | FPS: 12.4240 | T: 3:14:54
| [33mtrain[0m | F: 162000 | S: 162000 | E: 162 | L: 1000 | R: 15.6164 | BS: 162486 | FPS: 13.6315 | T: 3:16:08
| [33mtrain[0m | F: 163000 | S: 163000 | E: 163 | L: 1000 | R: 48.3763 | BS: 163489 | FPS: 13.6299 | T: 3:17:21
| [33mtrain[0m | F: 164000 | S: 164000 | E: 164 | L: 1000 | R: 13.8828 | BS: 164492 | FPS: 13.6386 | T: 3:18:34
| [33mtrain[0m | F: 165000 | S: 165000 | E: 165 | L: 1000 | R: 46.8656 | BS: 165495 | FPS: 13.6302 | T: 3:19:48
| [33mtrain[0m | F: 166000 | S: 166000 | E: 166 | L: 1000 | R: 36.4589 | BS: 166498 | FPS: 13.6409 | T: 3:21:01
| [33mtrain[0m | F: 167000 | S: 167000 | E: 167 | L: 1000 | R: 9.7410 | BS: 167501 | FPS: 13.6312 | T: 3:22:14
| [33mtrain[0m | F: 168000 | S: 168000 | E: 168 | L: 1000 | R: 14.0471 | BS: 168504 | FPS: 13.6088 | T: 3:23:28
| [33mtrain[0m | F: 169000 | S: 169000 | E: 169 | L: 1000 | R: 13.5517 | BS: 169507 | FPS: 13.6194 | T: 3:24:41
| [33mtrain[0m | F: 170000 | S: 170000 | E: 170 | L: 1000 | R: 14.3862 | BS: 170510 | FPS: 13.6194 | T: 3:25:55
1
| [32meval[0m  | F: 170000 | S: 170000 | E: 170 | L: 1000 | R: 14.0473 | T: 3:25:55
| [33mtrain[0m | F: 171000 | S: 171000 | E: 171 | L: 1000 | R: 45.6846 | BS: 171513 | FPS: 12.4148 | T: 3:27:15
| [33mtrain[0m | F: 172000 | S: 172000 | E: 172 | L: 1000 | R: 10.0160 | BS: 172516 | FPS: 13.5747 | T: 3:28:29
| [33mtrain[0m | F: 173000 | S: 173000 | E: 173 | L: 1000 | R: 13.9342 | BS: 173519 | FPS: 13.5954 | T: 3:29:43
| [33mtrain[0m | F: 174000 | S: 174000 | E: 174 | L: 1000 | R: 14.0791 | BS: 174522 | FPS: 13.6060 | T: 3:30:56
| [33mtrain[0m | F: 175000 | S: 175000 | E: 175 | L: 1000 | R: 10.6676 | BS: 175525 | FPS: 13.6063 | T: 3:32:09
| [33mtrain[0m | F: 176000 | S: 176000 | E: 176 | L: 1000 | R: 14.0602 | BS: 176528 | FPS: 13.6115 | T: 3:33:23
| [33mtrain[0m | F: 177000 | S: 177000 | E: 177 | L: 1000 | R: 13.8000 | BS: 177531 | FPS: 13.6185 | T: 3:34:36
| [33mtrain[0m | F: 178000 | S: 178000 | E: 178 | L: 1000 | R: 10.1808 | BS: 178534 | FPS: 13.5779 | T: 3:35:50
| [33mtrain[0m | F: 179000 | S: 179000 | E: 179 | L: 1000 | R: 15.6941 | BS: 179537 | FPS: 13.6193 | T: 3:37:03
| [33mtrain[0m | F: 180000 | S: 180000 | E: 180 | L: 1000 | R: 66.6383 | BS: 180540 | FPS: 13.6189 | T: 3:38:17
1
| [32meval[0m  | F: 180000 | S: 180000 | E: 180 | L: 1000 | R: 16.3090 | T: 3:38:17
| [33mtrain[0m | F: 181000 | S: 181000 | E: 181 | L: 1000 | R: 14.0941 | BS: 181543 | FPS: 12.4293 | T: 3:39:37
| [33mtrain[0m | F: 182000 | S: 182000 | E: 182 | L: 1000 | R: 36.3721 | BS: 182546 | FPS: 13.6160 | T: 3:40:51
| [33mtrain[0m | F: 183000 | S: 183000 | E: 183 | L: 1000 | R: 68.0727 | BS: 183549 | FPS: 13.6103 | T: 3:42:04
| [33mtrain[0m | F: 184000 | S: 184000 | E: 184 | L: 1000 | R: 43.5961 | BS: 184552 | FPS: 13.6133 | T: 3:43:18
| [33mtrain[0m | F: 185000 | S: 185000 | E: 185 | L: 1000 | R: 14.0727 | BS: 185555 | FPS: 13.6038 | T: 3:44:31
| [33mtrain[0m | F: 186000 | S: 186000 | E: 186 | L: 1000 | R: 10.6393 | BS: 186558 | FPS: 13.5892 | T: 3:45:45
| [33mtrain[0m | F: 187000 | S: 187000 | E: 187 | L: 1000 | R: 16.9226 | BS: 187561 | FPS: 13.6131 | T: 3:46:58
| [33mtrain[0m | F: 188000 | S: 188000 | E: 188 | L: 1000 | R: 46.1071 | BS: 188564 | FPS: 13.6241 | T: 3:48:12
| [33mtrain[0m | F: 189000 | S: 189000 | E: 189 | L: 1000 | R: 50.8343 | BS: 189567 | FPS: 13.6133 | T: 3:49:25
| [33mtrain[0m | F: 190000 | S: 190000 | E: 190 | L: 1000 | R: 14.3170 | BS: 190570 | FPS: 13.5976 | T: 3:50:39
1
| [32meval[0m  | F: 190000 | S: 190000 | E: 190 | L: 1000 | R: 44.8135 | T: 3:50:39
| [33mtrain[0m | F: 191000 | S: 191000 | E: 191 | L: 1000 | R: 14.3876 | BS: 191573 | FPS: 12.4270 | T: 3:51:59
| [33mtrain[0m | F: 192000 | S: 192000 | E: 192 | L: 1000 | R: 15.2031 | BS: 192576 | FPS: 13.6168 | T: 3:53:13
| [33mtrain[0m | F: 193000 | S: 193000 | E: 193 | L: 1000 | R: 65.1152 | BS: 193579 | FPS: 13.6138 | T: 3:54:26
| [33mtrain[0m | F: 194000 | S: 194000 | E: 194 | L: 1000 | R: 47.5890 | BS: 194582 | FPS: 13.6152 | T: 3:55:39
| [33mtrain[0m | F: 195000 | S: 195000 | E: 195 | L: 1000 | R: 61.8411 | BS: 195585 | FPS: 13.6184 | T: 3:56:53
| [33mtrain[0m | F: 196000 | S: 196000 | E: 196 | L: 1000 | R: 48.7873 | BS: 196588 | FPS: 13.6191 | T: 3:58:06
| [33mtrain[0m | F: 197000 | S: 197000 | E: 197 | L: 1000 | R: 13.9506 | BS: 197591 | FPS: 13.6172 | T: 3:59:20
| [33mtrain[0m | F: 198000 | S: 198000 | E: 198 | L: 1000 | R: 14.9171 | BS: 198594 | FPS: 13.6178 | T: 4:00:33
| [33mtrain[0m | F: 199000 | S: 199000 | E: 199 | L: 1000 | R: 14.2375 | BS: 199597 | FPS: 13.6197 | T: 4:01:47
| [33mtrain[0m | F: 200000 | S: 200000 | E: 200 | L: 1000 | R: 13.7630 | BS: 200600 | FPS: 13.6261 | T: 4:03:00
1
| [32meval[0m  | F: 200000 | S: 200000 | E: 200 | L: 1000 | R: 58.8760 | T: 4:03:00
| [33mtrain[0m | F: 201000 | S: 201000 | E: 201 | L: 1000 | R: 15.5320 | BS: 201603 | FPS: 12.4193 | T: 4:04:21
| [33mtrain[0m | F: 202000 | S: 202000 | E: 202 | L: 1000 | R: 13.6728 | BS: 202606 | FPS: 13.6148 | T: 4:05:34
| [33mtrain[0m | F: 203000 | S: 203000 | E: 203 | L: 1000 | R: 14.5417 | BS: 203609 | FPS: 13.6037 | T: 4:06:48
| [33mtrain[0m | F: 204000 | S: 204000 | E: 204 | L: 1000 | R: 13.6225 | BS: 204612 | FPS: 13.6172 | T: 4:08:01
| [33mtrain[0m | F: 205000 | S: 205000 | E: 205 | L: 1000 | R: 14.2828 | BS: 205615 | FPS: 13.6146 | T: 4:09:14
| [33mtrain[0m | F: 206000 | S: 206000 | E: 206 | L: 1000 | R: 14.1119 | BS: 206618 | FPS: 13.6149 | T: 4:10:28
| [33mtrain[0m | F: 207000 | S: 207000 | E: 207 | L: 1000 | R: 10.4494 | BS: 207621 | FPS: 13.6261 | T: 4:11:41
| [33mtrain[0m | F: 208000 | S: 208000 | E: 208 | L: 1000 | R: 14.1731 | BS: 208624 | FPS: 13.6081 | T: 4:12:55
| [33mtrain[0m | F: 209000 | S: 209000 | E: 209 | L: 1000 | R: 45.5948 | BS: 209627 | FPS: 13.6145 | T: 4:14:08
| [33mtrain[0m | F: 210000 | S: 210000 | E: 210 | L: 1000 | R: 14.0353 | BS: 210630 | FPS: 13.5904 | T: 4:15:22
1
| [32meval[0m  | F: 210000 | S: 210000 | E: 210 | L: 1000 | R: 48.0405 | T: 4:15:22
| [33mtrain[0m | F: 211000 | S: 211000 | E: 211 | L: 1000 | R: 13.6083 | BS: 211633 | FPS: 12.4134 | T: 4:16:42
| [33mtrain[0m | F: 212000 | S: 212000 | E: 212 | L: 1000 | R: 16.5123 | BS: 212636 | FPS: 13.6054 | T: 4:17:56
| [33mtrain[0m | F: 213000 | S: 213000 | E: 213 | L: 1000 | R: 10.1509 | BS: 213639 | FPS: 13.5635 | T: 4:19:10
| [33mtrain[0m | F: 214000 | S: 214000 | E: 214 | L: 1000 | R: 13.9353 | BS: 214642 | FPS: 13.6028 | T: 4:20:23
| [33mtrain[0m | F: 215000 | S: 215000 | E: 215 | L: 1000 | R: 13.9667 | BS: 215645 | FPS: 13.6051 | T: 4:21:37
| [33mtrain[0m | F: 216000 | S: 216000 | E: 216 | L: 1000 | R: 66.3778 | BS: 216648 | FPS: 13.5999 | T: 4:22:50
| [33mtrain[0m | F: 217000 | S: 217000 | E: 217 | L: 1000 | R: 14.1850 | BS: 217651 | FPS: 13.5469 | T: 4:24:04
| [33mtrain[0m | F: 218000 | S: 218000 | E: 218 | L: 1000 | R: 10.6511 | BS: 218654 | FPS: 13.5507 | T: 4:25:18
| [33mtrain[0m | F: 219000 | S: 219000 | E: 219 | L: 1000 | R: 14.5782 | BS: 219657 | FPS: 13.5964 | T: 4:26:31
| [33mtrain[0m | F: 220000 | S: 220000 | E: 220 | L: 1000 | R: 10.1057 | BS: 220660 | FPS: 13.5917 | T: 4:27:45
1
| [32meval[0m  | F: 220000 | S: 220000 | E: 220 | L: 1000 | R: 13.7549 | T: 4:27:45
| [33mtrain[0m | F: 221000 | S: 221000 | E: 221 | L: 1000 | R: 44.1352 | BS: 221663 | FPS: 12.4064 | T: 4:29:05
| [33mtrain[0m | F: 222000 | S: 222000 | E: 222 | L: 1000 | R: 13.4920 | BS: 222666 | FPS: 13.5927 | T: 4:30:19
| [33mtrain[0m | F: 223000 | S: 223000 | E: 223 | L: 1000 | R: 45.4734 | BS: 223669 | FPS: 13.5948 | T: 4:31:33
| [33mtrain[0m | F: 224000 | S: 224000 | E: 224 | L: 1000 | R: 45.4523 | BS: 224672 | FPS: 13.6155 | T: 4:32:46
| [33mtrain[0m | F: 225000 | S: 225000 | E: 225 | L: 1000 | R: 13.7799 | BS: 225675 | FPS: 13.6144 | T: 4:33:59
| [33mtrain[0m | F: 226000 | S: 226000 | E: 226 | L: 1000 | R: 45.1152 | BS: 226678 | FPS: 13.5838 | T: 4:35:13
| [33mtrain[0m | F: 227000 | S: 227000 | E: 227 | L: 1000 | R: 10.1120 | BS: 227681 | FPS: 13.5987 | T: 4:36:27
| [33mtrain[0m | F: 228000 | S: 228000 | E: 228 | L: 1000 | R: 45.8713 | BS: 228684 | FPS: 13.5986 | T: 4:37:40
| [33mtrain[0m | F: 229000 | S: 229000 | E: 229 | L: 1000 | R: 44.9170 | BS: 229687 | FPS: 13.5719 | T: 4:38:54
| [33mtrain[0m | F: 230000 | S: 230000 | E: 230 | L: 1000 | R: 10.9861 | BS: 230690 | FPS: 13.5991 | T: 4:40:07
1
| [32meval[0m  | F: 230000 | S: 230000 | E: 230 | L: 1000 | R: 63.6928 | T: 4:40:07
| [33mtrain[0m | F: 231000 | S: 231000 | E: 231 | L: 1000 | R: 10.0385 | BS: 231693 | FPS: 12.4033 | T: 4:41:28
| [33mtrain[0m | F: 232000 | S: 232000 | E: 232 | L: 1000 | R: 13.9296 | BS: 232696 | FPS: 13.5945 | T: 4:42:42
| [33mtrain[0m | F: 233000 | S: 233000 | E: 233 | L: 1000 | R: 36.5758 | BS: 233699 | FPS: 13.6112 | T: 4:43:55
| [33mtrain[0m | F: 234000 | S: 234000 | E: 234 | L: 1000 | R: 13.7213 | BS: 234702 | FPS: 13.6085 | T: 4:45:08
| [33mtrain[0m | F: 235000 | S: 235000 | E: 235 | L: 1000 | R: 39.2174 | BS: 235705 | FPS: 13.6063 | T: 4:46:22
| [33mtrain[0m | F: 236000 | S: 236000 | E: 236 | L: 1000 | R: 10.3900 | BS: 236708 | FPS: 13.6105 | T: 4:47:35
| [33mtrain[0m | F: 237000 | S: 237000 | E: 237 | L: 1000 | R: 14.9611 | BS: 237711 | FPS: 13.6117 | T: 4:48:49
| [33mtrain[0m | F: 238000 | S: 238000 | E: 238 | L: 1000 | R: 13.8296 | BS: 238714 | FPS: 13.5832 | T: 4:50:03
| [33mtrain[0m | F: 239000 | S: 239000 | E: 239 | L: 1000 | R: 14.4569 | BS: 239717 | FPS: 13.5551 | T: 4:51:16
| [33mtrain[0m | F: 240000 | S: 240000 | E: 240 | L: 1000 | R: 15.8168 | BS: 240720 | FPS: 13.6012 | T: 4:52:30
1
| [32meval[0m  | F: 240000 | S: 240000 | E: 240 | L: 1000 | R: 47.2380 | T: 4:52:30
| [33mtrain[0m | F: 241000 | S: 241000 | E: 241 | L: 1000 | R: 13.9774 | BS: 241723 | FPS: 12.3813 | T: 4:53:51
| [33mtrain[0m | F: 242000 | S: 242000 | E: 242 | L: 1000 | R: 37.3768 | BS: 242726 | FPS: 13.5959 | T: 4:55:04
| [33mtrain[0m | F: 243000 | S: 243000 | E: 243 | L: 1000 | R: 14.4445 | BS: 243729 | FPS: 13.5939 | T: 4:56:18
| [33mtrain[0m | F: 244000 | S: 244000 | E: 244 | L: 1000 | R: 11.0055 | BS: 244732 | FPS: 13.5829 | T: 4:57:31
| [33mtrain[0m | F: 245000 | S: 245000 | E: 245 | L: 1000 | R: 13.8752 | BS: 245735 | FPS: 13.5779 | T: 4:58:45
| [33mtrain[0m | F: 246000 | S: 246000 | E: 246 | L: 1000 | R: 58.8096 | BS: 246738 | FPS: 13.6004 | T: 4:59:59
| [33mtrain[0m | F: 247000 | S: 247000 | E: 247 | L: 1000 | R: 9.9644 | BS: 247741 | FPS: 13.5898 | T: 5:01:12
| [33mtrain[0m | F: 248000 | S: 248000 | E: 248 | L: 1000 | R: 13.9353 | BS: 248744 | FPS: 13.5796 | T: 5:02:26
| [33mtrain[0m | F: 249000 | S: 249000 | E: 249 | L: 1000 | R: 10.2030 | BS: 249747 | FPS: 13.5773 | T: 5:03:39
| [33mtrain[0m | F: 250000 | S: 250000 | E: 250 | L: 1000 | R: 65.7934 | BS: 250750 | FPS: 13.5879 | T: 5:04:53
1
| [32meval[0m  | F: 250000 | S: 250000 | E: 250 | L: 1000 | R: 42.7350 | T: 5:04:53
| [33mtrain[0m | F: 251000 | S: 251000 | E: 251 | L: 1000 | R: 13.5280 | BS: 251753 | FPS: 12.4067 | T: 5:06:14
| [33mtrain[0m | F: 252000 | S: 252000 | E: 252 | L: 1000 | R: 9.4580 | BS: 252756 | FPS: 13.5978 | T: 5:07:27
| [33mtrain[0m | F: 253000 | S: 253000 | E: 253 | L: 1000 | R: 48.6680 | BS: 253759 | FPS: 13.5949 | T: 5:08:41
| [33mtrain[0m | F: 254000 | S: 254000 | E: 254 | L: 1000 | R: 13.8103 | BS: 254762 | FPS: 13.5985 | T: 5:09:54
| [33mtrain[0m | F: 255000 | S: 255000 | E: 255 | L: 1000 | R: 13.9009 | BS: 255765 | FPS: 13.5990 | T: 5:11:08
| [33mtrain[0m | F: 256000 | S: 256000 | E: 256 | L: 1000 | R: 45.8844 | BS: 256768 | FPS: 13.5905 | T: 5:12:21
| [33mtrain[0m | F: 257000 | S: 257000 | E: 257 | L: 1000 | R: 46.0989 | BS: 257771 | FPS: 13.5982 | T: 5:13:35
| [33mtrain[0m | F: 258000 | S: 258000 | E: 258 | L: 1000 | R: 13.5326 | BS: 258774 | FPS: 13.5913 | T: 5:14:48
| [33mtrain[0m | F: 259000 | S: 259000 | E: 259 | L: 1000 | R: 10.0537 | BS: 259777 | FPS: 13.5590 | T: 5:16:02
| [33mtrain[0m | F: 260000 | S: 260000 | E: 260 | L: 1000 | R: 13.7889 | BS: 260780 | FPS: 13.5914 | T: 5:17:16
1
| [32meval[0m  | F: 260000 | S: 260000 | E: 260 | L: 1000 | R: 45.6010 | T: 5:17:16
| [33mtrain[0m | F: 261000 | S: 261000 | E: 261 | L: 1000 | R: 13.8393 | BS: 261783 | FPS: 12.3738 | T: 5:18:37
| [33mtrain[0m | F: 262000 | S: 262000 | E: 262 | L: 1000 | R: 62.3265 | BS: 262786 | FPS: 13.5991 | T: 5:19:50
| [33mtrain[0m | F: 263000 | S: 263000 | E: 263 | L: 1000 | R: 16.3038 | BS: 263789 | FPS: 13.5896 | T: 5:21:04
| [33mtrain[0m | F: 264000 | S: 264000 | E: 264 | L: 1000 | R: 44.5319 | BS: 264792 | FPS: 13.5840 | T: 5:22:17
| [33mtrain[0m | F: 265000 | S: 265000 | E: 265 | L: 1000 | R: 59.2754 | BS: 265795 | FPS: 13.5888 | T: 5:23:31
| [33mtrain[0m | F: 266000 | S: 266000 | E: 266 | L: 1000 | R: 47.1038 | BS: 266798 | FPS: 13.5890 | T: 5:24:45
| [33mtrain[0m | F: 267000 | S: 267000 | E: 267 | L: 1000 | R: 14.2319 | BS: 267801 | FPS: 13.5966 | T: 5:25:58
| [33mtrain[0m | F: 268000 | S: 268000 | E: 268 | L: 1000 | R: 13.9382 | BS: 268804 | FPS: 13.5832 | T: 5:27:12
| [33mtrain[0m | F: 269000 | S: 269000 | E: 269 | L: 1000 | R: 47.7476 | BS: 269807 | FPS: 13.5994 | T: 5:28:25
| [33mtrain[0m | F: 270000 | S: 270000 | E: 270 | L: 1000 | R: 47.1439 | BS: 270810 | FPS: 13.5586 | T: 5:29:39
1
| [32meval[0m  | F: 270000 | S: 270000 | E: 270 | L: 1000 | R: 45.0920 | T: 5:29:39
| [33mtrain[0m | F: 271000 | S: 271000 | E: 271 | L: 1000 | R: 45.1270 | BS: 271813 | FPS: 12.3876 | T: 5:31:00
| [33mtrain[0m | F: 272000 | S: 272000 | E: 272 | L: 1000 | R: 10.2902 | BS: 272816 | FPS: 13.5244 | T: 5:32:14
| [33mtrain[0m | F: 273000 | S: 273000 | E: 273 | L: 1000 | R: 65.2277 | BS: 273819 | FPS: 13.5784 | T: 5:33:27
| [33mtrain[0m | F: 274000 | S: 274000 | E: 274 | L: 1000 | R: 14.1601 | BS: 274822 | FPS: 13.5861 | T: 5:34:41
| [33mtrain[0m | F: 275000 | S: 275000 | E: 275 | L: 1000 | R: 13.8005 | BS: 275825 | FPS: 13.5862 | T: 5:35:54
| [33mtrain[0m | F: 276000 | S: 276000 | E: 276 | L: 1000 | R: 10.5854 | BS: 276828 | FPS: 13.5828 | T: 5:37:08
| [33mtrain[0m | F: 277000 | S: 277000 | E: 277 | L: 1000 | R: 14.1769 | BS: 277831 | FPS: 13.5841 | T: 5:38:22
| [33mtrain[0m | F: 278000 | S: 278000 | E: 278 | L: 1000 | R: 44.4750 | BS: 278834 | FPS: 13.5676 | T: 5:39:35
| [33mtrain[0m | F: 279000 | S: 279000 | E: 279 | L: 1000 | R: 14.1417 | BS: 279837 | FPS: 13.5810 | T: 5:40:49
| [33mtrain[0m | F: 280000 | S: 280000 | E: 280 | L: 1000 | R: 62.6132 | BS: 280840 | FPS: 13.5817 | T: 5:42:03
1
| [32meval[0m  | F: 280000 | S: 280000 | E: 280 | L: 1000 | R: 10.2077 | T: 5:42:03
| [33mtrain[0m | F: 281000 | S: 281000 | E: 281 | L: 1000 | R: 43.6131 | BS: 281843 | FPS: 12.3861 | T: 5:43:23
| [33mtrain[0m | F: 282000 | S: 282000 | E: 282 | L: 1000 | R: 42.5987 | BS: 282846 | FPS: 13.5878 | T: 5:44:37
| [33mtrain[0m | F: 283000 | S: 283000 | E: 283 | L: 1000 | R: 13.7052 | BS: 283849 | FPS: 13.5829 | T: 5:45:51
| [33mtrain[0m | F: 284000 | S: 284000 | E: 284 | L: 1000 | R: 14.7669 | BS: 284852 | FPS: 13.5945 | T: 5:47:04
| [33mtrain[0m | F: 285000 | S: 285000 | E: 285 | L: 1000 | R: 13.9803 | BS: 285855 | FPS: 13.5859 | T: 5:48:18
| [33mtrain[0m | F: 286000 | S: 286000 | E: 286 | L: 1000 | R: 14.4952 | BS: 286858 | FPS: 13.5842 | T: 5:49:31
| [33mtrain[0m | F: 287000 | S: 287000 | E: 287 | L: 1000 | R: 48.1545 | BS: 287861 | FPS: 13.5767 | T: 5:50:45
| [33mtrain[0m | F: 288000 | S: 288000 | E: 288 | L: 1000 | R: 36.8502 | BS: 288864 | FPS: 13.5831 | T: 5:51:59
| [33mtrain[0m | F: 289000 | S: 289000 | E: 289 | L: 1000 | R: 13.9561 | BS: 289867 | FPS: 13.5643 | T: 5:53:12
| [33mtrain[0m | F: 290000 | S: 290000 | E: 290 | L: 1000 | R: 10.0892 | BS: 290870 | FPS: 13.5369 | T: 5:54:26
1
| [32meval[0m  | F: 290000 | S: 290000 | E: 290 | L: 1000 | R: 48.2317 | T: 5:54:26
| [33mtrain[0m | F: 291000 | S: 291000 | E: 291 | L: 1000 | R: 13.8145 | BS: 291873 | FPS: 12.3870 | T: 5:55:47
| [33mtrain[0m | F: 292000 | S: 292000 | E: 292 | L: 1000 | R: 13.4442 | BS: 292876 | FPS: 13.5847 | T: 5:57:01
| [33mtrain[0m | F: 293000 | S: 293000 | E: 293 | L: 1000 | R: 9.9058 | BS: 293879 | FPS: 13.5756 | T: 5:58:14
| [33mtrain[0m | F: 294000 | S: 294000 | E: 294 | L: 1000 | R: 62.4940 | BS: 294882 | FPS: 13.5818 | T: 5:59:28
| [33mtrain[0m | F: 295000 | S: 295000 | E: 295 | L: 1000 | R: 13.6906 | BS: 295885 | FPS: 13.5703 | T: 6:00:42
| [33mtrain[0m | F: 296000 | S: 296000 | E: 296 | L: 1000 | R: 14.0397 | BS: 296888 | FPS: 13.5411 | T: 6:01:55
| [33mtrain[0m | F: 297000 | S: 297000 | E: 297 | L: 1000 | R: 63.9860 | BS: 297891 | FPS: 13.5625 | T: 6:03:09
| [33mtrain[0m | F: 298000 | S: 298000 | E: 298 | L: 1000 | R: 13.7392 | BS: 298894 | FPS: 13.5644 | T: 6:04:23
| [33mtrain[0m | F: 299000 | S: 299000 | E: 299 | L: 1000 | R: 13.7960 | BS: 299897 | FPS: 13.5511 | T: 6:05:37
| [33mtrain[0m | F: 300000 | S: 300000 | E: 300 | L: 1000 | R: 9.9711 | BS: 300900 | FPS: 13.5714 | T: 6:06:50
1
| [32meval[0m  | F: 300000 | S: 300000 | E: 300 | L: 1000 | R: 13.9920 | T: 6:06:50
| [33mtrain[0m | F: 301000 | S: 301000 | E: 301 | L: 1000 | R: 13.9494 | BS: 301903 | FPS: 12.3723 | T: 6:08:11
| [33mtrain[0m | F: 302000 | S: 302000 | E: 302 | L: 1000 | R: 45.0379 | BS: 302906 | FPS: 13.5774 | T: 6:09:25
| [33mtrain[0m | F: 303000 | S: 303000 | E: 303 | L: 1000 | R: 46.5606 | BS: 303909 | FPS: 13.5759 | T: 6:10:39
| [33mtrain[0m | F: 304000 | S: 304000 | E: 304 | L: 1000 | R: 14.0013 | BS: 304912 | FPS: 13.5745 | T: 6:11:52
| [33mtrain[0m | F: 305000 | S: 305000 | E: 305 | L: 1000 | R: 45.1017 | BS: 305915 | FPS: 13.5748 | T: 6:13:06
| [33mtrain[0m | F: 306000 | S: 306000 | E: 306 | L: 1000 | R: 46.5921 | BS: 306918 | FPS: 13.5649 | T: 6:14:20
| [33mtrain[0m | F: 307000 | S: 307000 | E: 307 | L: 1000 | R: 62.4547 | BS: 307921 | FPS: 13.5610 | T: 6:15:33
| [33mtrain[0m | F: 308000 | S: 308000 | E: 308 | L: 1000 | R: 14.1280 | BS: 308924 | FPS: 13.5541 | T: 6:16:47
| [33mtrain[0m | F: 309000 | S: 309000 | E: 309 | L: 1000 | R: 13.8422 | BS: 309927 | FPS: 13.5683 | T: 6:18:01
| [33mtrain[0m | F: 310000 | S: 310000 | E: 310 | L: 1000 | R: 48.9725 | BS: 310930 | FPS: 13.5702 | T: 6:19:15
1
| [32meval[0m  | F: 310000 | S: 310000 | E: 310 | L: 1000 | R: 43.4906 | T: 6:19:15
| [33mtrain[0m | F: 311000 | S: 311000 | E: 311 | L: 1000 | R: 42.0052 | BS: 311933 | FPS: 12.3537 | T: 6:20:35
| [33mtrain[0m | F: 312000 | S: 312000 | E: 312 | L: 1000 | R: 14.5957 | BS: 312936 | FPS: 13.5574 | T: 6:21:49
| [33mtrain[0m | F: 313000 | S: 313000 | E: 313 | L: 1000 | R: 66.1728 | BS: 313939 | FPS: 13.5667 | T: 6:23:03
| [33mtrain[0m | F: 314000 | S: 314000 | E: 314 | L: 1000 | R: 63.3785 | BS: 314942 | FPS: 13.5713 | T: 6:24:17
| [33mtrain[0m | F: 315000 | S: 315000 | E: 315 | L: 1000 | R: 13.7788 | BS: 315945 | FPS: 13.5564 | T: 6:25:30
| [33mtrain[0m | F: 316000 | S: 316000 | E: 316 | L: 1000 | R: 13.9313 | BS: 316948 | FPS: 13.5714 | T: 6:26:44
| [33mtrain[0m | F: 317000 | S: 317000 | E: 317 | L: 1000 | R: 14.1494 | BS: 317951 | FPS: 13.5676 | T: 6:27:58
| [33mtrain[0m | F: 318000 | S: 318000 | E: 318 | L: 1000 | R: 13.8618 | BS: 318954 | FPS: 13.5697 | T: 6:29:11
| [33mtrain[0m | F: 319000 | S: 319000 | E: 319 | L: 1000 | R: 9.5406 | BS: 319957 | FPS: 13.5617 | T: 6:30:25
| [33mtrain[0m | F: 320000 | S: 320000 | E: 320 | L: 1000 | R: 47.2271 | BS: 320960 | FPS: 13.5693 | T: 6:31:39
1
| [32meval[0m  | F: 320000 | S: 320000 | E: 320 | L: 1000 | R: 13.8964 | T: 6:31:39
| [33mtrain[0m | F: 321000 | S: 321000 | E: 321 | L: 1000 | R: 45.3285 | BS: 321963 | FPS: 12.3668 | T: 6:33:00
| [33mtrain[0m | F: 322000 | S: 322000 | E: 322 | L: 1000 | R: 10.1042 | BS: 322966 | FPS: 13.5737 | T: 6:34:13
| [33mtrain[0m | F: 323000 | S: 323000 | E: 323 | L: 1000 | R: 13.8796 | BS: 323969 | FPS: 13.5673 | T: 6:35:27
| [33mtrain[0m | F: 324000 | S: 324000 | E: 324 | L: 1000 | R: 45.8156 | BS: 324972 | FPS: 13.5718 | T: 6:36:41
| [33mtrain[0m | F: 325000 | S: 325000 | E: 325 | L: 1000 | R: 14.0266 | BS: 325975 | FPS: 13.5613 | T: 6:37:55
| [33mtrain[0m | F: 326000 | S: 326000 | E: 326 | L: 1000 | R: 47.8885 | BS: 326978 | FPS: 13.5436 | T: 6:39:08
| [33mtrain[0m | F: 327000 | S: 327000 | E: 327 | L: 1000 | R: 47.6513 | BS: 327981 | FPS: 13.5633 | T: 6:40:22
| [33mtrain[0m | F: 328000 | S: 328000 | E: 328 | L: 1000 | R: 10.7775 | BS: 328984 | FPS: 13.5689 | T: 6:41:36
| [33mtrain[0m | F: 329000 | S: 329000 | E: 329 | L: 1000 | R: 42.9672 | BS: 329987 | FPS: 13.5688 | T: 6:42:50
| [33mtrain[0m | F: 330000 | S: 330000 | E: 330 | L: 1000 | R: 63.2773 | BS: 330990 | FPS: 13.5702 | T: 6:44:03
1
| [32meval[0m  | F: 330000 | S: 330000 | E: 330 | L: 1000 | R: 62.8508 | T: 6:44:03
| [33mtrain[0m | F: 331000 | S: 331000 | E: 331 | L: 1000 | R: 49.1896 | BS: 331993 | FPS: 12.3376 | T: 6:45:24
| [33mtrain[0m | F: 332000 | S: 332000 | E: 332 | L: 1000 | R: 13.6932 | BS: 332996 | FPS: 13.5646 | T: 6:46:38
| [33mtrain[0m | F: 333000 | S: 333000 | E: 333 | L: 1000 | R: 14.1572 | BS: 333999 | FPS: 13.5535 | T: 6:47:52
| [33mtrain[0m | F: 334000 | S: 334000 | E: 334 | L: 1000 | R: 48.4667 | BS: 335002 | FPS: 13.5668 | T: 6:49:05
| [33mtrain[0m | F: 335000 | S: 335000 | E: 335 | L: 1000 | R: 14.5951 | BS: 336005 | FPS: 13.5705 | T: 6:50:19
| [33mtrain[0m | F: 336000 | S: 336000 | E: 336 | L: 1000 | R: 42.6840 | BS: 337008 | FPS: 13.5665 | T: 6:51:33
| [33mtrain[0m | F: 337000 | S: 337000 | E: 337 | L: 1000 | R: 13.7879 | BS: 338011 | FPS: 13.5607 | T: 6:52:47
| [33mtrain[0m | F: 338000 | S: 338000 | E: 338 | L: 1000 | R: 14.4712 | BS: 339014 | FPS: 13.5687 | T: 6:54:00
| [33mtrain[0m | F: 339000 | S: 339000 | E: 339 | L: 1000 | R: 36.8534 | BS: 340017 | FPS: 13.5644 | T: 6:55:14
| [33mtrain[0m | F: 340000 | S: 340000 | E: 340 | L: 1000 | R: 13.8182 | BS: 341020 | FPS: 13.5463 | T: 6:56:28
1
| [32meval[0m  | F: 340000 | S: 340000 | E: 340 | L: 1000 | R: 14.0120 | T: 6:56:28
| [33mtrain[0m | F: 341000 | S: 341000 | E: 341 | L: 1000 | R: 9.7230 | BS: 342023 | FPS: 12.3415 | T: 6:57:49
| [33mtrain[0m | F: 342000 | S: 342000 | E: 342 | L: 1000 | R: 44.5974 | BS: 343026 | FPS: 13.5272 | T: 6:59:03
| [33mtrain[0m | F: 343000 | S: 343000 | E: 343 | L: 1000 | R: 14.0327 | BS: 344029 | FPS: 13.5692 | T: 7:00:17
| [33mtrain[0m | F: 344000 | S: 344000 | E: 344 | L: 1000 | R: 14.7826 | BS: 345032 | FPS: 13.5721 | T: 7:01:30
| [33mtrain[0m | F: 345000 | S: 345000 | E: 345 | L: 1000 | R: 13.5346 | BS: 346035 | FPS: 13.5804 | T: 7:02:44
| [33mtrain[0m | F: 346000 | S: 346000 | E: 346 | L: 1000 | R: 14.4875 | BS: 347038 | FPS: 13.5758 | T: 7:03:57
| [33mtrain[0m | F: 347000 | S: 347000 | E: 347 | L: 1000 | R: 36.6232 | BS: 348041 | FPS: 13.5754 | T: 7:05:11
| [33mtrain[0m | F: 348000 | S: 348000 | E: 348 | L: 1000 | R: 14.1059 | BS: 349044 | FPS: 13.5817 | T: 7:06:25
| [33mtrain[0m | F: 349000 | S: 349000 | E: 349 | L: 1000 | R: 64.6698 | BS: 350047 | FPS: 13.5736 | T: 7:07:38
| [33mtrain[0m | F: 350000 | S: 350000 | E: 350 | L: 1000 | R: 10.7244 | BS: 351050 | FPS: 13.5705 | T: 7:08:52
1
| [32meval[0m  | F: 350000 | S: 350000 | E: 350 | L: 1000 | R: 48.5631 | T: 7:08:52
| [33mtrain[0m | F: 351000 | S: 351000 | E: 351 | L: 1000 | R: 14.3605 | BS: 352053 | FPS: 12.3622 | T: 7:10:13
| [33mtrain[0m | F: 352000 | S: 352000 | E: 352 | L: 1000 | R: 10.5306 | BS: 353056 | FPS: 13.5725 | T: 7:11:27
| [33mtrain[0m | F: 353000 | S: 353000 | E: 353 | L: 1000 | R: 44.4782 | BS: 354059 | FPS: 13.5754 | T: 7:12:40
| [33mtrain[0m | F: 354000 | S: 354000 | E: 354 | L: 1000 | R: 45.1965 | BS: 355062 | FPS: 13.5724 | T: 7:13:54
| [33mtrain[0m | F: 355000 | S: 355000 | E: 355 | L: 1000 | R: 13.8883 | BS: 356065 | FPS: 13.5660 | T: 7:15:08
| [33mtrain[0m | F: 356000 | S: 356000 | E: 356 | L: 1000 | R: 13.6401 | BS: 357068 | FPS: 13.5781 | T: 7:16:21
| [33mtrain[0m | F: 357000 | S: 357000 | E: 357 | L: 1000 | R: 14.6656 | BS: 358071 | FPS: 13.5741 | T: 7:17:35
| [33mtrain[0m | F: 358000 | S: 358000 | E: 358 | L: 1000 | R: 13.6481 | BS: 359074 | FPS: 13.5748 | T: 7:18:49
| [33mtrain[0m | F: 359000 | S: 359000 | E: 359 | L: 1000 | R: 37.7117 | BS: 360077 | FPS: 13.5487 | T: 7:20:03
| [33mtrain[0m | F: 360000 | S: 360000 | E: 360 | L: 1000 | R: 14.2404 | BS: 361080 | FPS: 13.5720 | T: 7:21:16
1
| [32meval[0m  | F: 360000 | S: 360000 | E: 360 | L: 1000 | R: 13.6211 | T: 7:21:16
| [33mtrain[0m | F: 361000 | S: 361000 | E: 361 | L: 1000 | R: 47.9876 | BS: 362083 | FPS: 12.3618 | T: 7:22:37
| [33mtrain[0m | F: 362000 | S: 362000 | E: 362 | L: 1000 | R: 13.9789 | BS: 363086 | FPS: 13.5790 | T: 7:23:51
| [33mtrain[0m | F: 363000 | S: 363000 | E: 363 | L: 1000 | R: 44.2516 | BS: 364089 | FPS: 13.5749 | T: 7:25:04
| [33mtrain[0m | F: 364000 | S: 364000 | E: 364 | L: 1000 | R: 10.9396 | BS: 365092 | FPS: 13.5680 | T: 7:26:18
| [33mtrain[0m | F: 365000 | S: 365000 | E: 365 | L: 1000 | R: 14.3673 | BS: 366095 | FPS: 13.5670 | T: 7:27:32
| [33mtrain[0m | F: 366000 | S: 366000 | E: 366 | L: 1000 | R: 14.1741 | BS: 367098 | FPS: 13.5497 | T: 7:28:46
| [33mtrain[0m | F: 367000 | S: 367000 | E: 367 | L: 1000 | R: 41.7699 | BS: 368101 | FPS: 13.5747 | T: 7:29:59
| [33mtrain[0m | F: 368000 | S: 368000 | E: 368 | L: 1000 | R: 13.6453 | BS: 369104 | FPS: 13.5753 | T: 7:31:13
| [33mtrain[0m | F: 369000 | S: 369000 | E: 369 | L: 1000 | R: 13.5874 | BS: 370107 | FPS: 13.5592 | T: 7:32:27
| [33mtrain[0m | F: 370000 | S: 370000 | E: 370 | L: 1000 | R: 14.1793 | BS: 371110 | FPS: 13.5827 | T: 7:33:40
1
| [32meval[0m  | F: 370000 | S: 370000 | E: 370 | L: 1000 | R: 16.4771 | T: 7:33:40
| [33mtrain[0m | F: 371000 | S: 371000 | E: 371 | L: 1000 | R: 63.0400 | BS: 372113 | FPS: 12.3719 | T: 7:35:01
| [33mtrain[0m | F: 372000 | S: 372000 | E: 372 | L: 1000 | R: 13.7758 | BS: 373116 | FPS: 13.5844 | T: 7:36:15
| [33mtrain[0m | F: 373000 | S: 373000 | E: 373 | L: 1000 | R: 14.5843 | BS: 374119 | FPS: 13.5832 | T: 7:37:28
| [33mtrain[0m | F: 374000 | S: 374000 | E: 374 | L: 1000 | R: 14.1422 | BS: 375122 | FPS: 13.5848 | T: 7:38:42
| [33mtrain[0m | F: 375000 | S: 375000 | E: 375 | L: 1000 | R: 62.8986 | BS: 376125 | FPS: 13.5825 | T: 7:39:56
| [33mtrain[0m | F: 376000 | S: 376000 | E: 376 | L: 1000 | R: 13.7986 | BS: 377128 | FPS: 13.5800 | T: 7:41:09
| [33mtrain[0m | F: 377000 | S: 377000 | E: 377 | L: 1000 | R: 13.5826 | BS: 378131 | FPS: 13.5852 | T: 7:42:23
| [33mtrain[0m | F: 378000 | S: 378000 | E: 378 | L: 1000 | R: 14.8544 | BS: 379134 | FPS: 13.5914 | T: 7:43:36
| [33mtrain[0m | F: 379000 | S: 379000 | E: 379 | L: 1000 | R: 13.9030 | BS: 380137 | FPS: 13.5445 | T: 7:44:50
| [33mtrain[0m | F: 380000 | S: 380000 | E: 380 | L: 1000 | R: 11.1672 | BS: 381140 | FPS: 13.5721 | T: 7:46:04
1
| [32meval[0m  | F: 380000 | S: 380000 | E: 380 | L: 1000 | R: 58.0689 | T: 7:46:04
| [33mtrain[0m | F: 381000 | S: 381000 | E: 381 | L: 1000 | R: 13.7446 | BS: 382143 | FPS: 12.3719 | T: 7:47:25
| [33mtrain[0m | F: 382000 | S: 382000 | E: 382 | L: 1000 | R: 13.7202 | BS: 383146 | FPS: 13.5809 | T: 7:48:38
| [33mtrain[0m | F: 383000 | S: 383000 | E: 383 | L: 1000 | R: 14.5079 | BS: 384149 | FPS: 13.5804 | T: 7:49:52
| [33mtrain[0m | F: 384000 | S: 384000 | E: 384 | L: 1000 | R: 37.5954 | BS: 385152 | FPS: 13.5789 | T: 7:51:06
| [33mtrain[0m | F: 385000 | S: 385000 | E: 385 | L: 1000 | R: 62.7237 | BS: 386155 | FPS: 13.5735 | T: 7:52:19
| [33mtrain[0m | F: 386000 | S: 386000 | E: 386 | L: 1000 | R: 10.9294 | BS: 387158 | FPS: 13.5783 | T: 7:53:33
| [33mtrain[0m | F: 387000 | S: 387000 | E: 387 | L: 1000 | R: 37.7657 | BS: 388161 | FPS: 13.5837 | T: 7:54:47
| [33mtrain[0m | F: 388000 | S: 388000 | E: 388 | L: 1000 | R: 14.9337 | BS: 389164 | FPS: 13.5759 | T: 7:56:00
| [33mtrain[0m | F: 389000 | S: 389000 | E: 389 | L: 1000 | R: 47.6467 | BS: 390167 | FPS: 13.5675 | T: 7:57:14
| [33mtrain[0m | F: 390000 | S: 390000 | E: 390 | L: 1000 | R: 14.3384 | BS: 391170 | FPS: 13.5809 | T: 7:58:28
1
| [32meval[0m  | F: 390000 | S: 390000 | E: 390 | L: 1000 | R: 13.9811 | T: 7:58:28
| [33mtrain[0m | F: 391000 | S: 391000 | E: 391 | L: 1000 | R: 10.1839 | BS: 392173 | FPS: 12.3568 | T: 7:59:49
| [33mtrain[0m | F: 392000 | S: 392000 | E: 392 | L: 1000 | R: 14.0460 | BS: 393176 | FPS: 13.5655 | T: 8:01:02
| [33mtrain[0m | F: 393000 | S: 393000 | E: 393 | L: 1000 | R: 10.3368 | BS: 394179 | FPS: 13.5747 | T: 8:02:16
| [33mtrain[0m | F: 394000 | S: 394000 | E: 394 | L: 1000 | R: 10.7337 | BS: 395182 | FPS: 13.5695 | T: 8:03:30
| [33mtrain[0m | F: 395000 | S: 395000 | E: 395 | L: 1000 | R: 13.7932 | BS: 396185 | FPS: 13.5794 | T: 8:04:43
| [33mtrain[0m | F: 396000 | S: 396000 | E: 396 | L: 1000 | R: 44.3765 | BS: 397188 | FPS: 13.5572 | T: 8:05:57
| [33mtrain[0m | F: 397000 | S: 397000 | E: 397 | L: 1000 | R: 10.6603 | BS: 398191 | FPS: 13.5718 | T: 8:07:11
| [33mtrain[0m | F: 398000 | S: 398000 | E: 398 | L: 1000 | R: 13.8351 | BS: 399194 | FPS: 13.5780 | T: 8:08:24
| [33mtrain[0m | F: 399000 | S: 399000 | E: 399 | L: 1000 | R: 13.6105 | BS: 400197 | FPS: 13.5743 | T: 8:09:38
| [33mtrain[0m | F: 400000 | S: 400000 | E: 400 | L: 1000 | R: 44.7825 | BS: 401200 | FPS: 13.5578 | T: 8:10:52
1
| [32meval[0m  | F: 400000 | S: 400000 | E: 400 | L: 1000 | R: 10.5897 | T: 8:10:52
| [33mtrain[0m | F: 401000 | S: 401000 | E: 401 | L: 1000 | R: 10.0543 | BS: 402203 | FPS: 12.3410 | T: 8:12:13
| [33mtrain[0m | F: 402000 | S: 402000 | E: 402 | L: 1000 | R: 43.9760 | BS: 403206 | FPS: 13.5667 | T: 8:13:27
| [33mtrain[0m | F: 403000 | S: 403000 | E: 403 | L: 1000 | R: 46.8481 | BS: 404209 | FPS: 13.5727 | T: 8:14:40
| [33mtrain[0m | F: 404000 | S: 404000 | E: 404 | L: 1000 | R: 43.6770 | BS: 405212 | FPS: 13.5715 | T: 8:15:54
| [33mtrain[0m | F: 405000 | S: 405000 | E: 405 | L: 1000 | R: 14.8595 | BS: 406215 | FPS: 13.5651 | T: 8:17:08
| [33mtrain[0m | F: 406000 | S: 406000 | E: 406 | L: 1000 | R: 14.3023 | BS: 407218 | FPS: 13.5923 | T: 8:18:21
| [33mtrain[0m | F: 407000 | S: 407000 | E: 407 | L: 1000 | R: 62.1562 | BS: 408221 | FPS: 13.5855 | T: 8:19:35
| [33mtrain[0m | F: 408000 | S: 408000 | E: 408 | L: 1000 | R: 61.1521 | BS: 409224 | FPS: 13.5803 | T: 8:20:48
| [33mtrain[0m | F: 409000 | S: 409000 | E: 409 | L: 1000 | R: 14.3467 | BS: 410227 | FPS: 13.5888 | T: 8:22:02
| [33mtrain[0m | F: 410000 | S: 410000 | E: 410 | L: 1000 | R: 14.1126 | BS: 411230 | FPS: 13.5769 | T: 8:23:16
1
| [32meval[0m  | F: 410000 | S: 410000 | E: 410 | L: 1000 | R: 45.8118 | T: 8:23:16
| [33mtrain[0m | F: 411000 | S: 411000 | E: 411 | L: 1000 | R: 44.7689 | BS: 412233 | FPS: 12.3475 | T: 8:24:37
| [33mtrain[0m | F: 412000 | S: 412000 | E: 412 | L: 1000 | R: 10.8972 | BS: 413236 | FPS: 13.5817 | T: 8:25:50
| [33mtrain[0m | F: 413000 | S: 413000 | E: 413 | L: 1000 | R: 64.2125 | BS: 414239 | FPS: 13.5800 | T: 8:27:04
| [33mtrain[0m | F: 414000 | S: 414000 | E: 414 | L: 1000 | R: 16.2249 | BS: 415242 | FPS: 13.5862 | T: 8:28:18
| [33mtrain[0m | F: 415000 | S: 415000 | E: 415 | L: 1000 | R: 14.1917 | BS: 416245 | FPS: 13.5776 | T: 8:29:31
| [33mtrain[0m | F: 416000 | S: 416000 | E: 416 | L: 1000 | R: 58.5999 | BS: 417248 | FPS: 13.5895 | T: 8:30:45
| [33mtrain[0m | F: 417000 | S: 417000 | E: 417 | L: 1000 | R: 46.9577 | BS: 418251 | FPS: 13.5828 | T: 8:31:58
| [33mtrain[0m | F: 418000 | S: 418000 | E: 418 | L: 1000 | R: 44.2087 | BS: 419254 | FPS: 13.5782 | T: 8:33:12
| [33mtrain[0m | F: 419000 | S: 419000 | E: 419 | L: 1000 | R: 14.2888 | BS: 420257 | FPS: 13.5679 | T: 8:34:26
| [33mtrain[0m | F: 420000 | S: 420000 | E: 420 | L: 1000 | R: 9.8307 | BS: 421260 | FPS: 13.5864 | T: 8:35:39
1
| [32meval[0m  | F: 420000 | S: 420000 | E: 420 | L: 1000 | R: 36.4170 | T: 8:35:39
| [33mtrain[0m | F: 421000 | S: 421000 | E: 421 | L: 1000 | R: 14.0515 | BS: 422263 | FPS: 12.3785 | T: 8:37:00
| [33mtrain[0m | F: 422000 | S: 422000 | E: 422 | L: 1000 | R: 46.7938 | BS: 423266 | FPS: 13.5768 | T: 8:38:14
| [33mtrain[0m | F: 423000 | S: 423000 | E: 423 | L: 1000 | R: 36.7971 | BS: 424269 | FPS: 13.5787 | T: 8:39:27
| [33mtrain[0m | F: 424000 | S: 424000 | E: 424 | L: 1000 | R: 46.3131 | BS: 425272 | FPS: 13.5803 | T: 8:40:41
| [33mtrain[0m | F: 425000 | S: 425000 | E: 425 | L: 1000 | R: 16.0753 | BS: 426275 | FPS: 13.5823 | T: 8:41:55
| [33mtrain[0m | F: 426000 | S: 426000 | E: 426 | L: 1000 | R: 14.0027 | BS: 427278 | FPS: 13.5480 | T: 8:43:09
| [33mtrain[0m | F: 427000 | S: 427000 | E: 427 | L: 1000 | R: 13.9562 | BS: 428281 | FPS: 13.5512 | T: 8:44:22
| [33mtrain[0m | F: 428000 | S: 428000 | E: 428 | L: 1000 | R: 13.6812 | BS: 429284 | FPS: 13.5801 | T: 8:45:36
| [33mtrain[0m | F: 429000 | S: 429000 | E: 429 | L: 1000 | R: 13.7191 | BS: 430287 | FPS: 13.5643 | T: 8:46:50
| [33mtrain[0m | F: 430000 | S: 430000 | E: 430 | L: 1000 | R: 10.0651 | BS: 431290 | FPS: 13.5810 | T: 8:48:03
1
| [32meval[0m  | F: 430000 | S: 430000 | E: 430 | L: 1000 | R: 10.4852 | T: 8:48:03
| [33mtrain[0m | F: 431000 | S: 431000 | E: 431 | L: 1000 | R: 48.2254 | BS: 432293 | FPS: 12.3602 | T: 8:49:24
| [33mtrain[0m | F: 432000 | S: 432000 | E: 432 | L: 1000 | R: 63.2423 | BS: 433296 | FPS: 13.5837 | T: 8:50:38
| [33mtrain[0m | F: 433000 | S: 433000 | E: 433 | L: 1000 | R: 51.1287 | BS: 434299 | FPS: 13.5740 | T: 8:51:52
| [33mtrain[0m | F: 434000 | S: 434000 | E: 434 | L: 1000 | R: 45.2634 | BS: 435302 | FPS: 13.5747 | T: 8:53:05
| [33mtrain[0m | F: 435000 | S: 435000 | E: 435 | L: 1000 | R: 45.0476 | BS: 436305 | FPS: 13.5700 | T: 8:54:19
| [33mtrain[0m | F: 436000 | S: 436000 | E: 436 | L: 1000 | R: 63.4869 | BS: 437308 | FPS: 13.5697 | T: 8:55:33
| [33mtrain[0m | F: 437000 | S: 437000 | E: 437 | L: 1000 | R: 65.3845 | BS: 438311 | FPS: 13.5708 | T: 8:56:46
| [33mtrain[0m | F: 438000 | S: 438000 | E: 438 | L: 1000 | R: 13.5250 | BS: 439314 | FPS: 13.5595 | T: 8:58:00
| [33mtrain[0m | F: 439000 | S: 439000 | E: 439 | L: 1000 | R: 14.3314 | BS: 440317 | FPS: 13.5699 | T: 8:59:14
| [33mtrain[0m | F: 440000 | S: 440000 | E: 440 | L: 1000 | R: 47.4193 | BS: 441320 | FPS: 13.5740 | T: 9:00:27
1
| [32meval[0m  | F: 440000 | S: 440000 | E: 440 | L: 1000 | R: 43.7604 | T: 9:00:27
| [33mtrain[0m | F: 441000 | S: 441000 | E: 441 | L: 1000 | R: 48.9508 | BS: 442323 | FPS: 12.3537 | T: 9:01:48
| [33mtrain[0m | F: 442000 | S: 442000 | E: 442 | L: 1000 | R: 14.7010 | BS: 443326 | FPS: 13.5836 | T: 9:03:02
| [33mtrain[0m | F: 443000 | S: 443000 | E: 443 | L: 1000 | R: 43.7182 | BS: 444329 | FPS: 13.5671 | T: 9:04:16
| [33mtrain[0m | F: 444000 | S: 444000 | E: 444 | L: 1000 | R: 14.0164 | BS: 445332 | FPS: 13.5797 | T: 9:05:29
| [33mtrain[0m | F: 445000 | S: 445000 | E: 445 | L: 1000 | R: 16.3767 | BS: 446335 | FPS: 13.5776 | T: 9:06:43
| [33mtrain[0m | F: 446000 | S: 446000 | E: 446 | L: 1000 | R: 61.8129 | BS: 447338 | FPS: 13.5765 | T: 9:07:57
| [33mtrain[0m | F: 447000 | S: 447000 | E: 447 | L: 1000 | R: 10.6133 | BS: 448341 | FPS: 13.5734 | T: 9:09:10
| [33mtrain[0m | F: 448000 | S: 448000 | E: 448 | L: 1000 | R: 44.9932 | BS: 449344 | FPS: 13.5777 | T: 9:10:24
| [33mtrain[0m | F: 449000 | S: 449000 | E: 449 | L: 1000 | R: 45.3956 | BS: 450347 | FPS: 13.5751 | T: 9:11:38
| [33mtrain[0m | F: 450000 | S: 450000 | E: 450 | L: 1000 | R: 11.0203 | BS: 451350 | FPS: 13.5770 | T: 9:12:51
1
| [32meval[0m  | F: 450000 | S: 450000 | E: 450 | L: 1000 | R: 14.0235 | T: 9:12:51
| [33mtrain[0m | F: 451000 | S: 451000 | E: 451 | L: 1000 | R: 14.0862 | BS: 452353 | FPS: 12.3460 | T: 9:14:12
| [33mtrain[0m | F: 452000 | S: 452000 | E: 452 | L: 1000 | R: 45.5056 | BS: 453356 | FPS: 13.5399 | T: 9:15:26
| [33mtrain[0m | F: 453000 | S: 453000 | E: 453 | L: 1000 | R: 49.6947 | BS: 454359 | FPS: 13.5524 | T: 9:16:40
| [33mtrain[0m | F: 454000 | S: 454000 | E: 454 | L: 1000 | R: 59.1481 | BS: 455362 | FPS: 13.5549 | T: 9:17:54
| [33mtrain[0m | F: 455000 | S: 455000 | E: 455 | L: 1000 | R: 47.2433 | BS: 456365 | FPS: 13.5580 | T: 9:19:07
| [33mtrain[0m | F: 456000 | S: 456000 | E: 456 | L: 1000 | R: 10.1196 | BS: 457368 | FPS: 13.5546 | T: 9:20:21
| [33mtrain[0m | F: 457000 | S: 457000 | E: 457 | L: 1000 | R: 10.2884 | BS: 458371 | FPS: 13.5618 | T: 9:21:35
| [33mtrain[0m | F: 458000 | S: 458000 | E: 458 | L: 1000 | R: 44.4774 | BS: 459374 | FPS: 13.5534 | T: 9:22:49
| [33mtrain[0m | F: 459000 | S: 459000 | E: 459 | L: 1000 | R: 14.0446 | BS: 460377 | FPS: 13.5567 | T: 9:24:02
| [33mtrain[0m | F: 460000 | S: 460000 | E: 460 | L: 1000 | R: 15.2266 | BS: 461380 | FPS: 13.5557 | T: 9:25:16
1
| [32meval[0m  | F: 460000 | S: 460000 | E: 460 | L: 1000 | R: 13.5576 | T: 9:25:16
| [33mtrain[0m | F: 461000 | S: 461000 | E: 461 | L: 1000 | R: 45.7813 | BS: 462383 | FPS: 12.3439 | T: 9:26:37
| [33mtrain[0m | F: 462000 | S: 462000 | E: 462 | L: 1000 | R: 9.7176 | BS: 463386 | FPS: 13.5569 | T: 9:27:51
| [33mtrain[0m | F: 463000 | S: 463000 | E: 463 | L: 1000 | R: 48.4324 | BS: 464389 | FPS: 13.5496 | T: 9:29:05
| [33mtrain[0m | F: 464000 | S: 464000 | E: 464 | L: 1000 | R: 48.5837 | BS: 465392 | FPS: 13.5485 | T: 9:30:19
| [33mtrain[0m | F: 465000 | S: 465000 | E: 465 | L: 1000 | R: 9.7441 | BS: 466395 | FPS: 13.5605 | T: 9:31:32
| [33mtrain[0m | F: 466000 | S: 466000 | E: 466 | L: 1000 | R: 17.1525 | BS: 467398 | FPS: 13.5551 | T: 9:32:46
| [33mtrain[0m | F: 467000 | S: 467000 | E: 467 | L: 1000 | R: 13.9866 | BS: 468401 | FPS: 13.5602 | T: 9:34:00
| [33mtrain[0m | F: 468000 | S: 468000 | E: 468 | L: 1000 | R: 14.0949 | BS: 469404 | FPS: 13.5493 | T: 9:35:14
| [33mtrain[0m | F: 469000 | S: 469000 | E: 469 | L: 1000 | R: 13.8635 | BS: 470407 | FPS: 13.5609 | T: 9:36:27
| [33mtrain[0m | F: 470000 | S: 470000 | E: 470 | L: 1000 | R: 45.1999 | BS: 471410 | FPS: 13.5614 | T: 9:37:41
1
| [32meval[0m  | F: 470000 | S: 470000 | E: 470 | L: 1000 | R: 47.8177 | T: 9:37:41
| [33mtrain[0m | F: 471000 | S: 471000 | E: 471 | L: 1000 | R: 11.8189 | BS: 472413 | FPS: 12.3533 | T: 9:39:02
| [33mtrain[0m | F: 472000 | S: 472000 | E: 472 | L: 1000 | R: 43.2110 | BS: 473416 | FPS: 13.5703 | T: 9:40:16
| [33mtrain[0m | F: 473000 | S: 473000 | E: 473 | L: 1000 | R: 9.9443 | BS: 474419 | FPS: 13.5096 | T: 9:41:30
| [33mtrain[0m | F: 474000 | S: 474000 | E: 474 | L: 1000 | R: 44.8041 | BS: 475422 | FPS: 13.5747 | T: 9:42:43
| [33mtrain[0m | F: 475000 | S: 475000 | E: 475 | L: 1000 | R: 58.2717 | BS: 476425 | FPS: 13.5586 | T: 9:43:57
| [33mtrain[0m | F: 476000 | S: 476000 | E: 476 | L: 1000 | R: 15.0221 | BS: 477428 | FPS: 13.5711 | T: 9:45:11
| [33mtrain[0m | F: 477000 | S: 477000 | E: 477 | L: 1000 | R: 9.8320 | BS: 478431 | FPS: 13.5510 | T: 9:46:25
| [33mtrain[0m | F: 478000 | S: 478000 | E: 478 | L: 1000 | R: 14.4282 | BS: 479434 | FPS: 13.5747 | T: 9:47:38
| [33mtrain[0m | F: 479000 | S: 479000 | E: 479 | L: 1000 | R: 10.0508 | BS: 480437 | FPS: 13.5702 | T: 9:48:52
| [33mtrain[0m | F: 480000 | S: 480000 | E: 480 | L: 1000 | R: 63.1021 | BS: 481440 | FPS: 13.5551 | T: 9:50:06
1
| [32meval[0m  | F: 480000 | S: 480000 | E: 480 | L: 1000 | R: 13.9105 | T: 9:50:06
| [33mtrain[0m | F: 481000 | S: 481000 | E: 481 | L: 1000 | R: 13.9095 | BS: 482443 | FPS: 12.3485 | T: 9:51:27
| [33mtrain[0m | F: 482000 | S: 482000 | E: 482 | L: 1000 | R: 14.1637 | BS: 483446 | FPS: 13.5730 | T: 9:52:41
| [33mtrain[0m | F: 483000 | S: 483000 | E: 483 | L: 1000 | R: 13.9863 | BS: 484449 | FPS: 13.5656 | T: 9:53:54
| [33mtrain[0m | F: 484000 | S: 484000 | E: 484 | L: 1000 | R: 14.6152 | BS: 485452 | FPS: 13.5699 | T: 9:55:08
| [33mtrain[0m | F: 485000 | S: 485000 | E: 485 | L: 1000 | R: 42.5828 | BS: 486455 | FPS: 13.5699 | T: 9:56:22
| [33mtrain[0m | F: 486000 | S: 486000 | E: 486 | L: 1000 | R: 45.3567 | BS: 487458 | FPS: 13.5704 | T: 9:57:35
| [33mtrain[0m | F: 487000 | S: 487000 | E: 487 | L: 1000 | R: 45.5730 | BS: 488461 | FPS: 13.5660 | T: 9:58:49
| [33mtrain[0m | F: 488000 | S: 488000 | E: 488 | L: 1000 | R: 13.9962 | BS: 489464 | FPS: 13.5686 | T: 10:00:03
| [33mtrain[0m | F: 489000 | S: 489000 | E: 489 | L: 1000 | R: 13.9882 | BS: 490467 | FPS: 13.5643 | T: 10:01:16
| [33mtrain[0m | F: 490000 | S: 490000 | E: 490 | L: 1000 | R: 46.9566 | BS: 491470 | FPS: 13.5649 | T: 10:02:30
1
| [32meval[0m  | F: 490000 | S: 490000 | E: 490 | L: 1000 | R: 45.7204 | T: 10:02:30
| [33mtrain[0m | F: 491000 | S: 491000 | E: 491 | L: 1000 | R: 13.5569 | BS: 492473 | FPS: 12.2979 | T: 10:03:51
| [33mtrain[0m | F: 492000 | S: 492000 | E: 492 | L: 1000 | R: 13.8995 | BS: 493476 | FPS: 13.5660 | T: 10:05:05
| [33mtrain[0m | F: 493000 | S: 493000 | E: 493 | L: 1000 | R: 14.4900 | BS: 494479 | FPS: 13.5575 | T: 10:06:19
| [33mtrain[0m | F: 494000 | S: 494000 | E: 494 | L: 1000 | R: 13.7640 | BS: 495482 | FPS: 13.5747 | T: 10:07:33
| [33mtrain[0m | F: 495000 | S: 495000 | E: 495 | L: 1000 | R: 45.1420 | BS: 496485 | FPS: 13.5647 | T: 10:08:46
| [33mtrain[0m | F: 496000 | S: 496000 | E: 496 | L: 1000 | R: 14.3555 | BS: 497488 | FPS: 13.5470 | T: 10:10:00
| [33mtrain[0m | F: 497000 | S: 497000 | E: 497 | L: 1000 | R: 14.2334 | BS: 498491 | FPS: 13.5505 | T: 10:11:14
| [33mtrain[0m | F: 498000 | S: 498000 | E: 498 | L: 1000 | R: 48.1318 | BS: 499494 | FPS: 13.5553 | T: 10:12:28
| [33mtrain[0m | F: 499000 | S: 499000 | E: 499 | L: 1000 | R: 14.0282 | BS: 500497 | FPS: 13.5467 | T: 10:13:42
| [33mtrain[0m | F: 500000 | S: 500000 | E: 500 | L: 1000 | R: 47.6058 | BS: 501500 | FPS: 13.5509 | T: 10:14:55
1
| [32meval[0m  | F: 500000 | S: 500000 | E: 500 | L: 1000 | R: 46.5109 | T: 10:14:55
| [33mtrain[0m | F: 501000 | S: 501000 | E: 501 | L: 1000 | R: 10.5719 | BS: 502503 | FPS: 12.3258 | T: 10:16:16
| [33mtrain[0m | F: 502000 | S: 502000 | E: 502 | L: 1000 | R: 9.6578 | BS: 503506 | FPS: 13.5513 | T: 10:17:30
| [33mtrain[0m | F: 503000 | S: 503000 | E: 503 | L: 1000 | R: 14.6932 | BS: 504509 | FPS: 13.5614 | T: 10:18:44
| [33mtrain[0m | F: 504000 | S: 504000 | E: 504 | L: 1000 | R: 13.9132 | BS: 505512 | FPS: 13.5460 | T: 10:19:58
| [33mtrain[0m | F: 505000 | S: 505000 | E: 505 | L: 1000 | R: 13.9450 | BS: 506515 | FPS: 13.5595 | T: 10:21:12
| [33mtrain[0m | F: 506000 | S: 506000 | E: 506 | L: 1000 | R: 43.6384 | BS: 507518 | FPS: 13.5573 | T: 10:22:25
| [33mtrain[0m | F: 507000 | S: 507000 | E: 507 | L: 1000 | R: 46.8543 | BS: 508521 | FPS: 13.5619 | T: 10:23:39
| [33mtrain[0m | F: 508000 | S: 508000 | E: 508 | L: 1000 | R: 44.4088 | BS: 509524 | FPS: 13.5391 | T: 10:24:53
| [33mtrain[0m | F: 509000 | S: 509000 | E: 509 | L: 1000 | R: 59.8091 | BS: 510527 | FPS: 13.5721 | T: 10:26:07
| [33mtrain[0m | F: 510000 | S: 510000 | E: 510 | L: 1000 | R: 58.1677 | BS: 511530 | FPS: 13.5613 | T: 10:27:20
1
| [32meval[0m  | F: 510000 | S: 510000 | E: 510 | L: 1000 | R: 15.9414 | T: 10:27:20
| [33mtrain[0m | F: 511000 | S: 511000 | E: 511 | L: 1000 | R: 66.9511 | BS: 512533 | FPS: 12.3258 | T: 10:28:41
| [33mtrain[0m | F: 512000 | S: 512000 | E: 512 | L: 1000 | R: 45.4145 | BS: 513536 | FPS: 13.5653 | T: 10:29:55
| [33mtrain[0m | F: 513000 | S: 513000 | E: 513 | L: 1000 | R: 14.1409 | BS: 514539 | FPS: 13.5586 | T: 10:31:09
| [33mtrain[0m | F: 514000 | S: 514000 | E: 514 | L: 1000 | R: 13.8951 | BS: 515542 | FPS: 13.5680 | T: 10:32:23
| [33mtrain[0m | F: 515000 | S: 515000 | E: 515 | L: 1000 | R: 45.7718 | BS: 516545 | FPS: 13.5691 | T: 10:33:36
| [33mtrain[0m | F: 516000 | S: 516000 | E: 516 | L: 1000 | R: 13.6274 | BS: 517548 | FPS: 13.5815 | T: 10:34:50
| [33mtrain[0m | F: 517000 | S: 517000 | E: 517 | L: 1000 | R: 14.0650 | BS: 518551 | FPS: 13.5708 | T: 10:36:04
| [33mtrain[0m | F: 518000 | S: 518000 | E: 518 | L: 1000 | R: 13.8564 | BS: 519554 | FPS: 13.5705 | T: 10:37:17
| [33mtrain[0m | F: 519000 | S: 519000 | E: 519 | L: 1000 | R: 13.9898 | BS: 520557 | FPS: 13.5700 | T: 10:38:31
| [33mtrain[0m | F: 520000 | S: 520000 | E: 520 | L: 1000 | R: 44.8208 | BS: 521560 | FPS: 13.5643 | T: 10:39:45
1
| [32meval[0m  | F: 520000 | S: 520000 | E: 520 | L: 1000 | R: 11.2772 | T: 10:39:45
| [33mtrain[0m | F: 521000 | S: 521000 | E: 521 | L: 1000 | R: 13.8045 | BS: 522563 | FPS: 12.3414 | T: 10:41:06
| [33mtrain[0m | F: 522000 | S: 522000 | E: 522 | L: 1000 | R: 14.0516 | BS: 523566 | FPS: 13.5807 | T: 10:42:19
| [33mtrain[0m | F: 523000 | S: 523000 | E: 523 | L: 1000 | R: 14.2171 | BS: 524569 | FPS: 13.5642 | T: 10:43:33
| [33mtrain[0m | F: 524000 | S: 524000 | E: 524 | L: 1000 | R: 45.5278 | BS: 525572 | FPS: 13.5763 | T: 10:44:47
| [33mtrain[0m | F: 525000 | S: 525000 | E: 525 | L: 1000 | R: 9.8566 | BS: 526575 | FPS: 13.5712 | T: 10:46:01
| [33mtrain[0m | F: 526000 | S: 526000 | E: 526 | L: 1000 | R: 14.0095 | BS: 527578 | FPS: 13.5803 | T: 10:47:14
| [33mtrain[0m | F: 527000 | S: 527000 | E: 527 | L: 1000 | R: 47.6567 | BS: 528581 | FPS: 13.5711 | T: 10:48:28
| [33mtrain[0m | F: 528000 | S: 528000 | E: 528 | L: 1000 | R: 14.0892 | BS: 529584 | FPS: 13.5728 | T: 10:49:41
| [33mtrain[0m | F: 529000 | S: 529000 | E: 529 | L: 1000 | R: 14.1272 | BS: 530587 | FPS: 13.5711 | T: 10:50:55
| [33mtrain[0m | F: 530000 | S: 530000 | E: 530 | L: 1000 | R: 13.5229 | BS: 531590 | FPS: 13.5748 | T: 10:52:09
1
| [32meval[0m  | F: 530000 | S: 530000 | E: 530 | L: 1000 | R: 44.5476 | T: 10:52:09
| [33mtrain[0m | F: 531000 | S: 531000 | E: 531 | L: 1000 | R: 13.8634 | BS: 532593 | FPS: 12.3248 | T: 10:53:30
| [33mtrain[0m | F: 532000 | S: 532000 | E: 532 | L: 1000 | R: 44.6560 | BS: 533596 | FPS: 13.5797 | T: 10:54:44
| [33mtrain[0m | F: 533000 | S: 533000 | E: 533 | L: 1000 | R: 10.8201 | BS: 534599 | FPS: 13.5665 | T: 10:55:57
| [33mtrain[0m | F: 534000 | S: 534000 | E: 534 | L: 1000 | R: 10.0941 | BS: 535602 | FPS: 13.5868 | T: 10:57:11
| [33mtrain[0m | F: 535000 | S: 535000 | E: 535 | L: 1000 | R: 47.4941 | BS: 536605 | FPS: 13.5838 | T: 10:58:25
| [33mtrain[0m | F: 536000 | S: 536000 | E: 536 | L: 1000 | R: 13.9295 | BS: 537608 | FPS: 13.5829 | T: 10:59:38
| [33mtrain[0m | F: 537000 | S: 537000 | E: 537 | L: 1000 | R: 13.8087 | BS: 538611 | FPS: 13.5914 | T: 11:00:52
| [33mtrain[0m | F: 538000 | S: 538000 | E: 538 | L: 1000 | R: 15.2815 | BS: 539614 | FPS: 13.5857 | T: 11:02:05
| [33mtrain[0m | F: 539000 | S: 539000 | E: 539 | L: 1000 | R: 15.3294 | BS: 540617 | FPS: 13.5814 | T: 11:03:19
| [33mtrain[0m | F: 540000 | S: 540000 | E: 540 | L: 1000 | R: 14.1630 | BS: 541620 | FPS: 13.5813 | T: 11:04:33
1
| [32meval[0m  | F: 540000 | S: 540000 | E: 540 | L: 1000 | R: 62.9411 | T: 11:04:33
| [33mtrain[0m | F: 541000 | S: 541000 | E: 541 | L: 1000 | R: 42.8989 | BS: 542623 | FPS: 12.3525 | T: 11:05:54
| [33mtrain[0m | F: 542000 | S: 542000 | E: 542 | L: 1000 | R: 61.9771 | BS: 543626 | FPS: 13.5803 | T: 11:07:07
| [33mtrain[0m | F: 543000 | S: 543000 | E: 543 | L: 1000 | R: 44.0246 | BS: 544629 | FPS: 13.5523 | T: 11:08:21
| [33mtrain[0m | F: 544000 | S: 544000 | E: 544 | L: 1000 | R: 11.0678 | BS: 545632 | FPS: 13.5746 | T: 11:09:35
| [33mtrain[0m | F: 545000 | S: 545000 | E: 545 | L: 1000 | R: 13.6892 | BS: 546635 | FPS: 13.5801 | T: 11:10:48
| [33mtrain[0m | F: 546000 | S: 546000 | E: 546 | L: 1000 | R: 13.7418 | BS: 547638 | FPS: 13.5751 | T: 11:12:02
| [33mtrain[0m | F: 547000 | S: 547000 | E: 547 | L: 1000 | R: 14.0088 | BS: 548641 | FPS: 13.5774 | T: 11:13:16
| [33mtrain[0m | F: 548000 | S: 548000 | E: 548 | L: 1000 | R: 45.3982 | BS: 549644 | FPS: 13.5716 | T: 11:14:29
| [33mtrain[0m | F: 549000 | S: 549000 | E: 549 | L: 1000 | R: 42.7242 | BS: 550647 | FPS: 13.5785 | T: 11:15:43
| [33mtrain[0m | F: 550000 | S: 550000 | E: 550 | L: 1000 | R: 10.9020 | BS: 551650 | FPS: 13.5749 | T: 11:16:57
1
| [32meval[0m  | F: 550000 | S: 550000 | E: 550 | L: 1000 | R: 13.8068 | T: 11:16:57
| [33mtrain[0m | F: 551000 | S: 551000 | E: 551 | L: 1000 | R: 43.2580 | BS: 552653 | FPS: 12.3461 | T: 11:18:18
| [33mtrain[0m | F: 552000 | S: 552000 | E: 552 | L: 1000 | R: 43.5687 | BS: 553656 | FPS: 13.5807 | T: 11:19:31
| [33mtrain[0m | F: 553000 | S: 553000 | E: 553 | L: 1000 | R: 14.0030 | BS: 554659 | FPS: 13.5730 | T: 11:20:45
| [33mtrain[0m | F: 554000 | S: 554000 | E: 554 | L: 1000 | R: 66.9748 | BS: 555662 | FPS: 13.5758 | T: 11:21:59
| [33mtrain[0m | F: 555000 | S: 555000 | E: 555 | L: 1000 | R: 10.4775 | BS: 556665 | FPS: 13.5739 | T: 11:23:12
| [33mtrain[0m | F: 556000 | S: 556000 | E: 556 | L: 1000 | R: 15.5521 | BS: 557668 | FPS: 13.5748 | T: 11:24:26
| [33mtrain[0m | F: 557000 | S: 557000 | E: 557 | L: 1000 | R: 59.1192 | BS: 558671 | FPS: 13.5688 | T: 11:25:40
| [33mtrain[0m | F: 558000 | S: 558000 | E: 558 | L: 1000 | R: 10.1868 | BS: 559674 | FPS: 13.5736 | T: 11:26:53
| [33mtrain[0m | F: 559000 | S: 559000 | E: 559 | L: 1000 | R: 14.0386 | BS: 560677 | FPS: 13.5723 | T: 11:28:07
| [33mtrain[0m | F: 560000 | S: 560000 | E: 560 | L: 1000 | R: 14.6159 | BS: 561680 | FPS: 13.5733 | T: 11:29:21
1
| [32meval[0m  | F: 560000 | S: 560000 | E: 560 | L: 1000 | R: 13.5195 | T: 11:29:21
| [33mtrain[0m | F: 561000 | S: 561000 | E: 561 | L: 1000 | R: 45.2295 | BS: 562683 | FPS: 12.3492 | T: 11:30:42
| [33mtrain[0m | F: 562000 | S: 562000 | E: 562 | L: 1000 | R: 58.3837 | BS: 563686 | FPS: 13.5746 | T: 11:31:55
| [33mtrain[0m | F: 563000 | S: 563000 | E: 563 | L: 1000 | R: 11.1539 | BS: 564689 | FPS: 13.5743 | T: 11:33:09
| [33mtrain[0m | F: 564000 | S: 564000 | E: 564 | L: 1000 | R: 10.0014 | BS: 565692 | FPS: 13.5785 | T: 11:34:23
| [33mtrain[0m | F: 565000 | S: 565000 | E: 565 | L: 1000 | R: 44.3346 | BS: 566695 | FPS: 13.5742 | T: 11:35:36
| [33mtrain[0m | F: 566000 | S: 566000 | E: 566 | L: 1000 | R: 15.6759 | BS: 567698 | FPS: 13.5815 | T: 11:36:50
| [33mtrain[0m | F: 567000 | S: 567000 | E: 567 | L: 1000 | R: 13.9019 | BS: 568701 | FPS: 13.5740 | T: 11:38:04
| [33mtrain[0m | F: 568000 | S: 568000 | E: 568 | L: 1000 | R: 44.8768 | BS: 569704 | FPS: 13.5839 | T: 11:39:17
| [33mtrain[0m | F: 569000 | S: 569000 | E: 569 | L: 1000 | R: 13.4924 | BS: 570707 | FPS: 13.5854 | T: 11:40:31
| [33mtrain[0m | F: 570000 | S: 570000 | E: 570 | L: 1000 | R: 14.4968 | BS: 571710 | FPS: 13.5858 | T: 11:41:44
1
| [32meval[0m  | F: 570000 | S: 570000 | E: 570 | L: 1000 | R: 14.0379 | T: 11:41:44
| [33mtrain[0m | F: 571000 | S: 571000 | E: 571 | L: 1000 | R: 43.8434 | BS: 572713 | FPS: 12.3473 | T: 11:43:05
| [33mtrain[0m | F: 572000 | S: 572000 | E: 572 | L: 1000 | R: 10.1077 | BS: 573716 | FPS: 13.5392 | T: 11:44:19
| [33mtrain[0m | F: 573000 | S: 573000 | E: 573 | L: 1000 | R: 10.1457 | BS: 574719 | FPS: 13.5793 | T: 11:45:33
| [33mtrain[0m | F: 574000 | S: 574000 | E: 574 | L: 1000 | R: 14.0254 | BS: 575722 | FPS: 13.5772 | T: 11:46:47
| [33mtrain[0m | F: 575000 | S: 575000 | E: 575 | L: 1000 | R: 10.3305 | BS: 576725 | FPS: 13.5732 | T: 11:48:00
| [33mtrain[0m | F: 576000 | S: 576000 | E: 576 | L: 1000 | R: 9.9088 | BS: 577728 | FPS: 13.5731 | T: 11:49:14
| [33mtrain[0m | F: 577000 | S: 577000 | E: 577 | L: 1000 | R: 58.6740 | BS: 578731 | FPS: 13.5800 | T: 11:50:28
| [33mtrain[0m | F: 578000 | S: 578000 | E: 578 | L: 1000 | R: 50.2641 | BS: 579734 | FPS: 13.5664 | T: 11:51:41
| [33mtrain[0m | F: 579000 | S: 579000 | E: 579 | L: 1000 | R: 13.8055 | BS: 580737 | FPS: 13.5732 | T: 11:52:55
| [33mtrain[0m | F: 580000 | S: 580000 | E: 580 | L: 1000 | R: 60.9167 | BS: 581740 | FPS: 13.5838 | T: 11:54:09
1
| [32meval[0m  | F: 580000 | S: 580000 | E: 580 | L: 1000 | R: 13.5580 | T: 11:54:09
| [33mtrain[0m | F: 581000 | S: 581000 | E: 581 | L: 1000 | R: 10.5915 | BS: 582743 | FPS: 12.3551 | T: 11:55:29
| [33mtrain[0m | F: 582000 | S: 582000 | E: 582 | L: 1000 | R: 44.0421 | BS: 583746 | FPS: 13.5862 | T: 11:56:43
| [33mtrain[0m | F: 583000 | S: 583000 | E: 583 | L: 1000 | R: 44.9014 | BS: 584749 | FPS: 13.5866 | T: 11:57:57
| [33mtrain[0m | F: 584000 | S: 584000 | E: 584 | L: 1000 | R: 49.0865 | BS: 585752 | FPS: 13.5825 | T: 11:59:10
| [33mtrain[0m | F: 585000 | S: 585000 | E: 585 | L: 1000 | R: 14.1688 | BS: 586755 | FPS: 13.5906 | T: 12:00:24
| [33mtrain[0m | F: 586000 | S: 586000 | E: 586 | L: 1000 | R: 44.1050 | BS: 587758 | FPS: 13.5570 | T: 12:01:38
| [33mtrain[0m | F: 587000 | S: 587000 | E: 587 | L: 1000 | R: 14.1063 | BS: 588761 | FPS: 13.3530 | T: 12:02:53
| [33mtrain[0m | F: 588000 | S: 588000 | E: 588 | L: 1000 | R: 10.1464 | BS: 589764 | FPS: 13.4873 | T: 12:04:07
| [33mtrain[0m | F: 589000 | S: 589000 | E: 589 | L: 1000 | R: 13.9046 | BS: 590767 | FPS: 13.5721 | T: 12:05:20
| [33mtrain[0m | F: 590000 | S: 590000 | E: 590 | L: 1000 | R: 10.7665 | BS: 591770 | FPS: 13.5744 | T: 12:06:34
1
| [32meval[0m  | F: 590000 | S: 590000 | E: 590 | L: 1000 | R: 44.9068 | T: 12:06:34
| [33mtrain[0m | F: 591000 | S: 591000 | E: 591 | L: 1000 | R: 44.7733 | BS: 592773 | FPS: 12.3184 | T: 12:07:55
| [33mtrain[0m | F: 592000 | S: 592000 | E: 592 | L: 1000 | R: 13.9060 | BS: 593776 | FPS: 13.5940 | T: 12:09:09
| [33mtrain[0m | F: 593000 | S: 593000 | E: 593 | L: 1000 | R: 62.5490 | BS: 594779 | FPS: 13.5867 | T: 12:10:22
| [33mtrain[0m | F: 594000 | S: 594000 | E: 594 | L: 1000 | R: 13.7577 | BS: 595782 | FPS: 13.5941 | T: 12:11:36
| [33mtrain[0m | F: 595000 | S: 595000 | E: 595 | L: 1000 | R: 14.2038 | BS: 596785 | FPS: 13.5998 | T: 12:12:49
| [33mtrain[0m | F: 596000 | S: 596000 | E: 596 | L: 1000 | R: 48.5275 | BS: 597788 | FPS: 13.5863 | T: 12:14:03
| [33mtrain[0m | F: 597000 | S: 597000 | E: 597 | L: 1000 | R: 44.8125 | BS: 598791 | FPS: 13.5927 | T: 12:15:17
| [33mtrain[0m | F: 598000 | S: 598000 | E: 598 | L: 1000 | R: 10.1680 | BS: 599794 | FPS: 13.5930 | T: 12:16:30
| [33mtrain[0m | F: 599000 | S: 599000 | E: 599 | L: 1000 | R: 45.9198 | BS: 600797 | FPS: 13.5845 | T: 12:17:44
| [33mtrain[0m | F: 600000 | S: 600000 | E: 600 | L: 1000 | R: 10.2194 | BS: 601800 | FPS: 13.5953 | T: 12:18:57
1
| [32meval[0m  | F: 600000 | S: 600000 | E: 600 | L: 1000 | R: 13.7390 | T: 12:18:57
| [33mtrain[0m | F: 601000 | S: 601000 | E: 601 | L: 1000 | R: 48.6338 | BS: 602803 | FPS: 12.3525 | T: 12:20:18
| [33mtrain[0m | F: 602000 | S: 602000 | E: 602 | L: 1000 | R: 60.7605 | BS: 603806 | FPS: 13.5784 | T: 12:21:32
| [33mtrain[0m | F: 603000 | S: 603000 | E: 603 | L: 1000 | R: 14.7725 | BS: 604809 | FPS: 13.5884 | T: 12:22:46
| [33mtrain[0m | F: 604000 | S: 604000 | E: 604 | L: 1000 | R: 14.1002 | BS: 605812 | FPS: 13.5883 | T: 12:23:59
| [33mtrain[0m | F: 605000 | S: 605000 | E: 605 | L: 1000 | R: 10.3656 | BS: 606815 | FPS: 13.5778 | T: 12:25:13
| [33mtrain[0m | F: 606000 | S: 606000 | E: 606 | L: 1000 | R: 13.8046 | BS: 607818 | FPS: 13.5755 | T: 12:26:26
| [33mtrain[0m | F: 607000 | S: 607000 | E: 607 | L: 1000 | R: 64.9728 | BS: 608821 | FPS: 13.5810 | T: 12:27:40
| [33mtrain[0m | F: 608000 | S: 608000 | E: 608 | L: 1000 | R: 37.6673 | BS: 609824 | FPS: 13.5818 | T: 12:28:54
| [33mtrain[0m | F: 609000 | S: 609000 | E: 609 | L: 1000 | R: 37.4737 | BS: 610827 | FPS: 13.5719 | T: 12:30:07
| [33mtrain[0m | F: 610000 | S: 610000 | E: 610 | L: 1000 | R: 44.7703 | BS: 611830 | FPS: 13.5885 | T: 12:31:21
1
| [32meval[0m  | F: 610000 | S: 610000 | E: 610 | L: 1000 | R: 46.6611 | T: 12:31:21
| [33mtrain[0m | F: 611000 | S: 611000 | E: 611 | L: 1000 | R: 14.1978 | BS: 612833 | FPS: 12.3404 | T: 12:32:42
| [33mtrain[0m | F: 612000 | S: 612000 | E: 612 | L: 1000 | R: 43.8683 | BS: 613836 | FPS: 13.5766 | T: 12:33:56
| [33mtrain[0m | F: 613000 | S: 613000 | E: 613 | L: 1000 | R: 45.2092 | BS: 614839 | FPS: 13.5859 | T: 12:35:09
| [33mtrain[0m | F: 614000 | S: 614000 | E: 614 | L: 1000 | R: 14.1527 | BS: 615842 | FPS: 13.5879 | T: 12:36:23
| [33mtrain[0m | F: 615000 | S: 615000 | E: 615 | L: 1000 | R: 9.8671 | BS: 616845 | FPS: 13.5795 | T: 12:37:37
| [33mtrain[0m | F: 616000 | S: 616000 | E: 616 | L: 1000 | R: 14.5600 | BS: 617848 | FPS: 13.5853 | T: 12:38:50
| [33mtrain[0m | F: 617000 | S: 617000 | E: 617 | L: 1000 | R: 13.5532 | BS: 618851 | FPS: 13.5892 | T: 12:40:04
| [33mtrain[0m | F: 618000 | S: 618000 | E: 618 | L: 1000 | R: 44.3588 | BS: 619854 | FPS: 13.5193 | T: 12:41:18
| [33mtrain[0m | F: 619000 | S: 619000 | E: 619 | L: 1000 | R: 14.0278 | BS: 620857 | FPS: 13.5764 | T: 12:42:31
| [33mtrain[0m | F: 620000 | S: 620000 | E: 620 | L: 1000 | R: 36.1312 | BS: 621860 | FPS: 13.5716 | T: 12:43:45
1
| [32meval[0m  | F: 620000 | S: 620000 | E: 620 | L: 1000 | R: 45.2543 | T: 12:43:45
| [33mtrain[0m | F: 621000 | S: 621000 | E: 621 | L: 1000 | R: 14.2756 | BS: 622863 | FPS: 12.3185 | T: 12:45:06
| [33mtrain[0m | F: 622000 | S: 622000 | E: 622 | L: 1000 | R: 9.9195 | BS: 623866 | FPS: 13.5593 | T: 12:46:20
| [33mtrain[0m | F: 623000 | S: 623000 | E: 623 | L: 1000 | R: 10.2518 | BS: 624869 | FPS: 13.5675 | T: 12:47:34
| [33mtrain[0m | F: 624000 | S: 624000 | E: 624 | L: 1000 | R: 10.3678 | BS: 625872 | FPS: 13.5674 | T: 12:48:47
| [33mtrain[0m | F: 625000 | S: 625000 | E: 625 | L: 1000 | R: 46.1660 | BS: 626875 | FPS: 13.5582 | T: 12:50:01
| [33mtrain[0m | F: 626000 | S: 626000 | E: 626 | L: 1000 | R: 47.3311 | BS: 627878 | FPS: 13.5730 | T: 12:51:15
| [33mtrain[0m | F: 627000 | S: 627000 | E: 627 | L: 1000 | R: 42.2768 | BS: 628881 | FPS: 13.5651 | T: 12:52:29
| [33mtrain[0m | F: 628000 | S: 628000 | E: 628 | L: 1000 | R: 45.7301 | BS: 629884 | FPS: 13.5716 | T: 12:53:42
| [33mtrain[0m | F: 629000 | S: 629000 | E: 629 | L: 1000 | R: 58.6106 | BS: 630887 | FPS: 13.5730 | T: 12:54:56
| [33mtrain[0m | F: 630000 | S: 630000 | E: 630 | L: 1000 | R: 37.6573 | BS: 631890 | FPS: 13.5682 | T: 12:56:10
1
| [32meval[0m  | F: 630000 | S: 630000 | E: 630 | L: 1000 | R: 10.5436 | T: 12:56:10
| [33mtrain[0m | F: 631000 | S: 631000 | E: 631 | L: 1000 | R: 13.7784 | BS: 632893 | FPS: 12.3237 | T: 12:57:31
| [33mtrain[0m | F: 632000 | S: 632000 | E: 632 | L: 1000 | R: 13.8554 | BS: 633896 | FPS: 13.5608 | T: 12:58:44
| [33mtrain[0m | F: 633000 | S: 633000 | E: 633 | L: 1000 | R: 13.7227 | BS: 634899 | FPS: 13.5753 | T: 12:59:58
| [33mtrain[0m | F: 634000 | S: 634000 | E: 634 | L: 1000 | R: 14.5078 | BS: 635902 | FPS: 13.5761 | T: 13:01:12
| [33mtrain[0m | F: 635000 | S: 635000 | E: 635 | L: 1000 | R: 14.0424 | BS: 636905 | FPS: 13.5678 | T: 13:02:26
| [33mtrain[0m | F: 636000 | S: 636000 | E: 636 | L: 1000 | R: 9.6203 | BS: 637908 | FPS: 13.5795 | T: 13:03:39
| [33mtrain[0m | F: 637000 | S: 637000 | E: 637 | L: 1000 | R: 48.0395 | BS: 638911 | FPS: 13.5625 | T: 13:04:53
| [33mtrain[0m | F: 638000 | S: 638000 | E: 638 | L: 1000 | R: 13.9004 | BS: 639914 | FPS: 13.5392 | T: 13:06:07
| [33mtrain[0m | F: 639000 | S: 639000 | E: 639 | L: 1000 | R: 13.9665 | BS: 640917 | FPS: 13.5581 | T: 13:07:20
| [33mtrain[0m | F: 640000 | S: 640000 | E: 640 | L: 1000 | R: 63.1008 | BS: 641920 | FPS: 13.5508 | T: 13:08:34
1
| [32meval[0m  | F: 640000 | S: 640000 | E: 640 | L: 1000 | R: 9.7594 | T: 13:08:34
| [33mtrain[0m | F: 641000 | S: 641000 | E: 641 | L: 1000 | R: 14.5241 | BS: 642923 | FPS: 12.3187 | T: 13:09:55
| [33mtrain[0m | F: 642000 | S: 642000 | E: 642 | L: 1000 | R: 36.9121 | BS: 643926 | FPS: 13.5462 | T: 13:11:09
| [33mtrain[0m | F: 643000 | S: 643000 | E: 643 | L: 1000 | R: 14.2166 | BS: 644929 | FPS: 13.5429 | T: 13:12:23
| [33mtrain[0m | F: 644000 | S: 644000 | E: 644 | L: 1000 | R: 44.9112 | BS: 645932 | FPS: 13.5530 | T: 13:13:37
| [33mtrain[0m | F: 645000 | S: 645000 | E: 645 | L: 1000 | R: 44.4032 | BS: 646935 | FPS: 13.5435 | T: 13:14:51
| [33mtrain[0m | F: 646000 | S: 646000 | E: 646 | L: 1000 | R: 13.8499 | BS: 647938 | FPS: 13.5483 | T: 13:16:05
| [33mtrain[0m | F: 647000 | S: 647000 | E: 647 | L: 1000 | R: 13.9378 | BS: 648941 | FPS: 13.5557 | T: 13:17:18
| [33mtrain[0m | F: 648000 | S: 648000 | E: 648 | L: 1000 | R: 13.7851 | BS: 649944 | FPS: 13.5541 | T: 13:18:32
| [33mtrain[0m | F: 649000 | S: 649000 | E: 649 | L: 1000 | R: 44.1133 | BS: 650947 | FPS: 13.5541 | T: 13:19:46
| [33mtrain[0m | F: 650000 | S: 650000 | E: 650 | L: 1000 | R: 44.9797 | BS: 651950 | FPS: 13.5554 | T: 13:21:00
1
| [32meval[0m  | F: 650000 | S: 650000 | E: 650 | L: 1000 | R: 44.9561 | T: 13:21:00
| [33mtrain[0m | F: 651000 | S: 651000 | E: 651 | L: 1000 | R: 46.0112 | BS: 652953 | FPS: 12.3004 | T: 13:22:21
| [33mtrain[0m | F: 652000 | S: 652000 | E: 652 | L: 1000 | R: 10.6000 | BS: 653956 | FPS: 13.5491 | T: 13:23:35
| [33mtrain[0m | F: 653000 | S: 653000 | E: 653 | L: 1000 | R: 13.9442 | BS: 654959 | FPS: 13.5549 | T: 13:24:49
| [33mtrain[0m | F: 654000 | S: 654000 | E: 654 | L: 1000 | R: 13.7840 | BS: 655962 | FPS: 13.5545 | T: 13:26:02
| [33mtrain[0m | F: 655000 | S: 655000 | E: 655 | L: 1000 | R: 10.7925 | BS: 656965 | FPS: 13.5687 | T: 13:27:16
| [33mtrain[0m | F: 656000 | S: 656000 | E: 656 | L: 1000 | R: 47.9546 | BS: 657968 | FPS: 13.5604 | T: 13:28:30
| [33mtrain[0m | F: 657000 | S: 657000 | E: 657 | L: 1000 | R: 45.1379 | BS: 658971 | FPS: 13.5445 | T: 13:29:44
| [33mtrain[0m | F: 658000 | S: 658000 | E: 658 | L: 1000 | R: 42.3687 | BS: 659974 | FPS: 13.5575 | T: 13:30:57
| [33mtrain[0m | F: 659000 | S: 659000 | E: 659 | L: 1000 | R: 13.9570 | BS: 660977 | FPS: 13.5612 | T: 13:32:11
| [33mtrain[0m | F: 660000 | S: 660000 | E: 660 | L: 1000 | R: 14.0054 | BS: 661980 | FPS: 13.5579 | T: 13:33:25
1
| [32meval[0m  | F: 660000 | S: 660000 | E: 660 | L: 1000 | R: 14.0046 | T: 13:33:25
| [33mtrain[0m | F: 661000 | S: 661000 | E: 661 | L: 1000 | R: 13.9276 | BS: 662983 | FPS: 12.3145 | T: 13:34:46
| [33mtrain[0m | F: 662000 | S: 662000 | E: 662 | L: 1000 | R: 16.1515 | BS: 663986 | FPS: 13.5535 | T: 13:36:00
| [33mtrain[0m | F: 663000 | S: 663000 | E: 663 | L: 1000 | R: 45.3098 | BS: 664989 | FPS: 13.5564 | T: 13:37:14
| [33mtrain[0m | F: 664000 | S: 664000 | E: 664 | L: 1000 | R: 13.7631 | BS: 665992 | FPS: 13.5651 | T: 13:38:27
| [33mtrain[0m | F: 665000 | S: 665000 | E: 665 | L: 1000 | R: 14.7719 | BS: 666995 | FPS: 13.5460 | T: 13:39:41
| [33mtrain[0m | F: 666000 | S: 666000 | E: 666 | L: 1000 | R: 13.6431 | BS: 667998 | FPS: 13.5616 | T: 13:40:55
| [33mtrain[0m | F: 667000 | S: 667000 | E: 667 | L: 1000 | R: 14.0620 | BS: 669001 | FPS: 13.5590 | T: 13:42:09
| [33mtrain[0m | F: 668000 | S: 668000 | E: 668 | L: 1000 | R: 14.3030 | BS: 670004 | FPS: 13.5554 | T: 13:43:22
| [33mtrain[0m | F: 669000 | S: 669000 | E: 669 | L: 1000 | R: 64.2093 | BS: 671007 | FPS: 13.5533 | T: 13:44:36
| [33mtrain[0m | F: 670000 | S: 670000 | E: 670 | L: 1000 | R: 47.0405 | BS: 672010 | FPS: 13.5611 | T: 13:45:50
1
| [32meval[0m  | F: 670000 | S: 670000 | E: 670 | L: 1000 | R: 14.2812 | T: 13:45:50
| [33mtrain[0m | F: 671000 | S: 671000 | E: 671 | L: 1000 | R: 9.8949 | BS: 673013 | FPS: 12.2519 | T: 13:47:12
| [33mtrain[0m | F: 672000 | S: 672000 | E: 672 | L: 1000 | R: 17.1399 | BS: 674016 | FPS: 13.5696 | T: 13:48:25
| [33mtrain[0m | F: 673000 | S: 673000 | E: 673 | L: 1000 | R: 38.7149 | BS: 675019 | FPS: 13.5821 | T: 13:49:39
| [33mtrain[0m | F: 674000 | S: 674000 | E: 674 | L: 1000 | R: 9.6787 | BS: 676022 | FPS: 13.5784 | T: 13:50:53
| [33mtrain[0m | F: 675000 | S: 675000 | E: 675 | L: 1000 | R: 10.0157 | BS: 677025 | FPS: 13.5585 | T: 13:52:06
| [33mtrain[0m | F: 676000 | S: 676000 | E: 676 | L: 1000 | R: 10.3797 | BS: 678028 | FPS: 13.5815 | T: 13:53:20
| [33mtrain[0m | F: 677000 | S: 677000 | E: 677 | L: 1000 | R: 13.4714 | BS: 679031 | FPS: 13.5636 | T: 13:54:34
| [33mtrain[0m | F: 678000 | S: 678000 | E: 678 | L: 1000 | R: 47.0621 | BS: 680034 | FPS: 13.5754 | T: 13:55:47
| [33mtrain[0m | F: 679000 | S: 679000 | E: 679 | L: 1000 | R: 45.4336 | BS: 681037 | FPS: 13.5653 | T: 13:57:01
| [33mtrain[0m | F: 680000 | S: 680000 | E: 680 | L: 1000 | R: 13.9197 | BS: 682040 | FPS: 13.5751 | T: 13:58:15
1
| [32meval[0m  | F: 680000 | S: 680000 | E: 680 | L: 1000 | R: 42.1124 | T: 13:58:15
| [33mtrain[0m | F: 681000 | S: 681000 | E: 681 | L: 1000 | R: 13.6220 | BS: 683043 | FPS: 12.3079 | T: 13:59:36
| [33mtrain[0m | F: 682000 | S: 682000 | E: 682 | L: 1000 | R: 10.1723 | BS: 684046 | FPS: 13.5515 | T: 14:00:50
| [33mtrain[0m | F: 683000 | S: 683000 | E: 683 | L: 1000 | R: 13.7983 | BS: 685049 | FPS: 13.5635 | T: 14:02:03
| [33mtrain[0m | F: 684000 | S: 684000 | E: 684 | L: 1000 | R: 15.7649 | BS: 686052 | FPS: 13.5718 | T: 14:03:17
| [33mtrain[0m | F: 685000 | S: 685000 | E: 685 | L: 1000 | R: 9.9413 | BS: 687055 | FPS: 13.5792 | T: 14:04:31
| [33mtrain[0m | F: 686000 | S: 686000 | E: 686 | L: 1000 | R: 14.0965 | BS: 688058 | FPS: 13.5690 | T: 14:05:44
| [33mtrain[0m | F: 687000 | S: 687000 | E: 687 | L: 1000 | R: 13.6105 | BS: 689061 | FPS: 13.5727 | T: 14:06:58
| [33mtrain[0m | F: 688000 | S: 688000 | E: 688 | L: 1000 | R: 13.9456 | BS: 690064 | FPS: 13.5839 | T: 14:08:12
| [33mtrain[0m | F: 689000 | S: 689000 | E: 689 | L: 1000 | R: 44.6861 | BS: 691067 | FPS: 13.5707 | T: 14:09:25
| [33mtrain[0m | F: 690000 | S: 690000 | E: 690 | L: 1000 | R: 15.5791 | BS: 692070 | FPS: 13.5737 | T: 14:10:39
1
| [32meval[0m  | F: 690000 | S: 690000 | E: 690 | L: 1000 | R: 45.6115 | T: 14:10:39
| [33mtrain[0m | F: 691000 | S: 691000 | E: 691 | L: 1000 | R: 45.3229 | BS: 693073 | FPS: 12.3197 | T: 14:12:00
| [33mtrain[0m | F: 692000 | S: 692000 | E: 692 | L: 1000 | R: 48.7735 | BS: 694076 | FPS: 13.5598 | T: 14:13:14
| [33mtrain[0m | F: 693000 | S: 693000 | E: 693 | L: 1000 | R: 14.0234 | BS: 695079 | FPS: 13.5788 | T: 14:14:28
| [33mtrain[0m | F: 694000 | S: 694000 | E: 694 | L: 1000 | R: 14.0554 | BS: 696082 | FPS: 13.5753 | T: 14:15:41
| [33mtrain[0m | F: 695000 | S: 695000 | E: 695 | L: 1000 | R: 11.2261 | BS: 697085 | FPS: 13.5760 | T: 14:16:55
| [33mtrain[0m | F: 696000 | S: 696000 | E: 696 | L: 1000 | R: 10.6526 | BS: 698088 | FPS: 13.5725 | T: 14:18:09
| [33mtrain[0m | F: 697000 | S: 697000 | E: 697 | L: 1000 | R: 37.4734 | BS: 699091 | FPS: 13.5625 | T: 14:19:22
| [33mtrain[0m | F: 698000 | S: 698000 | E: 698 | L: 1000 | R: 10.3169 | BS: 700094 | FPS: 13.5647 | T: 14:20:36
| [33mtrain[0m | F: 699000 | S: 699000 | E: 699 | L: 1000 | R: 13.8250 | BS: 701097 | FPS: 13.5735 | T: 14:21:50
| [33mtrain[0m | F: 700000 | S: 700000 | E: 700 | L: 1000 | R: 13.4497 | BS: 702100 | FPS: 13.5736 | T: 14:23:03
1
| [32meval[0m  | F: 700000 | S: 700000 | E: 700 | L: 1000 | R: 16.3327 | T: 14:23:03
| [33mtrain[0m | F: 701000 | S: 701000 | E: 701 | L: 1000 | R: 45.6205 | BS: 703103 | FPS: 12.3087 | T: 14:24:25
| [33mtrain[0m | F: 702000 | S: 702000 | E: 702 | L: 1000 | R: 14.0414 | BS: 704106 | FPS: 13.5698 | T: 14:25:38
| [33mtrain[0m | F: 703000 | S: 703000 | E: 703 | L: 1000 | R: 14.4759 | BS: 705109 | FPS: 13.5570 | T: 14:26:52
| [33mtrain[0m | F: 704000 | S: 704000 | E: 704 | L: 1000 | R: 50.5982 | BS: 706112 | FPS: 13.5724 | T: 14:28:06
| [33mtrain[0m | F: 705000 | S: 705000 | E: 705 | L: 1000 | R: 13.9307 | BS: 707115 | FPS: 13.5634 | T: 14:29:20
| [33mtrain[0m | F: 706000 | S: 706000 | E: 706 | L: 1000 | R: 38.1000 | BS: 708118 | FPS: 13.5735 | T: 14:30:33
| [33mtrain[0m | F: 707000 | S: 707000 | E: 707 | L: 1000 | R: 14.1540 | BS: 709121 | FPS: 13.5690 | T: 14:31:47
| [33mtrain[0m | F: 708000 | S: 708000 | E: 708 | L: 1000 | R: 46.1453 | BS: 710124 | FPS: 13.5765 | T: 14:33:01
| [33mtrain[0m | F: 709000 | S: 709000 | E: 709 | L: 1000 | R: 42.0563 | BS: 711127 | FPS: 13.5746 | T: 14:34:14
| [33mtrain[0m | F: 710000 | S: 710000 | E: 710 | L: 1000 | R: 44.2001 | BS: 712130 | FPS: 13.5655 | T: 14:35:28
1
| [32meval[0m  | F: 710000 | S: 710000 | E: 710 | L: 1000 | R: 10.3129 | T: 14:35:28
| [33mtrain[0m | F: 711000 | S: 711000 | E: 711 | L: 1000 | R: 44.0505 | BS: 713133 | FPS: 12.3137 | T: 14:36:49
| [33mtrain[0m | F: 712000 | S: 712000 | E: 712 | L: 1000 | R: 63.4241 | BS: 714136 | FPS: 13.5616 | T: 14:38:03
| [33mtrain[0m | F: 713000 | S: 713000 | E: 713 | L: 1000 | R: 14.0927 | BS: 715139 | FPS: 13.5738 | T: 14:39:17
| [33mtrain[0m | F: 714000 | S: 714000 | E: 714 | L: 1000 | R: 45.0794 | BS: 716142 | FPS: 13.5736 | T: 14:40:30
| [33mtrain[0m | F: 715000 | S: 715000 | E: 715 | L: 1000 | R: 10.1590 | BS: 717145 | FPS: 13.5392 | T: 14:41:44
| [33mtrain[0m | F: 716000 | S: 716000 | E: 716 | L: 1000 | R: 67.6452 | BS: 718148 | FPS: 13.5704 | T: 14:42:58
| [33mtrain[0m | F: 717000 | S: 717000 | E: 717 | L: 1000 | R: 9.8848 | BS: 719151 | FPS: 13.5721 | T: 14:44:12
| [33mtrain[0m | F: 718000 | S: 718000 | E: 718 | L: 1000 | R: 13.9287 | BS: 720154 | FPS: 13.5585 | T: 14:45:25
| [33mtrain[0m | F: 719000 | S: 719000 | E: 719 | L: 1000 | R: 68.2194 | BS: 721157 | FPS: 13.5628 | T: 14:46:39
| [33mtrain[0m | F: 720000 | S: 720000 | E: 720 | L: 1000 | R: 46.4569 | BS: 722160 | FPS: 13.5635 | T: 14:47:53
1
| [32meval[0m  | F: 720000 | S: 720000 | E: 720 | L: 1000 | R: 46.6630 | T: 14:47:53
| [33mtrain[0m | F: 721000 | S: 721000 | E: 721 | L: 1000 | R: 14.5608 | BS: 723163 | FPS: 12.3155 | T: 14:49:14
| [33mtrain[0m | F: 722000 | S: 722000 | E: 722 | L: 1000 | R: 46.1418 | BS: 724166 | FPS: 13.5604 | T: 14:50:28
| [33mtrain[0m | F: 723000 | S: 723000 | E: 723 | L: 1000 | R: 45.2504 | BS: 725169 | FPS: 13.5721 | T: 14:51:41
| [33mtrain[0m | F: 724000 | S: 724000 | E: 724 | L: 1000 | R: 45.3448 | BS: 726172 | FPS: 13.5701 | T: 14:52:55
| [33mtrain[0m | F: 725000 | S: 725000 | E: 725 | L: 1000 | R: 62.5801 | BS: 727175 | FPS: 13.5625 | T: 14:54:09
| [33mtrain[0m | F: 726000 | S: 726000 | E: 726 | L: 1000 | R: 44.2935 | BS: 728178 | FPS: 13.5592 | T: 14:55:23
| [33mtrain[0m | F: 727000 | S: 727000 | E: 727 | L: 1000 | R: 48.6554 | BS: 729181 | FPS: 13.5315 | T: 14:56:36
| [33mtrain[0m | F: 728000 | S: 728000 | E: 728 | L: 1000 | R: 13.8958 | BS: 730184 | FPS: 13.5614 | T: 14:57:50
| [33mtrain[0m | F: 729000 | S: 729000 | E: 729 | L: 1000 | R: 14.0119 | BS: 731187 | FPS: 13.5423 | T: 14:59:04
| [33mtrain[0m | F: 730000 | S: 730000 | E: 730 | L: 1000 | R: 9.9341 | BS: 732190 | FPS: 13.5542 | T: 15:00:18
1
| [32meval[0m  | F: 730000 | S: 730000 | E: 730 | L: 1000 | R: 14.5600 | T: 15:00:18
| [33mtrain[0m | F: 731000 | S: 731000 | E: 731 | L: 1000 | R: 10.3832 | BS: 733193 | FPS: 12.2963 | T: 15:01:39
| [33mtrain[0m | F: 732000 | S: 732000 | E: 732 | L: 1000 | R: 61.8282 | BS: 734196 | FPS: 13.5522 | T: 15:02:53
| [33mtrain[0m | F: 733000 | S: 733000 | E: 733 | L: 1000 | R: 61.4943 | BS: 735199 | FPS: 13.5474 | T: 15:04:07
| [33mtrain[0m | F: 734000 | S: 734000 | E: 734 | L: 1000 | R: 14.1704 | BS: 736202 | FPS: 13.5463 | T: 15:05:21
| [33mtrain[0m | F: 735000 | S: 735000 | E: 735 | L: 1000 | R: 42.5688 | BS: 737205 | FPS: 13.5516 | T: 15:06:34
| [33mtrain[0m | F: 736000 | S: 736000 | E: 736 | L: 1000 | R: 10.0538 | BS: 738208 | FPS: 13.5528 | T: 15:07:48
| [33mtrain[0m | F: 737000 | S: 737000 | E: 737 | L: 1000 | R: 13.6074 | BS: 739211 | FPS: 13.5484 | T: 15:09:02
| [33mtrain[0m | F: 738000 | S: 738000 | E: 738 | L: 1000 | R: 43.6382 | BS: 740214 | FPS: 13.5561 | T: 15:10:16
| [33mtrain[0m | F: 739000 | S: 739000 | E: 739 | L: 1000 | R: 62.1231 | BS: 741217 | FPS: 13.5654 | T: 15:11:29
| [33mtrain[0m | F: 740000 | S: 740000 | E: 740 | L: 1000 | R: 14.2183 | BS: 742220 | FPS: 13.5657 | T: 15:12:43
1
| [32meval[0m  | F: 740000 | S: 740000 | E: 740 | L: 1000 | R: 15.0268 | T: 15:12:43
| [33mtrain[0m | F: 741000 | S: 741000 | E: 741 | L: 1000 | R: 44.3645 | BS: 743223 | FPS: 12.2986 | T: 15:14:04
| [33mtrain[0m | F: 742000 | S: 742000 | E: 742 | L: 1000 | R: 9.8845 | BS: 744226 | FPS: 13.5493 | T: 15:15:18
| [33mtrain[0m | F: 743000 | S: 743000 | E: 743 | L: 1000 | R: 15.0935 | BS: 745229 | FPS: 13.5560 | T: 15:16:32
| [33mtrain[0m | F: 744000 | S: 744000 | E: 744 | L: 1000 | R: 61.5357 | BS: 746232 | FPS: 13.5560 | T: 15:17:46
| [33mtrain[0m | F: 745000 | S: 745000 | E: 745 | L: 1000 | R: 44.5122 | BS: 747235 | FPS: 13.5532 | T: 15:19:00
| [33mtrain[0m | F: 746000 | S: 746000 | E: 746 | L: 1000 | R: 13.9154 | BS: 748238 | FPS: 13.5541 | T: 15:20:13
| [33mtrain[0m | F: 747000 | S: 747000 | E: 747 | L: 1000 | R: 45.6243 | BS: 749241 | FPS: 13.5644 | T: 15:21:27
| [33mtrain[0m | F: 748000 | S: 748000 | E: 748 | L: 1000 | R: 13.9552 | BS: 750244 | FPS: 13.5636 | T: 15:22:41
| [33mtrain[0m | F: 749000 | S: 749000 | E: 749 | L: 1000 | R: 47.7370 | BS: 751247 | FPS: 13.5584 | T: 15:23:55
| [33mtrain[0m | F: 750000 | S: 750000 | E: 750 | L: 1000 | R: 9.8918 | BS: 752250 | FPS: 13.5570 | T: 15:25:08
1
| [32meval[0m  | F: 750000 | S: 750000 | E: 750 | L: 1000 | R: 43.2620 | T: 15:25:08
| [33mtrain[0m | F: 751000 | S: 751000 | E: 751 | L: 1000 | R: 48.0578 | BS: 753253 | FPS: 12.3067 | T: 15:26:30
| [33mtrain[0m | F: 752000 | S: 752000 | E: 752 | L: 1000 | R: 66.9408 | BS: 754256 | FPS: 13.5552 | T: 15:27:43
| [33mtrain[0m | F: 753000 | S: 753000 | E: 753 | L: 1000 | R: 14.2067 | BS: 755259 | FPS: 13.5604 | T: 15:28:57
| [33mtrain[0m | F: 754000 | S: 754000 | E: 754 | L: 1000 | R: 14.1934 | BS: 756262 | FPS: 13.5571 | T: 15:30:11
| [33mtrain[0m | F: 755000 | S: 755000 | E: 755 | L: 1000 | R: 48.1508 | BS: 757265 | FPS: 13.5610 | T: 15:31:25
| [33mtrain[0m | F: 756000 | S: 756000 | E: 756 | L: 1000 | R: 44.0962 | BS: 758268 | FPS: 13.5597 | T: 15:32:38
| [33mtrain[0m | F: 757000 | S: 757000 | E: 757 | L: 1000 | R: 47.8755 | BS: 759271 | FPS: 13.5580 | T: 15:33:52
| [33mtrain[0m | F: 758000 | S: 758000 | E: 758 | L: 1000 | R: 48.0991 | BS: 760274 | FPS: 13.5625 | T: 15:35:06
| [33mtrain[0m | F: 759000 | S: 759000 | E: 759 | L: 1000 | R: 62.8988 | BS: 761277 | FPS: 13.5701 | T: 15:36:20
| [33mtrain[0m | F: 760000 | S: 760000 | E: 760 | L: 1000 | R: 14.5356 | BS: 762280 | FPS: 13.5585 | T: 15:37:33
1
| [32meval[0m  | F: 760000 | S: 760000 | E: 760 | L: 1000 | R: 10.3347 | T: 15:37:33
| [33mtrain[0m | F: 761000 | S: 761000 | E: 761 | L: 1000 | R: 13.7826 | BS: 763283 | FPS: 12.3103 | T: 15:38:54
| [33mtrain[0m | F: 762000 | S: 762000 | E: 762 | L: 1000 | R: 14.0185 | BS: 764286 | FPS: 13.5490 | T: 15:40:08
| [33mtrain[0m | F: 763000 | S: 763000 | E: 763 | L: 1000 | R: 10.3036 | BS: 765289 | FPS: 13.5464 | T: 15:41:22
| [33mtrain[0m | F: 764000 | S: 764000 | E: 764 | L: 1000 | R: 15.1447 | BS: 766292 | FPS: 13.5597 | T: 15:42:36
| [33mtrain[0m | F: 765000 | S: 765000 | E: 765 | L: 1000 | R: 14.7557 | BS: 767295 | FPS: 13.5663 | T: 15:43:50
