workspace: /home/michaelbezick/Repos/C-LAIfO/experiments/exp_walker_walk_walker_walk_difficulty=easy_delta_source=0.2_delta_target=-0.25/lail_cl_multiset_apply_aug=CL-Q_aug_type=brightness_CL_data_type=agent_2025.02.26/0943_CL_data_type=agent,agent=lail_cl_multiset,apply_aug=CL-Q,aug_type=brightness,batch_size=128,delta_source=0.2,delta_target=-0.25,depth_flag=True,device=cuda:1,difficulty=easy,task_agent=walker_walk,task_expert=walker_walk
1
| [32meval[0m  | F: 0 | S: 0 | E: 0 | L: 1000 | R: 14.6017 | T: 0:00:00
| [33mtrain[0m | F: 5000 | S: 5000 | E: 5 | L: 1000 | R: 29.0460 | BS: 5015 | FPS: 18.7910 | T: 0:00:53
| [33mtrain[0m | F: 6000 | S: 6000 | E: 6 | L: 1000 | R: 49.3677 | BS: 6018 | FPS: 35.2751 | T: 0:01:21
| [33mtrain[0m | F: 7000 | S: 7000 | E: 7 | L: 1000 | R: 49.9217 | BS: 7021 | FPS: 34.9537 | T: 0:01:50
| [33mtrain[0m | F: 8000 | S: 8000 | E: 8 | L: 1000 | R: 50.5086 | BS: 8024 | FPS: 34.6326 | T: 0:02:19
| [33mtrain[0m | F: 9000 | S: 9000 | E: 9 | L: 1000 | R: 5.3271 | BS: 9027 | FPS: 35.0973 | T: 0:02:47
| [33mtrain[0m | F: 10000 | S: 10000 | E: 10 | L: 1000 | R: 48.8395 | BS: 10030 | FPS: 35.2800 | T: 0:03:15
1
| [32meval[0m  | F: 10000 | S: 10000 | E: 10 | L: 1000 | R: 44.2918 | T: 0:03:15
| [33mtrain[0m | F: 11000 | S: 11000 | E: 11 | L: 1000 | R: 51.6790 | BS: 11033 | FPS: 29.4192 | T: 0:03:49
| [33mtrain[0m | F: 12000 | S: 12000 | E: 12 | L: 1000 | R: 49.5838 | BS: 12036 | FPS: 35.3539 | T: 0:04:18
| [33mtrain[0m | F: 13000 | S: 13000 | E: 13 | L: 1000 | R: 50.1954 | BS: 13039 | FPS: 35.1257 | T: 0:04:46
| [33mtrain[0m | F: 14000 | S: 14000 | E: 14 | L: 1000 | R: 51.6610 | BS: 14042 | FPS: 35.0709 | T: 0:05:15
| [33mtrain[0m | F: 15000 | S: 15000 | E: 15 | L: 1000 | R: 28.6304 | BS: 15045 | FPS: 35.1307 | T: 0:05:43
| [33mtrain[0m | F: 16000 | S: 16000 | E: 16 | L: 1000 | R: 7.7766 | BS: 16048 | FPS: 35.1693 | T: 0:06:12
| [33mtrain[0m | F: 17000 | S: 17000 | E: 17 | L: 1000 | R: 9.7477 | BS: 17051 | FPS: 35.2472 | T: 0:06:40
| [33mtrain[0m | F: 18000 | S: 18000 | E: 18 | L: 1000 | R: 34.6032 | BS: 18054 | FPS: 35.3274 | T: 0:07:08
| [33mtrain[0m | F: 19000 | S: 19000 | E: 19 | L: 1000 | R: 28.5372 | BS: 19057 | FPS: 35.2661 | T: 0:07:37
| [33mtrain[0m | F: 20000 | S: 20000 | E: 20 | L: 1000 | R: 27.6608 | BS: 20060 | FPS: 35.2202 | T: 0:08:05
1
| [32meval[0m  | F: 20000 | S: 20000 | E: 20 | L: 1000 | R: 25.9935 | T: 0:08:05
| [33mtrain[0m | F: 21000 | S: 21000 | E: 21 | L: 1000 | R: 6.8582 | BS: 21063 | FPS: 29.0777 | T: 0:08:39
| [33mtrain[0m | F: 22000 | S: 22000 | E: 22 | L: 1000 | R: 16.9018 | BS: 22066 | FPS: 35.1190 | T: 0:09:08
| [33mtrain[0m | F: 23000 | S: 23000 | E: 23 | L: 1000 | R: 19.3230 | BS: 23069 | FPS: 35.0446 | T: 0:09:36
| [33mtrain[0m | F: 24000 | S: 24000 | E: 24 | L: 1000 | R: 31.0590 | BS: 24072 | FPS: 35.2076 | T: 0:10:05
| [33mtrain[0m | F: 25000 | S: 25000 | E: 25 | L: 1000 | R: 19.4151 | BS: 25075 | FPS: 35.1540 | T: 0:10:33
| [33mtrain[0m | F: 26000 | S: 26000 | E: 26 | L: 1000 | R: 34.8023 | BS: 26078 | FPS: 35.1241 | T: 0:11:02
| [33mtrain[0m | F: 27000 | S: 27000 | E: 27 | L: 1000 | R: 26.9439 | BS: 27081 | FPS: 35.0391 | T: 0:11:30
| [33mtrain[0m | F: 28000 | S: 28000 | E: 28 | L: 1000 | R: 25.9785 | BS: 28084 | FPS: 35.1233 | T: 0:11:59
| [33mtrain[0m | F: 29000 | S: 29000 | E: 29 | L: 1000 | R: 21.0924 | BS: 29087 | FPS: 35.1837 | T: 0:12:27
| [33mtrain[0m | F: 30000 | S: 30000 | E: 30 | L: 1000 | R: 53.7801 | BS: 30090 | FPS: 35.2068 | T: 0:12:56
1
| [32meval[0m  | F: 30000 | S: 30000 | E: 30 | L: 1000 | R: 29.4875 | T: 0:12:56
| [33mtrain[0m | F: 31000 | S: 31000 | E: 31 | L: 1000 | R: 49.5012 | BS: 31093 | FPS: 29.1150 | T: 0:13:30
| [33mtrain[0m | F: 32000 | S: 32000 | E: 32 | L: 1000 | R: 99.2339 | BS: 32096 | FPS: 35.2035 | T: 0:13:58
| [33mtrain[0m | F: 33000 | S: 33000 | E: 33 | L: 1000 | R: 109.0855 | BS: 33099 | FPS: 35.2738 | T: 0:14:27
| [33mtrain[0m | F: 34000 | S: 34000 | E: 34 | L: 1000 | R: 58.6660 | BS: 34102 | FPS: 35.1169 | T: 0:14:55
| [33mtrain[0m | F: 35000 | S: 35000 | E: 35 | L: 1000 | R: 117.0551 | BS: 35105 | FPS: 35.0757 | T: 0:15:24
| [33mtrain[0m | F: 36000 | S: 36000 | E: 36 | L: 1000 | R: 41.9916 | BS: 36108 | FPS: 35.1492 | T: 0:15:52
| [33mtrain[0m | F: 37000 | S: 37000 | E: 37 | L: 1000 | R: 123.8504 | BS: 37111 | FPS: 35.1788 | T: 0:16:20
| [33mtrain[0m | F: 38000 | S: 38000 | E: 38 | L: 1000 | R: 68.5622 | BS: 38114 | FPS: 35.2730 | T: 0:16:49
| [33mtrain[0m | F: 39000 | S: 39000 | E: 39 | L: 1000 | R: 68.4451 | BS: 39117 | FPS: 35.1278 | T: 0:17:17
| [33mtrain[0m | F: 40000 | S: 40000 | E: 40 | L: 1000 | R: 106.0793 | BS: 40120 | FPS: 35.1520 | T: 0:17:46
1
| [32meval[0m  | F: 40000 | S: 40000 | E: 40 | L: 1000 | R: 93.9090 | T: 0:17:46
| [33mtrain[0m | F: 41000 | S: 41000 | E: 41 | L: 1000 | R: 108.3941 | BS: 41123 | FPS: 28.9912 | T: 0:18:20
| [33mtrain[0m | F: 42000 | S: 42000 | E: 42 | L: 1000 | R: 60.6505 | BS: 42126 | FPS: 35.2034 | T: 0:18:49
| [33mtrain[0m | F: 43000 | S: 43000 | E: 43 | L: 1000 | R: 102.7885 | BS: 43129 | FPS: 35.0986 | T: 0:19:17
| [33mtrain[0m | F: 44000 | S: 44000 | E: 44 | L: 1000 | R: 71.1434 | BS: 44132 | FPS: 35.1949 | T: 0:19:46
| [33mtrain[0m | F: 45000 | S: 45000 | E: 45 | L: 1000 | R: 57.6369 | BS: 45135 | FPS: 35.1503 | T: 0:20:14
| [33mtrain[0m | F: 46000 | S: 46000 | E: 46 | L: 1000 | R: 61.7813 | BS: 46138 | FPS: 35.0574 | T: 0:20:43
| [33mtrain[0m | F: 47000 | S: 47000 | E: 47 | L: 1000 | R: 73.4229 | BS: 47141 | FPS: 35.2281 | T: 0:21:11
| [33mtrain[0m | F: 48000 | S: 48000 | E: 48 | L: 1000 | R: 64.8846 | BS: 48144 | FPS: 35.0695 | T: 0:21:39
| [33mtrain[0m | F: 49000 | S: 49000 | E: 49 | L: 1000 | R: 135.0436 | BS: 49147 | FPS: 35.1487 | T: 0:22:08
| [33mtrain[0m | F: 50000 | S: 50000 | E: 50 | L: 1000 | R: 79.1416 | BS: 50150 | FPS: 35.1110 | T: 0:22:36
1
| [32meval[0m  | F: 50000 | S: 50000 | E: 50 | L: 1000 | R: 45.8949 | T: 0:22:36
| [33mtrain[0m | F: 51000 | S: 51000 | E: 51 | L: 1000 | R: 73.8408 | BS: 51153 | FPS: 28.8946 | T: 0:23:11
| [33mtrain[0m | F: 52000 | S: 52000 | E: 52 | L: 1000 | R: 108.3965 | BS: 52156 | FPS: 35.1265 | T: 0:23:39
| [33mtrain[0m | F: 53000 | S: 53000 | E: 53 | L: 1000 | R: 89.8677 | BS: 53159 | FPS: 35.1022 | T: 0:24:08
| [33mtrain[0m | F: 54000 | S: 54000 | E: 54 | L: 1000 | R: 150.4053 | BS: 54162 | FPS: 35.0340 | T: 0:24:36
| [33mtrain[0m | F: 55000 | S: 55000 | E: 55 | L: 1000 | R: 96.1439 | BS: 55165 | FPS: 35.1579 | T: 0:25:05
| [33mtrain[0m | F: 56000 | S: 56000 | E: 56 | L: 1000 | R: 143.4252 | BS: 56168 | FPS: 35.1390 | T: 0:25:33
| [33mtrain[0m | F: 57000 | S: 57000 | E: 57 | L: 1000 | R: 145.5545 | BS: 57171 | FPS: 35.1546 | T: 0:26:02
| [33mtrain[0m | F: 58000 | S: 58000 | E: 58 | L: 1000 | R: 111.7627 | BS: 58174 | FPS: 35.1601 | T: 0:26:30
| [33mtrain[0m | F: 59000 | S: 59000 | E: 59 | L: 1000 | R: 165.6775 | BS: 59177 | FPS: 35.1813 | T: 0:26:59
| [33mtrain[0m | F: 60000 | S: 60000 | E: 60 | L: 1000 | R: 89.6296 | BS: 60180 | FPS: 35.1468 | T: 0:27:27
1
| [32meval[0m  | F: 60000 | S: 60000 | E: 60 | L: 1000 | R: 165.1809 | T: 0:27:27
| [33mtrain[0m | F: 61000 | S: 61000 | E: 61 | L: 1000 | R: 166.9429 | BS: 61183 | FPS: 28.6273 | T: 0:28:02
| [33mtrain[0m | F: 62000 | S: 62000 | E: 62 | L: 1000 | R: 108.7492 | BS: 62186 | FPS: 35.1181 | T: 0:28:31
| [33mtrain[0m | F: 63000 | S: 63000 | E: 63 | L: 1000 | R: 115.1146 | BS: 63189 | FPS: 35.1045 | T: 0:28:59
| [33mtrain[0m | F: 64000 | S: 64000 | E: 64 | L: 1000 | R: 75.2605 | BS: 64192 | FPS: 34.9453 | T: 0:29:28
| [33mtrain[0m | F: 65000 | S: 65000 | E: 65 | L: 1000 | R: 158.4850 | BS: 65195 | FPS: 35.1041 | T: 0:29:56
| [33mtrain[0m | F: 66000 | S: 66000 | E: 66 | L: 1000 | R: 93.5251 | BS: 66198 | FPS: 35.1299 | T: 0:30:25
| [33mtrain[0m | F: 67000 | S: 67000 | E: 67 | L: 1000 | R: 154.1150 | BS: 67201 | FPS: 35.1400 | T: 0:30:53
| [33mtrain[0m | F: 68000 | S: 68000 | E: 68 | L: 1000 | R: 140.6546 | BS: 68204 | FPS: 35.1452 | T: 0:31:22
| [33mtrain[0m | F: 69000 | S: 69000 | E: 69 | L: 1000 | R: 98.3221 | BS: 69207 | FPS: 35.2056 | T: 0:31:50
| [33mtrain[0m | F: 70000 | S: 70000 | E: 70 | L: 1000 | R: 68.9136 | BS: 70210 | FPS: 35.1529 | T: 0:32:18
1
| [32meval[0m  | F: 70000 | S: 70000 | E: 70 | L: 1000 | R: 146.8690 | T: 0:32:18
| [33mtrain[0m | F: 71000 | S: 71000 | E: 71 | L: 1000 | R: 119.2584 | BS: 71213 | FPS: 28.6289 | T: 0:32:53
| [33mtrain[0m | F: 72000 | S: 72000 | E: 72 | L: 1000 | R: 82.5067 | BS: 72216 | FPS: 35.0751 | T: 0:33:22
| [33mtrain[0m | F: 73000 | S: 73000 | E: 73 | L: 1000 | R: 80.4763 | BS: 73219 | FPS: 35.0884 | T: 0:33:50
| [33mtrain[0m | F: 74000 | S: 74000 | E: 74 | L: 1000 | R: 171.1152 | BS: 74222 | FPS: 35.0717 | T: 0:34:19
| [33mtrain[0m | F: 75000 | S: 75000 | E: 75 | L: 1000 | R: 42.5585 | BS: 75225 | FPS: 34.8943 | T: 0:34:47
| [33mtrain[0m | F: 76000 | S: 76000 | E: 76 | L: 1000 | R: 164.4062 | BS: 76228 | FPS: 35.0901 | T: 0:35:16
| [33mtrain[0m | F: 77000 | S: 77000 | E: 77 | L: 1000 | R: 80.7918 | BS: 77231 | FPS: 35.1915 | T: 0:35:44
| [33mtrain[0m | F: 78000 | S: 78000 | E: 78 | L: 1000 | R: 119.7618 | BS: 78234 | FPS: 35.1384 | T: 0:36:13
| [33mtrain[0m | F: 79000 | S: 79000 | E: 79 | L: 1000 | R: 85.1592 | BS: 79237 | FPS: 35.0126 | T: 0:36:41
| [33mtrain[0m | F: 80000 | S: 80000 | E: 80 | L: 1000 | R: 25.7855 | BS: 80240 | FPS: 35.0540 | T: 0:37:10
1
| [32meval[0m  | F: 80000 | S: 80000 | E: 80 | L: 1000 | R: 107.9701 | T: 0:37:10
| [33mtrain[0m | F: 81000 | S: 81000 | E: 81 | L: 1000 | R: 58.3325 | BS: 81243 | FPS: 28.7666 | T: 0:37:45
| [33mtrain[0m | F: 82000 | S: 82000 | E: 82 | L: 1000 | R: 116.4032 | BS: 82246 | FPS: 35.0125 | T: 0:38:13
| [33mtrain[0m | F: 83000 | S: 83000 | E: 83 | L: 1000 | R: 72.4893 | BS: 83249 | FPS: 35.1094 | T: 0:38:42
| [33mtrain[0m | F: 84000 | S: 84000 | E: 84 | L: 1000 | R: 165.4297 | BS: 84252 | FPS: 35.0073 | T: 0:39:10
| [33mtrain[0m | F: 85000 | S: 85000 | E: 85 | L: 1000 | R: 43.8366 | BS: 85255 | FPS: 35.0221 | T: 0:39:39
| [33mtrain[0m | F: 86000 | S: 86000 | E: 86 | L: 1000 | R: 154.6435 | BS: 86258 | FPS: 35.1376 | T: 0:40:07
| [33mtrain[0m | F: 87000 | S: 87000 | E: 87 | L: 1000 | R: 151.7255 | BS: 87261 | FPS: 35.1363 | T: 0:40:36
| [33mtrain[0m | F: 88000 | S: 88000 | E: 88 | L: 1000 | R: 74.8546 | BS: 88264 | FPS: 35.1918 | T: 0:41:04
| [33mtrain[0m | F: 89000 | S: 89000 | E: 89 | L: 1000 | R: 153.6255 | BS: 89267 | FPS: 35.0336 | T: 0:41:33
| [33mtrain[0m | F: 90000 | S: 90000 | E: 90 | L: 1000 | R: 120.2787 | BS: 90270 | FPS: 35.0406 | T: 0:42:01
1
| [32meval[0m  | F: 90000 | S: 90000 | E: 90 | L: 1000 | R: 50.4187 | T: 0:42:01
| [33mtrain[0m | F: 91000 | S: 91000 | E: 91 | L: 1000 | R: 160.7431 | BS: 91273 | FPS: 28.4891 | T: 0:42:36
| [33mtrain[0m | F: 92000 | S: 92000 | E: 92 | L: 1000 | R: 131.8792 | BS: 92276 | FPS: 34.9697 | T: 0:43:05
| [33mtrain[0m | F: 93000 | S: 93000 | E: 93 | L: 1000 | R: 93.5623 | BS: 93279 | FPS: 34.9724 | T: 0:43:34
| [33mtrain[0m | F: 94000 | S: 94000 | E: 94 | L: 1000 | R: 126.9911 | BS: 94282 | FPS: 34.9919 | T: 0:44:02
| [33mtrain[0m | F: 95000 | S: 95000 | E: 95 | L: 1000 | R: 47.6539 | BS: 95285 | FPS: 35.1021 | T: 0:44:31
| [33mtrain[0m | F: 96000 | S: 96000 | E: 96 | L: 1000 | R: 84.9149 | BS: 96288 | FPS: 35.1086 | T: 0:44:59
| [33mtrain[0m | F: 97000 | S: 97000 | E: 97 | L: 1000 | R: 82.0048 | BS: 97291 | FPS: 35.1294 | T: 0:45:28
| [33mtrain[0m | F: 98000 | S: 98000 | E: 98 | L: 1000 | R: 116.4597 | BS: 98294 | FPS: 35.1562 | T: 0:45:56
| [33mtrain[0m | F: 99000 | S: 99000 | E: 99 | L: 1000 | R: 74.7739 | BS: 99297 | FPS: 34.9934 | T: 0:46:25
| [33mtrain[0m | F: 100000 | S: 100000 | E: 100 | L: 1000 | R: 178.5716 | BS: 100300 | FPS: 35.0721 | T: 0:46:53
1
| [32meval[0m  | F: 100000 | S: 100000 | E: 100 | L: 1000 | R: 56.1437 | T: 0:46:53
| [33mtrain[0m | F: 101000 | S: 101000 | E: 101 | L: 1000 | R: 162.7353 | BS: 101303 | FPS: 28.3217 | T: 0:47:28
| [33mtrain[0m | F: 102000 | S: 102000 | E: 102 | L: 1000 | R: 174.7684 | BS: 102306 | FPS: 34.9454 | T: 0:47:57
| [33mtrain[0m | F: 103000 | S: 103000 | E: 103 | L: 1000 | R: 62.1822 | BS: 103309 | FPS: 34.8906 | T: 0:48:26
| [33mtrain[0m | F: 104000 | S: 104000 | E: 104 | L: 1000 | R: 58.6335 | BS: 104312 | FPS: 34.8322 | T: 0:48:54
| [33mtrain[0m | F: 105000 | S: 105000 | E: 105 | L: 1000 | R: 78.6539 | BS: 105315 | FPS: 35.0336 | T: 0:49:23
| [33mtrain[0m | F: 106000 | S: 106000 | E: 106 | L: 1000 | R: 83.5902 | BS: 106318 | FPS: 34.8660 | T: 0:49:52
| [33mtrain[0m | F: 107000 | S: 107000 | E: 107 | L: 1000 | R: 129.9043 | BS: 107321 | FPS: 34.9484 | T: 0:50:20
| [33mtrain[0m | F: 108000 | S: 108000 | E: 108 | L: 1000 | R: 88.7068 | BS: 108324 | FPS: 34.8917 | T: 0:50:49
| [33mtrain[0m | F: 109000 | S: 109000 | E: 109 | L: 1000 | R: 144.7326 | BS: 109327 | FPS: 34.8780 | T: 0:51:18
| [33mtrain[0m | F: 110000 | S: 110000 | E: 110 | L: 1000 | R: 92.1460 | BS: 110330 | FPS: 34.9481 | T: 0:51:46
1
| [32meval[0m  | F: 110000 | S: 110000 | E: 110 | L: 1000 | R: 196.5908 | T: 0:51:46
| [33mtrain[0m | F: 111000 | S: 111000 | E: 111 | L: 1000 | R: 103.3815 | BS: 111333 | FPS: 28.4521 | T: 0:52:21
| [33mtrain[0m | F: 112000 | S: 112000 | E: 112 | L: 1000 | R: 176.6958 | BS: 112336 | FPS: 34.9583 | T: 0:52:50
| [33mtrain[0m | F: 113000 | S: 113000 | E: 113 | L: 1000 | R: 88.0834 | BS: 113339 | FPS: 34.7923 | T: 0:53:19
| [33mtrain[0m | F: 114000 | S: 114000 | E: 114 | L: 1000 | R: 172.4413 | BS: 114342 | FPS: 34.9474 | T: 0:53:47
| [33mtrain[0m | F: 115000 | S: 115000 | E: 115 | L: 1000 | R: 144.3197 | BS: 115345 | FPS: 34.9590 | T: 0:54:16
| [33mtrain[0m | F: 116000 | S: 116000 | E: 116 | L: 1000 | R: 140.7880 | BS: 116348 | FPS: 34.9717 | T: 0:54:45
| [33mtrain[0m | F: 117000 | S: 117000 | E: 117 | L: 1000 | R: 119.3367 | BS: 117351 | FPS: 34.9612 | T: 0:55:13
| [33mtrain[0m | F: 118000 | S: 118000 | E: 118 | L: 1000 | R: 151.7065 | BS: 118354 | FPS: 34.9559 | T: 0:55:42
| [33mtrain[0m | F: 119000 | S: 119000 | E: 119 | L: 1000 | R: 130.1529 | BS: 119357 | FPS: 34.9245 | T: 0:56:10
| [33mtrain[0m | F: 120000 | S: 120000 | E: 120 | L: 1000 | R: 168.2678 | BS: 120360 | FPS: 34.8477 | T: 0:56:39
1
| [32meval[0m  | F: 120000 | S: 120000 | E: 120 | L: 1000 | R: 144.5694 | T: 0:56:39
| [33mtrain[0m | F: 121000 | S: 121000 | E: 121 | L: 1000 | R: 176.1695 | BS: 121363 | FPS: 28.4355 | T: 0:57:14
| [33mtrain[0m | F: 122000 | S: 122000 | E: 122 | L: 1000 | R: 184.9033 | BS: 122366 | FPS: 34.9390 | T: 0:57:43
| [33mtrain[0m | F: 123000 | S: 123000 | E: 123 | L: 1000 | R: 146.4435 | BS: 123369 | FPS: 34.9584 | T: 0:58:11
| [33mtrain[0m | F: 124000 | S: 124000 | E: 124 | L: 1000 | R: 113.3788 | BS: 124372 | FPS: 34.9424 | T: 0:58:40
| [33mtrain[0m | F: 125000 | S: 125000 | E: 125 | L: 1000 | R: 178.6776 | BS: 125375 | FPS: 34.9844 | T: 0:59:09
| [33mtrain[0m | F: 126000 | S: 126000 | E: 126 | L: 1000 | R: 165.3469 | BS: 126378 | FPS: 34.9850 | T: 0:59:37
| [33mtrain[0m | F: 127000 | S: 127000 | E: 127 | L: 1000 | R: 134.8893 | BS: 127381 | FPS: 34.9489 | T: 1:00:06
| [33mtrain[0m | F: 128000 | S: 128000 | E: 128 | L: 1000 | R: 155.1974 | BS: 128384 | FPS: 34.9366 | T: 1:00:34
| [33mtrain[0m | F: 129000 | S: 129000 | E: 129 | L: 1000 | R: 165.6322 | BS: 129387 | FPS: 34.9249 | T: 1:01:03
| [33mtrain[0m | F: 130000 | S: 130000 | E: 130 | L: 1000 | R: 200.9574 | BS: 130390 | FPS: 34.8683 | T: 1:01:32
1
| [32meval[0m  | F: 130000 | S: 130000 | E: 130 | L: 1000 | R: 192.9972 | T: 1:01:32
| [33mtrain[0m | F: 131000 | S: 131000 | E: 131 | L: 1000 | R: 175.9523 | BS: 131393 | FPS: 28.4393 | T: 1:02:07
| [33mtrain[0m | F: 132000 | S: 132000 | E: 132 | L: 1000 | R: 160.0562 | BS: 132396 | FPS: 34.9474 | T: 1:02:36
| [33mtrain[0m | F: 133000 | S: 133000 | E: 133 | L: 1000 | R: 213.3214 | BS: 133399 | FPS: 34.8591 | T: 1:03:04
| [33mtrain[0m | F: 134000 | S: 134000 | E: 134 | L: 1000 | R: 181.9124 | BS: 134402 | FPS: 34.8774 | T: 1:03:33
| [33mtrain[0m | F: 135000 | S: 135000 | E: 135 | L: 1000 | R: 31.4882 | BS: 135405 | FPS: 34.8168 | T: 1:04:02
| [33mtrain[0m | F: 136000 | S: 136000 | E: 136 | L: 1000 | R: 153.6744 | BS: 136408 | FPS: 34.9253 | T: 1:04:30
| [33mtrain[0m | F: 137000 | S: 137000 | E: 137 | L: 1000 | R: 187.3692 | BS: 137411 | FPS: 34.9050 | T: 1:04:59
| [33mtrain[0m | F: 138000 | S: 138000 | E: 138 | L: 1000 | R: 130.3210 | BS: 138414 | FPS: 35.0180 | T: 1:05:27
| [33mtrain[0m | F: 139000 | S: 139000 | E: 139 | L: 1000 | R: 178.0656 | BS: 139417 | FPS: 34.9279 | T: 1:05:56
| [33mtrain[0m | F: 140000 | S: 140000 | E: 140 | L: 1000 | R: 148.8180 | BS: 140420 | FPS: 34.9973 | T: 1:06:25
1
| [32meval[0m  | F: 140000 | S: 140000 | E: 140 | L: 1000 | R: 186.6350 | T: 1:06:25
| [33mtrain[0m | F: 141000 | S: 141000 | E: 141 | L: 1000 | R: 177.2765 | BS: 141423 | FPS: 28.4238 | T: 1:07:00
| [33mtrain[0m | F: 142000 | S: 142000 | E: 142 | L: 1000 | R: 166.8173 | BS: 142426 | FPS: 34.8747 | T: 1:07:29
| [33mtrain[0m | F: 143000 | S: 143000 | E: 143 | L: 1000 | R: 168.7697 | BS: 143429 | FPS: 34.9570 | T: 1:07:57
| [33mtrain[0m | F: 144000 | S: 144000 | E: 144 | L: 1000 | R: 158.7235 | BS: 144432 | FPS: 34.9327 | T: 1:08:26
| [33mtrain[0m | F: 145000 | S: 145000 | E: 145 | L: 1000 | R: 136.2227 | BS: 145435 | FPS: 34.9228 | T: 1:08:54
| [33mtrain[0m | F: 146000 | S: 146000 | E: 146 | L: 1000 | R: 173.7641 | BS: 146438 | FPS: 34.9461 | T: 1:09:23
| [33mtrain[0m | F: 147000 | S: 147000 | E: 147 | L: 1000 | R: 182.4817 | BS: 147441 | FPS: 34.9071 | T: 1:09:52
| [33mtrain[0m | F: 148000 | S: 148000 | E: 148 | L: 1000 | R: 188.8706 | BS: 148444 | FPS: 34.8748 | T: 1:10:20
| [33mtrain[0m | F: 149000 | S: 149000 | E: 149 | L: 1000 | R: 220.3966 | BS: 149447 | FPS: 34.9030 | T: 1:10:49
| [33mtrain[0m | F: 150000 | S: 150000 | E: 150 | L: 1000 | R: 174.3488 | BS: 150450 | FPS: 34.8626 | T: 1:11:18
1
| [32meval[0m  | F: 150000 | S: 150000 | E: 150 | L: 1000 | R: 223.7268 | T: 1:11:18
| [33mtrain[0m | F: 151000 | S: 151000 | E: 151 | L: 1000 | R: 179.1042 | BS: 151453 | FPS: 28.3271 | T: 1:11:53
| [33mtrain[0m | F: 152000 | S: 152000 | E: 152 | L: 1000 | R: 207.0549 | BS: 152456 | FPS: 34.9010 | T: 1:12:22
| [33mtrain[0m | F: 153000 | S: 153000 | E: 153 | L: 1000 | R: 202.5203 | BS: 153459 | FPS: 34.8520 | T: 1:12:50
| [33mtrain[0m | F: 154000 | S: 154000 | E: 154 | L: 1000 | R: 121.1237 | BS: 154462 | FPS: 34.8450 | T: 1:13:19
| [33mtrain[0m | F: 155000 | S: 155000 | E: 155 | L: 1000 | R: 168.3142 | BS: 155465 | FPS: 34.8187 | T: 1:13:48
| [33mtrain[0m | F: 156000 | S: 156000 | E: 156 | L: 1000 | R: 166.0256 | BS: 156468 | FPS: 34.9966 | T: 1:14:16
| [33mtrain[0m | F: 157000 | S: 157000 | E: 157 | L: 1000 | R: 165.6494 | BS: 157471 | FPS: 34.9001 | T: 1:14:45
| [33mtrain[0m | F: 158000 | S: 158000 | E: 158 | L: 1000 | R: 204.6149 | BS: 158474 | FPS: 34.9519 | T: 1:15:14
| [33mtrain[0m | F: 159000 | S: 159000 | E: 159 | L: 1000 | R: 141.0463 | BS: 159477 | FPS: 34.9208 | T: 1:15:42
| [33mtrain[0m | F: 160000 | S: 160000 | E: 160 | L: 1000 | R: 171.6834 | BS: 160480 | FPS: 34.8568 | T: 1:16:11
1
| [32meval[0m  | F: 160000 | S: 160000 | E: 160 | L: 1000 | R: 127.9441 | T: 1:16:11
| [33mtrain[0m | F: 161000 | S: 161000 | E: 161 | L: 1000 | R: 176.6045 | BS: 161483 | FPS: 28.5888 | T: 1:16:46
| [33mtrain[0m | F: 162000 | S: 162000 | E: 162 | L: 1000 | R: 109.7598 | BS: 162486 | FPS: 34.8152 | T: 1:17:15
| [33mtrain[0m | F: 163000 | S: 163000 | E: 163 | L: 1000 | R: 124.6199 | BS: 163489 | FPS: 34.9171 | T: 1:17:43
| [33mtrain[0m | F: 164000 | S: 164000 | E: 164 | L: 1000 | R: 23.2356 | BS: 164492 | FPS: 34.7651 | T: 1:18:12
| [33mtrain[0m | F: 165000 | S: 165000 | E: 165 | L: 1000 | R: 192.8010 | BS: 165495 | FPS: 34.8583 | T: 1:18:41
| [33mtrain[0m | F: 166000 | S: 166000 | E: 166 | L: 1000 | R: 166.3016 | BS: 166498 | FPS: 34.9662 | T: 1:19:09
| [33mtrain[0m | F: 167000 | S: 167000 | E: 167 | L: 1000 | R: 195.2397 | BS: 167501 | FPS: 34.9351 | T: 1:19:38
| [33mtrain[0m | F: 168000 | S: 168000 | E: 168 | L: 1000 | R: 209.1658 | BS: 168504 | FPS: 34.9720 | T: 1:20:07
| [33mtrain[0m | F: 169000 | S: 169000 | E: 169 | L: 1000 | R: 208.7455 | BS: 169507 | FPS: 34.9194 | T: 1:20:35
| [33mtrain[0m | F: 170000 | S: 170000 | E: 170 | L: 1000 | R: 196.1365 | BS: 170510 | FPS: 34.9476 | T: 1:21:04
1
| [32meval[0m  | F: 170000 | S: 170000 | E: 170 | L: 1000 | R: 203.3492 | T: 1:21:04
| [33mtrain[0m | F: 171000 | S: 171000 | E: 171 | L: 1000 | R: 184.7399 | BS: 171513 | FPS: 28.3475 | T: 1:21:39
| [33mtrain[0m | F: 172000 | S: 172000 | E: 172 | L: 1000 | R: 203.7671 | BS: 172516 | FPS: 34.9577 | T: 1:22:08
| [33mtrain[0m | F: 173000 | S: 173000 | E: 173 | L: 1000 | R: 197.6156 | BS: 173519 | FPS: 34.8764 | T: 1:22:36
| [33mtrain[0m | F: 174000 | S: 174000 | E: 174 | L: 1000 | R: 180.3496 | BS: 174522 | FPS: 34.9351 | T: 1:23:05
| [33mtrain[0m | F: 175000 | S: 175000 | E: 175 | L: 1000 | R: 182.8759 | BS: 175525 | FPS: 34.8559 | T: 1:23:34
| [33mtrain[0m | F: 176000 | S: 176000 | E: 176 | L: 1000 | R: 185.8852 | BS: 176528 | FPS: 34.9653 | T: 1:24:02
| [33mtrain[0m | F: 177000 | S: 177000 | E: 177 | L: 1000 | R: 192.6472 | BS: 177531 | FPS: 34.9630 | T: 1:24:31
| [33mtrain[0m | F: 178000 | S: 178000 | E: 178 | L: 1000 | R: 189.7104 | BS: 178534 | FPS: 34.9999 | T: 1:24:59
| [33mtrain[0m | F: 179000 | S: 179000 | E: 179 | L: 1000 | R: 162.9828 | BS: 179537 | FPS: 34.9529 | T: 1:25:28
| [33mtrain[0m | F: 180000 | S: 180000 | E: 180 | L: 1000 | R: 185.4094 | BS: 180540 | FPS: 35.0338 | T: 1:25:57
1
| [32meval[0m  | F: 180000 | S: 180000 | E: 180 | L: 1000 | R: 191.9187 | T: 1:25:57
| [33mtrain[0m | F: 181000 | S: 181000 | E: 181 | L: 1000 | R: 142.8038 | BS: 181543 | FPS: 28.3368 | T: 1:26:32
| [33mtrain[0m | F: 182000 | S: 182000 | E: 182 | L: 1000 | R: 191.0369 | BS: 182546 | FPS: 34.9025 | T: 1:27:01
| [33mtrain[0m | F: 183000 | S: 183000 | E: 183 | L: 1000 | R: 181.9462 | BS: 183549 | FPS: 34.9154 | T: 1:27:29
| [33mtrain[0m | F: 184000 | S: 184000 | E: 184 | L: 1000 | R: 219.4941 | BS: 184552 | FPS: 34.8560 | T: 1:27:58
| [33mtrain[0m | F: 185000 | S: 185000 | E: 185 | L: 1000 | R: 178.4095 | BS: 185555 | FPS: 34.9179 | T: 1:28:26
| [33mtrain[0m | F: 186000 | S: 186000 | E: 186 | L: 1000 | R: 231.4925 | BS: 186558 | FPS: 34.8893 | T: 1:28:55
| [33mtrain[0m | F: 187000 | S: 187000 | E: 187 | L: 1000 | R: 43.0323 | BS: 187561 | FPS: 34.9070 | T: 1:29:24
| [33mtrain[0m | F: 188000 | S: 188000 | E: 188 | L: 1000 | R: 182.3344 | BS: 188564 | FPS: 34.8718 | T: 1:29:52
| [33mtrain[0m | F: 189000 | S: 189000 | E: 189 | L: 1000 | R: 197.1134 | BS: 189567 | FPS: 34.8791 | T: 1:30:21
| [33mtrain[0m | F: 190000 | S: 190000 | E: 190 | L: 1000 | R: 192.0143 | BS: 190570 | FPS: 35.0065 | T: 1:30:50
1
| [32meval[0m  | F: 190000 | S: 190000 | E: 190 | L: 1000 | R: 171.1089 | T: 1:30:50
| [33mtrain[0m | F: 191000 | S: 191000 | E: 191 | L: 1000 | R: 232.5898 | BS: 191573 | FPS: 28.4795 | T: 1:31:25
| [33mtrain[0m | F: 192000 | S: 192000 | E: 192 | L: 1000 | R: 194.5575 | BS: 192576 | FPS: 34.9384 | T: 1:31:53
| [33mtrain[0m | F: 193000 | S: 193000 | E: 193 | L: 1000 | R: 255.2202 | BS: 193579 | FPS: 34.9080 | T: 1:32:22
| [33mtrain[0m | F: 194000 | S: 194000 | E: 194 | L: 1000 | R: 200.9180 | BS: 194582 | FPS: 34.7883 | T: 1:32:51
| [33mtrain[0m | F: 195000 | S: 195000 | E: 195 | L: 1000 | R: 209.2639 | BS: 195585 | FPS: 34.8431 | T: 1:33:20
| [33mtrain[0m | F: 196000 | S: 196000 | E: 196 | L: 1000 | R: 211.2995 | BS: 196588 | FPS: 34.8762 | T: 1:33:48
| [33mtrain[0m | F: 197000 | S: 197000 | E: 197 | L: 1000 | R: 208.1318 | BS: 197591 | FPS: 34.9255 | T: 1:34:17
| [33mtrain[0m | F: 198000 | S: 198000 | E: 198 | L: 1000 | R: 176.2713 | BS: 198594 | FPS: 35.0315 | T: 1:34:45
| [33mtrain[0m | F: 199000 | S: 199000 | E: 199 | L: 1000 | R: 189.3800 | BS: 199597 | FPS: 34.8458 | T: 1:35:14
| [33mtrain[0m | F: 200000 | S: 200000 | E: 200 | L: 1000 | R: 192.5277 | BS: 200600 | FPS: 34.9146 | T: 1:35:43
1
| [32meval[0m  | F: 200000 | S: 200000 | E: 200 | L: 1000 | R: 227.0879 | T: 1:35:43
| [33mtrain[0m | F: 201000 | S: 201000 | E: 201 | L: 1000 | R: 199.6634 | BS: 201603 | FPS: 28.2911 | T: 1:36:18
| [33mtrain[0m | F: 202000 | S: 202000 | E: 202 | L: 1000 | R: 206.5194 | BS: 202606 | FPS: 34.9402 | T: 1:36:47
| [33mtrain[0m | F: 203000 | S: 203000 | E: 203 | L: 1000 | R: 195.4765 | BS: 203609 | FPS: 34.8946 | T: 1:37:15
| [33mtrain[0m | F: 204000 | S: 204000 | E: 204 | L: 1000 | R: 187.5852 | BS: 204612 | FPS: 34.8357 | T: 1:37:44
| [33mtrain[0m | F: 205000 | S: 205000 | E: 205 | L: 1000 | R: 206.0626 | BS: 205615 | FPS: 34.9385 | T: 1:38:13
| [33mtrain[0m | F: 206000 | S: 206000 | E: 206 | L: 1000 | R: 196.7207 | BS: 206618 | FPS: 34.8121 | T: 1:38:41
| [33mtrain[0m | F: 207000 | S: 207000 | E: 207 | L: 1000 | R: 167.5386 | BS: 207621 | FPS: 34.8922 | T: 1:39:10
| [33mtrain[0m | F: 208000 | S: 208000 | E: 208 | L: 1000 | R: 199.6378 | BS: 208624 | FPS: 34.8788 | T: 1:39:39
| [33mtrain[0m | F: 209000 | S: 209000 | E: 209 | L: 1000 | R: 159.3497 | BS: 209627 | FPS: 34.8169 | T: 1:40:07
| [33mtrain[0m | F: 210000 | S: 210000 | E: 210 | L: 1000 | R: 180.0603 | BS: 210630 | FPS: 34.9056 | T: 1:40:36
1
| [32meval[0m  | F: 210000 | S: 210000 | E: 210 | L: 1000 | R: 253.2100 | T: 1:40:36
| [33mtrain[0m | F: 211000 | S: 211000 | E: 211 | L: 1000 | R: 186.4393 | BS: 211633 | FPS: 28.3024 | T: 1:41:11
| [33mtrain[0m | F: 212000 | S: 212000 | E: 212 | L: 1000 | R: 205.9718 | BS: 212636 | FPS: 34.8178 | T: 1:41:40
| [33mtrain[0m | F: 213000 | S: 213000 | E: 213 | L: 1000 | R: 193.7393 | BS: 213639 | FPS: 34.9494 | T: 1:42:09
| [33mtrain[0m | F: 214000 | S: 214000 | E: 214 | L: 1000 | R: 165.6828 | BS: 214642 | FPS: 34.9214 | T: 1:42:37
| [33mtrain[0m | F: 215000 | S: 215000 | E: 215 | L: 1000 | R: 214.4467 | BS: 215645 | FPS: 34.8153 | T: 1:43:06
| [33mtrain[0m | F: 216000 | S: 216000 | E: 216 | L: 1000 | R: 209.5962 | BS: 216648 | FPS: 34.8675 | T: 1:43:35
| [33mtrain[0m | F: 217000 | S: 217000 | E: 217 | L: 1000 | R: 186.5401 | BS: 217651 | FPS: 35.0050 | T: 1:44:03
| [33mtrain[0m | F: 218000 | S: 218000 | E: 218 | L: 1000 | R: 82.9435 | BS: 218654 | FPS: 34.8531 | T: 1:44:32
| [33mtrain[0m | F: 219000 | S: 219000 | E: 219 | L: 1000 | R: 192.5586 | BS: 219657 | FPS: 34.8734 | T: 1:45:01
| [33mtrain[0m | F: 220000 | S: 220000 | E: 220 | L: 1000 | R: 187.4475 | BS: 220660 | FPS: 34.8519 | T: 1:45:29
1
| [32meval[0m  | F: 220000 | S: 220000 | E: 220 | L: 1000 | R: 180.7230 | T: 1:45:29
| [33mtrain[0m | F: 221000 | S: 221000 | E: 221 | L: 1000 | R: 179.8834 | BS: 221663 | FPS: 28.2897 | T: 1:46:05
| [33mtrain[0m | F: 222000 | S: 222000 | E: 222 | L: 1000 | R: 154.0826 | BS: 222666 | FPS: 34.8369 | T: 1:46:33
| [33mtrain[0m | F: 223000 | S: 223000 | E: 223 | L: 1000 | R: 238.8921 | BS: 223669 | FPS: 34.8053 | T: 1:47:02
| [33mtrain[0m | F: 224000 | S: 224000 | E: 224 | L: 1000 | R: 234.5436 | BS: 224672 | FPS: 34.9067 | T: 1:47:31
| [33mtrain[0m | F: 225000 | S: 225000 | E: 225 | L: 1000 | R: 140.6840 | BS: 225675 | FPS: 34.9755 | T: 1:47:59
| [33mtrain[0m | F: 226000 | S: 226000 | E: 226 | L: 1000 | R: 286.7404 | BS: 226678 | FPS: 35.0037 | T: 1:48:28
| [33mtrain[0m | F: 227000 | S: 227000 | E: 227 | L: 1000 | R: 225.9612 | BS: 227681 | FPS: 34.8625 | T: 1:48:57
| [33mtrain[0m | F: 228000 | S: 228000 | E: 228 | L: 1000 | R: 57.8299 | BS: 228684 | FPS: 34.7786 | T: 1:49:25
| [33mtrain[0m | F: 229000 | S: 229000 | E: 229 | L: 1000 | R: 158.5642 | BS: 229687 | FPS: 34.8654 | T: 1:49:54
| [33mtrain[0m | F: 230000 | S: 230000 | E: 230 | L: 1000 | R: 185.6168 | BS: 230690 | FPS: 34.9894 | T: 1:50:23
1
| [32meval[0m  | F: 230000 | S: 230000 | E: 230 | L: 1000 | R: 266.6127 | T: 1:50:23
| [33mtrain[0m | F: 231000 | S: 231000 | E: 231 | L: 1000 | R: 93.7866 | BS: 231693 | FPS: 28.2843 | T: 1:50:58
| [33mtrain[0m | F: 232000 | S: 232000 | E: 232 | L: 1000 | R: 238.9400 | BS: 232696 | FPS: 34.9252 | T: 1:51:27
| [33mtrain[0m | F: 233000 | S: 233000 | E: 233 | L: 1000 | R: 37.2078 | BS: 233699 | FPS: 34.8260 | T: 1:51:55
| [33mtrain[0m | F: 234000 | S: 234000 | E: 234 | L: 1000 | R: 236.1327 | BS: 234702 | FPS: 34.8300 | T: 1:52:24
| [33mtrain[0m | F: 235000 | S: 235000 | E: 235 | L: 1000 | R: 49.3571 | BS: 235705 | FPS: 34.7212 | T: 1:52:53
| [33mtrain[0m | F: 236000 | S: 236000 | E: 236 | L: 1000 | R: 160.0577 | BS: 236708 | FPS: 34.8948 | T: 1:53:22
| [33mtrain[0m | F: 237000 | S: 237000 | E: 237 | L: 1000 | R: 154.7816 | BS: 237711 | FPS: 34.9768 | T: 1:53:50
| [33mtrain[0m | F: 238000 | S: 238000 | E: 238 | L: 1000 | R: 53.2657 | BS: 238714 | FPS: 34.8308 | T: 1:54:19
| [33mtrain[0m | F: 239000 | S: 239000 | E: 239 | L: 1000 | R: 233.4608 | BS: 239717 | FPS: 34.8499 | T: 1:54:48
| [33mtrain[0m | F: 240000 | S: 240000 | E: 240 | L: 1000 | R: 217.4522 | BS: 240720 | FPS: 34.7825 | T: 1:55:16
1
| [32meval[0m  | F: 240000 | S: 240000 | E: 240 | L: 1000 | R: 97.3705 | T: 1:55:16
| [33mtrain[0m | F: 241000 | S: 241000 | E: 241 | L: 1000 | R: 26.4353 | BS: 241723 | FPS: 28.3599 | T: 1:55:52
| [33mtrain[0m | F: 242000 | S: 242000 | E: 242 | L: 1000 | R: 146.5109 | BS: 242726 | FPS: 34.8148 | T: 1:56:20
| [33mtrain[0m | F: 243000 | S: 243000 | E: 243 | L: 1000 | R: 150.5917 | BS: 243729 | FPS: 34.8343 | T: 1:56:49
| [33mtrain[0m | F: 244000 | S: 244000 | E: 244 | L: 1000 | R: 60.9319 | BS: 244732 | FPS: 34.8642 | T: 1:57:18
| [33mtrain[0m | F: 245000 | S: 245000 | E: 245 | L: 1000 | R: 215.8584 | BS: 245735 | FPS: 34.8206 | T: 1:57:46
| [33mtrain[0m | F: 246000 | S: 246000 | E: 246 | L: 1000 | R: 409.9641 | BS: 246738 | FPS: 34.9127 | T: 1:58:15
| [33mtrain[0m | F: 247000 | S: 247000 | E: 247 | L: 1000 | R: 122.1195 | BS: 247741 | FPS: 34.9164 | T: 1:58:44
| [33mtrain[0m | F: 248000 | S: 248000 | E: 248 | L: 1000 | R: 139.9353 | BS: 248744 | FPS: 34.8079 | T: 1:59:12
| [33mtrain[0m | F: 249000 | S: 249000 | E: 249 | L: 1000 | R: 304.1427 | BS: 249747 | FPS: 34.8380 | T: 1:59:41
| [33mtrain[0m | F: 250000 | S: 250000 | E: 250 | L: 1000 | R: 102.2623 | BS: 250750 | FPS: 34.8770 | T: 2:00:10
1
| [32meval[0m  | F: 250000 | S: 250000 | E: 250 | L: 1000 | R: 405.0203 | T: 2:00:10
| [33mtrain[0m | F: 251000 | S: 251000 | E: 251 | L: 1000 | R: 207.4916 | BS: 251753 | FPS: 28.1531 | T: 2:00:45
| [33mtrain[0m | F: 252000 | S: 252000 | E: 252 | L: 1000 | R: 228.4734 | BS: 252756 | FPS: 34.7384 | T: 2:01:14
| [33mtrain[0m | F: 253000 | S: 253000 | E: 253 | L: 1000 | R: 225.0513 | BS: 253759 | FPS: 34.8644 | T: 2:01:43
| [33mtrain[0m | F: 254000 | S: 254000 | E: 254 | L: 1000 | R: 76.2965 | BS: 254762 | FPS: 34.8486 | T: 2:02:11
| [33mtrain[0m | F: 255000 | S: 255000 | E: 255 | L: 1000 | R: 55.1360 | BS: 255765 | FPS: 34.8000 | T: 2:02:40
| [33mtrain[0m | F: 256000 | S: 256000 | E: 256 | L: 1000 | R: 225.5122 | BS: 256768 | FPS: 34.7715 | T: 2:03:09
| [33mtrain[0m | F: 257000 | S: 257000 | E: 257 | L: 1000 | R: 363.2401 | BS: 257771 | FPS: 34.8480 | T: 2:03:38
| [33mtrain[0m | F: 258000 | S: 258000 | E: 258 | L: 1000 | R: 135.7080 | BS: 258774 | FPS: 34.7916 | T: 2:04:06
| [33mtrain[0m | F: 259000 | S: 259000 | E: 259 | L: 1000 | R: 281.0231 | BS: 259777 | FPS: 34.7717 | T: 2:04:35
| [33mtrain[0m | F: 260000 | S: 260000 | E: 260 | L: 1000 | R: 58.2734 | BS: 260780 | FPS: 34.7768 | T: 2:05:04
1
| [32meval[0m  | F: 260000 | S: 260000 | E: 260 | L: 1000 | R: 349.3848 | T: 2:05:04
| [33mtrain[0m | F: 261000 | S: 261000 | E: 261 | L: 1000 | R: 44.1510 | BS: 261783 | FPS: 28.1497 | T: 2:05:39
| [33mtrain[0m | F: 262000 | S: 262000 | E: 262 | L: 1000 | R: 314.9385 | BS: 262786 | FPS: 34.8141 | T: 2:06:08
| [33mtrain[0m | F: 263000 | S: 263000 | E: 263 | L: 1000 | R: 234.4496 | BS: 263789 | FPS: 34.8505 | T: 2:06:37
| [33mtrain[0m | F: 264000 | S: 264000 | E: 264 | L: 1000 | R: 321.8877 | BS: 264792 | FPS: 34.7049 | T: 2:07:06
| [33mtrain[0m | F: 265000 | S: 265000 | E: 265 | L: 1000 | R: 236.4967 | BS: 265795 | FPS: 34.8041 | T: 2:07:34
| [33mtrain[0m | F: 266000 | S: 266000 | E: 266 | L: 1000 | R: 239.2788 | BS: 266798 | FPS: 34.9568 | T: 2:08:03
| [33mtrain[0m | F: 267000 | S: 267000 | E: 267 | L: 1000 | R: 434.2461 | BS: 267801 | FPS: 34.9949 | T: 2:08:32
| [33mtrain[0m | F: 268000 | S: 268000 | E: 268 | L: 1000 | R: 20.5371 | BS: 268804 | FPS: 34.7972 | T: 2:09:00
| [33mtrain[0m | F: 269000 | S: 269000 | E: 269 | L: 1000 | R: 173.0770 | BS: 269807 | FPS: 34.8970 | T: 2:09:29
| [33mtrain[0m | F: 270000 | S: 270000 | E: 270 | L: 1000 | R: 402.0430 | BS: 270810 | FPS: 34.9646 | T: 2:09:58
1
| [32meval[0m  | F: 270000 | S: 270000 | E: 270 | L: 1000 | R: 402.8335 | T: 2:09:58
| [33mtrain[0m | F: 271000 | S: 271000 | E: 271 | L: 1000 | R: 398.7227 | BS: 271813 | FPS: 28.0689 | T: 2:10:33
| [33mtrain[0m | F: 272000 | S: 272000 | E: 272 | L: 1000 | R: 453.3351 | BS: 272816 | FPS: 34.8087 | T: 2:11:02
| [33mtrain[0m | F: 273000 | S: 273000 | E: 273 | L: 1000 | R: 292.2359 | BS: 273819 | FPS: 34.7712 | T: 2:11:31
| [33mtrain[0m | F: 274000 | S: 274000 | E: 274 | L: 1000 | R: 220.2740 | BS: 274822 | FPS: 34.7530 | T: 2:12:00
| [33mtrain[0m | F: 275000 | S: 275000 | E: 275 | L: 1000 | R: 425.0618 | BS: 275825 | FPS: 34.8728 | T: 2:12:28
| [33mtrain[0m | F: 276000 | S: 276000 | E: 276 | L: 1000 | R: 355.0070 | BS: 276828 | FPS: 34.8059 | T: 2:12:57
| [33mtrain[0m | F: 277000 | S: 277000 | E: 277 | L: 1000 | R: 370.0559 | BS: 277831 | FPS: 34.8498 | T: 2:13:26
| [33mtrain[0m | F: 278000 | S: 278000 | E: 278 | L: 1000 | R: 312.1837 | BS: 278834 | FPS: 34.7310 | T: 2:13:54
| [33mtrain[0m | F: 279000 | S: 279000 | E: 279 | L: 1000 | R: 246.0867 | BS: 279837 | FPS: 34.8596 | T: 2:14:23
| [33mtrain[0m | F: 280000 | S: 280000 | E: 280 | L: 1000 | R: 404.1479 | BS: 280840 | FPS: 34.8973 | T: 2:14:52
1
| [32meval[0m  | F: 280000 | S: 280000 | E: 280 | L: 1000 | R: 514.4609 | T: 2:14:52
| [33mtrain[0m | F: 281000 | S: 281000 | E: 281 | L: 1000 | R: 66.1408 | BS: 281843 | FPS: 28.1875 | T: 2:15:27
| [33mtrain[0m | F: 282000 | S: 282000 | E: 282 | L: 1000 | R: 379.3221 | BS: 282846 | FPS: 34.9174 | T: 2:15:56
| [33mtrain[0m | F: 283000 | S: 283000 | E: 283 | L: 1000 | R: 29.5547 | BS: 283849 | FPS: 34.8442 | T: 2:16:25
| [33mtrain[0m | F: 284000 | S: 284000 | E: 284 | L: 1000 | R: 496.2025 | BS: 284852 | FPS: 34.8160 | T: 2:16:53
| [33mtrain[0m | F: 285000 | S: 285000 | E: 285 | L: 1000 | R: 45.8134 | BS: 285855 | FPS: 34.9055 | T: 2:17:22
| [33mtrain[0m | F: 286000 | S: 286000 | E: 286 | L: 1000 | R: 328.8388 | BS: 286858 | FPS: 34.8250 | T: 2:17:51
| [33mtrain[0m | F: 287000 | S: 287000 | E: 287 | L: 1000 | R: 425.5316 | BS: 287861 | FPS: 34.9287 | T: 2:18:19
| [33mtrain[0m | F: 288000 | S: 288000 | E: 288 | L: 1000 | R: 302.5622 | BS: 288864 | FPS: 34.8466 | T: 2:18:48
| [33mtrain[0m | F: 289000 | S: 289000 | E: 289 | L: 1000 | R: 337.0059 | BS: 289867 | FPS: 34.9221 | T: 2:19:17
| [33mtrain[0m | F: 290000 | S: 290000 | E: 290 | L: 1000 | R: 137.6162 | BS: 290870 | FPS: 34.9357 | T: 2:19:45
1
| [32meval[0m  | F: 290000 | S: 290000 | E: 290 | L: 1000 | R: 377.3438 | T: 2:19:45
| [33mtrain[0m | F: 291000 | S: 291000 | E: 291 | L: 1000 | R: 274.8115 | BS: 291873 | FPS: 28.1221 | T: 2:20:21
| [33mtrain[0m | F: 292000 | S: 292000 | E: 292 | L: 1000 | R: 292.5996 | BS: 292876 | FPS: 34.7828 | T: 2:20:50
| [33mtrain[0m | F: 293000 | S: 293000 | E: 293 | L: 1000 | R: 338.9936 | BS: 293879 | FPS: 34.8570 | T: 2:21:18
| [33mtrain[0m | F: 294000 | S: 294000 | E: 294 | L: 1000 | R: 479.4524 | BS: 294882 | FPS: 34.8181 | T: 2:21:47
| [33mtrain[0m | F: 295000 | S: 295000 | E: 295 | L: 1000 | R: 314.3074 | BS: 295885 | FPS: 34.9208 | T: 2:22:16
| [33mtrain[0m | F: 296000 | S: 296000 | E: 296 | L: 1000 | R: 439.6112 | BS: 296888 | FPS: 34.8951 | T: 2:22:44
| [33mtrain[0m | F: 297000 | S: 297000 | E: 297 | L: 1000 | R: 130.3167 | BS: 297891 | FPS: 34.8427 | T: 2:23:13
| [33mtrain[0m | F: 298000 | S: 298000 | E: 298 | L: 1000 | R: 39.8355 | BS: 298894 | FPS: 34.8622 | T: 2:23:42
| [33mtrain[0m | F: 299000 | S: 299000 | E: 299 | L: 1000 | R: 50.7772 | BS: 299897 | FPS: 34.8770 | T: 2:24:10
| [33mtrain[0m | F: 300000 | S: 300000 | E: 300 | L: 1000 | R: 498.8427 | BS: 300900 | FPS: 34.8295 | T: 2:24:39
1
| [32meval[0m  | F: 300000 | S: 300000 | E: 300 | L: 1000 | R: 517.9973 | T: 2:24:39
| [33mtrain[0m | F: 301000 | S: 301000 | E: 301 | L: 1000 | R: 51.5939 | BS: 301903 | FPS: 28.1448 | T: 2:25:15
| [33mtrain[0m | F: 302000 | S: 302000 | E: 302 | L: 1000 | R: 317.9856 | BS: 302906 | FPS: 34.8045 | T: 2:25:43
| [33mtrain[0m | F: 303000 | S: 303000 | E: 303 | L: 1000 | R: 174.4179 | BS: 303909 | FPS: 34.8462 | T: 2:26:12
| [33mtrain[0m | F: 304000 | S: 304000 | E: 304 | L: 1000 | R: 347.7586 | BS: 304912 | FPS: 34.8343 | T: 2:26:41
| [33mtrain[0m | F: 305000 | S: 305000 | E: 305 | L: 1000 | R: 514.6242 | BS: 305915 | FPS: 34.8573 | T: 2:27:09
| [33mtrain[0m | F: 306000 | S: 306000 | E: 306 | L: 1000 | R: 417.9695 | BS: 306918 | FPS: 34.9035 | T: 2:27:38
| [33mtrain[0m | F: 307000 | S: 307000 | E: 307 | L: 1000 | R: 67.4078 | BS: 307921 | FPS: 34.8350 | T: 2:28:07
| [33mtrain[0m | F: 308000 | S: 308000 | E: 308 | L: 1000 | R: 442.9541 | BS: 308924 | FPS: 34.8292 | T: 2:28:35
| [33mtrain[0m | F: 309000 | S: 309000 | E: 309 | L: 1000 | R: 217.5875 | BS: 309927 | FPS: 34.8843 | T: 2:29:04
| [33mtrain[0m | F: 310000 | S: 310000 | E: 310 | L: 1000 | R: 349.7515 | BS: 310930 | FPS: 34.8370 | T: 2:29:33
1
| [32meval[0m  | F: 310000 | S: 310000 | E: 310 | L: 1000 | R: 430.1076 | T: 2:29:33
| [33mtrain[0m | F: 311000 | S: 311000 | E: 311 | L: 1000 | R: 175.3445 | BS: 311933 | FPS: 28.2239 | T: 2:30:08
| [33mtrain[0m | F: 312000 | S: 312000 | E: 312 | L: 1000 | R: 73.2340 | BS: 312936 | FPS: 34.8433 | T: 2:30:37
| [33mtrain[0m | F: 313000 | S: 313000 | E: 313 | L: 1000 | R: 481.5368 | BS: 313939 | FPS: 34.8026 | T: 2:31:06
| [33mtrain[0m | F: 314000 | S: 314000 | E: 314 | L: 1000 | R: 457.4629 | BS: 314942 | FPS: 34.7646 | T: 2:31:34
| [33mtrain[0m | F: 315000 | S: 315000 | E: 315 | L: 1000 | R: 269.6991 | BS: 315945 | FPS: 34.8761 | T: 2:32:03
| [33mtrain[0m | F: 316000 | S: 316000 | E: 316 | L: 1000 | R: 413.4047 | BS: 316948 | FPS: 34.8611 | T: 2:32:32
| [33mtrain[0m | F: 317000 | S: 317000 | E: 317 | L: 1000 | R: 372.4535 | BS: 317951 | FPS: 34.7785 | T: 2:33:01
| [33mtrain[0m | F: 318000 | S: 318000 | E: 318 | L: 1000 | R: 496.3194 | BS: 318954 | FPS: 34.8849 | T: 2:33:29
| [33mtrain[0m | F: 319000 | S: 319000 | E: 319 | L: 1000 | R: 62.4229 | BS: 319957 | FPS: 34.8459 | T: 2:33:58
| [33mtrain[0m | F: 320000 | S: 320000 | E: 320 | L: 1000 | R: 473.5142 | BS: 320960 | FPS: 34.8015 | T: 2:34:27
1
| [32meval[0m  | F: 320000 | S: 320000 | E: 320 | L: 1000 | R: 380.2904 | T: 2:34:27
| [33mtrain[0m | F: 321000 | S: 321000 | E: 321 | L: 1000 | R: 559.9132 | BS: 321963 | FPS: 28.1992 | T: 2:35:02
| [33mtrain[0m | F: 322000 | S: 322000 | E: 322 | L: 1000 | R: 544.0573 | BS: 322966 | FPS: 34.8162 | T: 2:35:31
| [33mtrain[0m | F: 323000 | S: 323000 | E: 323 | L: 1000 | R: 456.0916 | BS: 323969 | FPS: 34.7408 | T: 2:36:00
| [33mtrain[0m | F: 324000 | S: 324000 | E: 324 | L: 1000 | R: 499.7593 | BS: 324972 | FPS: 34.7716 | T: 2:36:28
| [33mtrain[0m | F: 325000 | S: 325000 | E: 325 | L: 1000 | R: 41.4877 | BS: 325975 | FPS: 34.8030 | T: 2:36:57
| [33mtrain[0m | F: 326000 | S: 326000 | E: 326 | L: 1000 | R: 433.3095 | BS: 326978 | FPS: 34.8213 | T: 2:37:26
| [33mtrain[0m | F: 327000 | S: 327000 | E: 327 | L: 1000 | R: 461.8044 | BS: 327981 | FPS: 34.8705 | T: 2:37:54
| [33mtrain[0m | F: 328000 | S: 328000 | E: 328 | L: 1000 | R: 436.2083 | BS: 328984 | FPS: 34.8418 | T: 2:38:23
| [33mtrain[0m | F: 329000 | S: 329000 | E: 329 | L: 1000 | R: 398.8640 | BS: 329987 | FPS: 34.7964 | T: 2:38:52
| [33mtrain[0m | F: 330000 | S: 330000 | E: 330 | L: 1000 | R: 542.2329 | BS: 330990 | FPS: 34.7994 | T: 2:39:21
1
| [32meval[0m  | F: 330000 | S: 330000 | E: 330 | L: 1000 | R: 494.1260 | T: 2:39:21
| [33mtrain[0m | F: 331000 | S: 331000 | E: 331 | L: 1000 | R: 145.7805 | BS: 331993 | FPS: 28.2786 | T: 2:39:56
| [33mtrain[0m | F: 332000 | S: 332000 | E: 332 | L: 1000 | R: 470.4376 | BS: 332996 | FPS: 34.8662 | T: 2:40:25
| [33mtrain[0m | F: 333000 | S: 333000 | E: 333 | L: 1000 | R: 293.7182 | BS: 333999 | FPS: 34.7696 | T: 2:40:53
| [33mtrain[0m | F: 334000 | S: 334000 | E: 334 | L: 1000 | R: 516.7508 | BS: 335002 | FPS: 34.7672 | T: 2:41:22
| [33mtrain[0m | F: 335000 | S: 335000 | E: 335 | L: 1000 | R: 368.2739 | BS: 336005 | FPS: 34.7693 | T: 2:41:51
| [33mtrain[0m | F: 336000 | S: 336000 | E: 336 | L: 1000 | R: 522.9961 | BS: 337008 | FPS: 34.8047 | T: 2:42:20
| [33mtrain[0m | F: 337000 | S: 337000 | E: 337 | L: 1000 | R: 438.6024 | BS: 338011 | FPS: 34.8011 | T: 2:42:48
| [33mtrain[0m | F: 338000 | S: 338000 | E: 338 | L: 1000 | R: 541.1313 | BS: 339014 | FPS: 34.7979 | T: 2:43:17
| [33mtrain[0m | F: 339000 | S: 339000 | E: 339 | L: 1000 | R: 472.9860 | BS: 340017 | FPS: 34.8396 | T: 2:43:46
| [33mtrain[0m | F: 340000 | S: 340000 | E: 340 | L: 1000 | R: 489.7946 | BS: 341020 | FPS: 34.8024 | T: 2:44:15
1
| [32meval[0m  | F: 340000 | S: 340000 | E: 340 | L: 1000 | R: 582.4359 | T: 2:44:15
| [33mtrain[0m | F: 341000 | S: 341000 | E: 341 | L: 1000 | R: 358.5236 | BS: 342023 | FPS: 28.0956 | T: 2:44:50
| [33mtrain[0m | F: 342000 | S: 342000 | E: 342 | L: 1000 | R: 526.4025 | BS: 343026 | FPS: 34.7927 | T: 2:45:19
| [33mtrain[0m | F: 343000 | S: 343000 | E: 343 | L: 1000 | R: 488.9855 | BS: 344029 | FPS: 34.7676 | T: 2:45:48
| [33mtrain[0m | F: 344000 | S: 344000 | E: 344 | L: 1000 | R: 31.7974 | BS: 345032 | FPS: 34.7629 | T: 2:46:17
| [33mtrain[0m | F: 345000 | S: 345000 | E: 345 | L: 1000 | R: 186.0217 | BS: 346035 | FPS: 34.8402 | T: 2:46:45
| [33mtrain[0m | F: 346000 | S: 346000 | E: 346 | L: 1000 | R: 124.8076 | BS: 347038 | FPS: 34.7979 | T: 2:47:14
| [33mtrain[0m | F: 347000 | S: 347000 | E: 347 | L: 1000 | R: 497.4956 | BS: 348041 | FPS: 34.8247 | T: 2:47:43
| [33mtrain[0m | F: 348000 | S: 348000 | E: 348 | L: 1000 | R: 103.9455 | BS: 349044 | FPS: 34.8627 | T: 2:48:11
| [33mtrain[0m | F: 349000 | S: 349000 | E: 349 | L: 1000 | R: 180.1837 | BS: 350047 | FPS: 34.9078 | T: 2:48:40
| [33mtrain[0m | F: 350000 | S: 350000 | E: 350 | L: 1000 | R: 513.2935 | BS: 351050 | FPS: 34.8601 | T: 2:49:09
1
| [32meval[0m  | F: 350000 | S: 350000 | E: 350 | L: 1000 | R: 278.6149 | T: 2:49:09
| [33mtrain[0m | F: 351000 | S: 351000 | E: 351 | L: 1000 | R: 495.9035 | BS: 352053 | FPS: 28.1521 | T: 2:49:44
| [33mtrain[0m | F: 352000 | S: 352000 | E: 352 | L: 1000 | R: 210.7708 | BS: 353056 | FPS: 34.8873 | T: 2:50:13
| [33mtrain[0m | F: 353000 | S: 353000 | E: 353 | L: 1000 | R: 202.2479 | BS: 354059 | FPS: 34.8916 | T: 2:50:42
| [33mtrain[0m | F: 354000 | S: 354000 | E: 354 | L: 1000 | R: 498.5383 | BS: 355062 | FPS: 34.8255 | T: 2:51:10
| [33mtrain[0m | F: 355000 | S: 355000 | E: 355 | L: 1000 | R: 236.4023 | BS: 356065 | FPS: 34.8450 | T: 2:51:39
| [33mtrain[0m | F: 356000 | S: 356000 | E: 356 | L: 1000 | R: 76.9235 | BS: 357068 | FPS: 34.9231 | T: 2:52:08
| [33mtrain[0m | F: 357000 | S: 357000 | E: 357 | L: 1000 | R: 528.2441 | BS: 358071 | FPS: 34.8304 | T: 2:52:36
| [33mtrain[0m | F: 358000 | S: 358000 | E: 358 | L: 1000 | R: 422.6190 | BS: 359074 | FPS: 34.7939 | T: 2:53:05
| [33mtrain[0m | F: 359000 | S: 359000 | E: 359 | L: 1000 | R: 528.1687 | BS: 360077 | FPS: 34.9007 | T: 2:53:34
| [33mtrain[0m | F: 360000 | S: 360000 | E: 360 | L: 1000 | R: 413.0935 | BS: 361080 | FPS: 34.8609 | T: 2:54:02
1
| [32meval[0m  | F: 360000 | S: 360000 | E: 360 | L: 1000 | R: 59.1878 | T: 2:54:02
| [33mtrain[0m | F: 361000 | S: 361000 | E: 361 | L: 1000 | R: 477.0227 | BS: 362083 | FPS: 28.3385 | T: 2:54:38
| [33mtrain[0m | F: 362000 | S: 362000 | E: 362 | L: 1000 | R: 35.0651 | BS: 363086 | FPS: 34.7933 | T: 2:55:06
| [33mtrain[0m | F: 363000 | S: 363000 | E: 363 | L: 1000 | R: 489.8151 | BS: 364089 | FPS: 34.6485 | T: 2:55:35
| [33mtrain[0m | F: 364000 | S: 364000 | E: 364 | L: 1000 | R: 93.3579 | BS: 365092 | FPS: 34.7498 | T: 2:56:04
| [33mtrain[0m | F: 365000 | S: 365000 | E: 365 | L: 1000 | R: 526.4949 | BS: 366095 | FPS: 34.8227 | T: 2:56:33
| [33mtrain[0m | F: 366000 | S: 366000 | E: 366 | L: 1000 | R: 487.3553 | BS: 367098 | FPS: 34.7963 | T: 2:57:01
| [33mtrain[0m | F: 367000 | S: 367000 | E: 367 | L: 1000 | R: 576.8590 | BS: 368101 | FPS: 34.8320 | T: 2:57:30
| [33mtrain[0m | F: 368000 | S: 368000 | E: 368 | L: 1000 | R: 323.4754 | BS: 369104 | FPS: 34.8684 | T: 2:57:59
| [33mtrain[0m | F: 369000 | S: 369000 | E: 369 | L: 1000 | R: 34.7390 | BS: 370107 | FPS: 34.8648 | T: 2:58:28
| [33mtrain[0m | F: 370000 | S: 370000 | E: 370 | L: 1000 | R: 438.7992 | BS: 371110 | FPS: 34.6546 | T: 2:58:56
1
| [32meval[0m  | F: 370000 | S: 370000 | E: 370 | L: 1000 | R: 592.3048 | T: 2:58:56
| [33mtrain[0m | F: 371000 | S: 371000 | E: 371 | L: 1000 | R: 564.1524 | BS: 372113 | FPS: 28.1242 | T: 2:59:32
| [33mtrain[0m | F: 372000 | S: 372000 | E: 372 | L: 1000 | R: 242.9299 | BS: 373116 | FPS: 34.8512 | T: 3:00:01
| [33mtrain[0m | F: 373000 | S: 373000 | E: 373 | L: 1000 | R: 145.6848 | BS: 374119 | FPS: 34.7640 | T: 3:00:29
| [33mtrain[0m | F: 374000 | S: 374000 | E: 374 | L: 1000 | R: 416.1623 | BS: 375122 | FPS: 34.9413 | T: 3:00:58
| [33mtrain[0m | F: 375000 | S: 375000 | E: 375 | L: 1000 | R: 556.3112 | BS: 376125 | FPS: 34.8111 | T: 3:01:27
| [33mtrain[0m | F: 376000 | S: 376000 | E: 376 | L: 1000 | R: 258.7344 | BS: 377128 | FPS: 34.8493 | T: 3:01:55
| [33mtrain[0m | F: 377000 | S: 377000 | E: 377 | L: 1000 | R: 58.3448 | BS: 378131 | FPS: 34.7855 | T: 3:02:24
| [33mtrain[0m | F: 378000 | S: 378000 | E: 378 | L: 1000 | R: 474.4468 | BS: 379134 | FPS: 34.7498 | T: 3:02:53
| [33mtrain[0m | F: 379000 | S: 379000 | E: 379 | L: 1000 | R: 207.9722 | BS: 380137 | FPS: 34.7738 | T: 3:03:22
| [33mtrain[0m | F: 380000 | S: 380000 | E: 380 | L: 1000 | R: 417.1745 | BS: 381140 | FPS: 34.7490 | T: 3:03:51
1
| [32meval[0m  | F: 380000 | S: 380000 | E: 380 | L: 1000 | R: 543.2476 | T: 3:03:51
| [33mtrain[0m | F: 381000 | S: 381000 | E: 381 | L: 1000 | R: 375.0180 | BS: 382143 | FPS: 28.0791 | T: 3:04:26
| [33mtrain[0m | F: 382000 | S: 382000 | E: 382 | L: 1000 | R: 430.0037 | BS: 383146 | FPS: 34.8171 | T: 3:04:55
| [33mtrain[0m | F: 383000 | S: 383000 | E: 383 | L: 1000 | R: 54.7008 | BS: 384149 | FPS: 34.7230 | T: 3:05:24
| [33mtrain[0m | F: 384000 | S: 384000 | E: 384 | L: 1000 | R: 452.2115 | BS: 385152 | FPS: 34.7669 | T: 3:05:52
| [33mtrain[0m | F: 385000 | S: 385000 | E: 385 | L: 1000 | R: 235.1626 | BS: 386155 | FPS: 34.7818 | T: 3:06:21
| [33mtrain[0m | F: 386000 | S: 386000 | E: 386 | L: 1000 | R: 201.8339 | BS: 387158 | FPS: 34.7381 | T: 3:06:50
| [33mtrain[0m | F: 387000 | S: 387000 | E: 387 | L: 1000 | R: 387.8439 | BS: 388161 | FPS: 34.7157 | T: 3:07:19
| [33mtrain[0m | F: 388000 | S: 388000 | E: 388 | L: 1000 | R: 531.0458 | BS: 389164 | FPS: 34.8383 | T: 3:07:47
| [33mtrain[0m | F: 389000 | S: 389000 | E: 389 | L: 1000 | R: 424.9884 | BS: 390167 | FPS: 34.7953 | T: 3:08:16
| [33mtrain[0m | F: 390000 | S: 390000 | E: 390 | L: 1000 | R: 150.9566 | BS: 391170 | FPS: 34.8320 | T: 3:08:45
1
| [32meval[0m  | F: 390000 | S: 390000 | E: 390 | L: 1000 | R: 604.2230 | T: 3:08:45
| [33mtrain[0m | F: 391000 | S: 391000 | E: 391 | L: 1000 | R: 66.5481 | BS: 392173 | FPS: 28.1280 | T: 3:09:20
| [33mtrain[0m | F: 392000 | S: 392000 | E: 392 | L: 1000 | R: 585.1117 | BS: 393176 | FPS: 34.8179 | T: 3:09:49
| [33mtrain[0m | F: 393000 | S: 393000 | E: 393 | L: 1000 | R: 93.8177 | BS: 394179 | FPS: 34.7912 | T: 3:10:18
| [33mtrain[0m | F: 394000 | S: 394000 | E: 394 | L: 1000 | R: 540.7592 | BS: 395182 | FPS: 34.8315 | T: 3:10:47
| [33mtrain[0m | F: 395000 | S: 395000 | E: 395 | L: 1000 | R: 237.7366 | BS: 396185 | FPS: 34.8704 | T: 3:11:15
| [33mtrain[0m | F: 396000 | S: 396000 | E: 396 | L: 1000 | R: 573.1671 | BS: 397188 | FPS: 34.7957 | T: 3:11:44
| [33mtrain[0m | F: 397000 | S: 397000 | E: 397 | L: 1000 | R: 39.9048 | BS: 398191 | FPS: 34.7429 | T: 3:12:13
| [33mtrain[0m | F: 398000 | S: 398000 | E: 398 | L: 1000 | R: 371.3637 | BS: 399194 | FPS: 34.7935 | T: 3:12:42
| [33mtrain[0m | F: 399000 | S: 399000 | E: 399 | L: 1000 | R: 442.2179 | BS: 400197 | FPS: 34.8824 | T: 3:13:10
| [33mtrain[0m | F: 400000 | S: 400000 | E: 400 | L: 1000 | R: 468.2359 | BS: 401200 | FPS: 34.8371 | T: 3:13:39
1
| [32meval[0m  | F: 400000 | S: 400000 | E: 400 | L: 1000 | R: 429.2677 | T: 3:13:39
| [33mtrain[0m | F: 401000 | S: 401000 | E: 401 | L: 1000 | R: 338.2113 | BS: 402203 | FPS: 28.1369 | T: 3:14:14
| [33mtrain[0m | F: 402000 | S: 402000 | E: 402 | L: 1000 | R: 312.5406 | BS: 403206 | FPS: 34.8230 | T: 3:14:43
| [33mtrain[0m | F: 403000 | S: 403000 | E: 403 | L: 1000 | R: 291.2386 | BS: 404209 | FPS: 34.9311 | T: 3:15:12
| [33mtrain[0m | F: 404000 | S: 404000 | E: 404 | L: 1000 | R: 500.5934 | BS: 405212 | FPS: 34.8054 | T: 3:15:41
| [33mtrain[0m | F: 405000 | S: 405000 | E: 405 | L: 1000 | R: 231.9958 | BS: 406215 | FPS: 34.7001 | T: 3:16:09
| [33mtrain[0m | F: 406000 | S: 406000 | E: 406 | L: 1000 | R: 552.8184 | BS: 407218 | FPS: 34.8330 | T: 3:16:38
| [33mtrain[0m | F: 407000 | S: 407000 | E: 407 | L: 1000 | R: 536.6878 | BS: 408221 | FPS: 34.8537 | T: 3:17:07
| [33mtrain[0m | F: 408000 | S: 408000 | E: 408 | L: 1000 | R: 416.0190 | BS: 409224 | FPS: 34.9071 | T: 3:17:35
| [33mtrain[0m | F: 409000 | S: 409000 | E: 409 | L: 1000 | R: 449.6041 | BS: 410227 | FPS: 34.7823 | T: 3:18:04
| [33mtrain[0m | F: 410000 | S: 410000 | E: 410 | L: 1000 | R: 486.8792 | BS: 411230 | FPS: 34.7791 | T: 3:18:33
1
| [32meval[0m  | F: 410000 | S: 410000 | E: 410 | L: 1000 | R: 88.2828 | T: 3:18:33
| [33mtrain[0m | F: 411000 | S: 411000 | E: 411 | L: 1000 | R: 364.9636 | BS: 412233 | FPS: 28.2887 | T: 3:19:08
| [33mtrain[0m | F: 412000 | S: 412000 | E: 412 | L: 1000 | R: 459.2155 | BS: 413236 | FPS: 34.8283 | T: 3:19:37
| [33mtrain[0m | F: 413000 | S: 413000 | E: 413 | L: 1000 | R: 473.3185 | BS: 414239 | FPS: 34.7607 | T: 3:20:06
| [33mtrain[0m | F: 414000 | S: 414000 | E: 414 | L: 1000 | R: 253.8437 | BS: 415242 | FPS: 34.9389 | T: 3:20:34
| [33mtrain[0m | F: 415000 | S: 415000 | E: 415 | L: 1000 | R: 198.4634 | BS: 416245 | FPS: 34.9085 | T: 3:21:03
| [33mtrain[0m | F: 416000 | S: 416000 | E: 416 | L: 1000 | R: 512.7195 | BS: 417248 | FPS: 34.9096 | T: 3:21:32
| [33mtrain[0m | F: 417000 | S: 417000 | E: 417 | L: 1000 | R: 102.3771 | BS: 418251 | FPS: 34.9292 | T: 3:22:00
| [33mtrain[0m | F: 418000 | S: 418000 | E: 418 | L: 1000 | R: 81.7498 | BS: 419254 | FPS: 34.8473 | T: 3:22:29
| [33mtrain[0m | F: 419000 | S: 419000 | E: 419 | L: 1000 | R: 552.9061 | BS: 420257 | FPS: 34.7858 | T: 3:22:58
| [33mtrain[0m | F: 420000 | S: 420000 | E: 420 | L: 1000 | R: 261.7592 | BS: 421260 | FPS: 34.8868 | T: 3:23:26
1
| [32meval[0m  | F: 420000 | S: 420000 | E: 420 | L: 1000 | R: 58.4312 | T: 3:23:26
| [33mtrain[0m | F: 421000 | S: 421000 | E: 421 | L: 1000 | R: 409.6073 | BS: 422263 | FPS: 28.2661 | T: 3:24:02
| [33mtrain[0m | F: 422000 | S: 422000 | E: 422 | L: 1000 | R: 507.4351 | BS: 423266 | FPS: 34.8366 | T: 3:24:31
| [33mtrain[0m | F: 423000 | S: 423000 | E: 423 | L: 1000 | R: 338.1616 | BS: 424269 | FPS: 34.6617 | T: 3:24:59
| [33mtrain[0m | F: 424000 | S: 424000 | E: 424 | L: 1000 | R: 546.2812 | BS: 425272 | FPS: 34.7550 | T: 3:25:28
| [33mtrain[0m | F: 425000 | S: 425000 | E: 425 | L: 1000 | R: 426.7566 | BS: 426275 | FPS: 34.7314 | T: 3:25:57
| [33mtrain[0m | F: 426000 | S: 426000 | E: 426 | L: 1000 | R: 463.2286 | BS: 427278 | FPS: 34.8573 | T: 3:26:26
| [33mtrain[0m | F: 427000 | S: 427000 | E: 427 | L: 1000 | R: 59.1631 | BS: 428281 | FPS: 34.8167 | T: 3:26:54
| [33mtrain[0m | F: 428000 | S: 428000 | E: 428 | L: 1000 | R: 70.1405 | BS: 429284 | FPS: 34.7521 | T: 3:27:23
| [33mtrain[0m | F: 429000 | S: 429000 | E: 429 | L: 1000 | R: 445.7974 | BS: 430287 | FPS: 34.7972 | T: 3:27:52
| [33mtrain[0m | F: 430000 | S: 430000 | E: 430 | L: 1000 | R: 265.1452 | BS: 431290 | FPS: 34.7836 | T: 3:28:21
1
| [32meval[0m  | F: 430000 | S: 430000 | E: 430 | L: 1000 | R: 443.9240 | T: 3:28:21
| [33mtrain[0m | F: 431000 | S: 431000 | E: 431 | L: 1000 | R: 530.8343 | BS: 432293 | FPS: 28.0244 | T: 3:28:56
| [33mtrain[0m | F: 432000 | S: 432000 | E: 432 | L: 1000 | R: 525.5648 | BS: 433296 | FPS: 34.7335 | T: 3:29:25
| [33mtrain[0m | F: 433000 | S: 433000 | E: 433 | L: 1000 | R: 586.4194 | BS: 434299 | FPS: 34.8150 | T: 3:29:54
| [33mtrain[0m | F: 434000 | S: 434000 | E: 434 | L: 1000 | R: 568.2728 | BS: 435302 | FPS: 34.5885 | T: 3:30:23
| [33mtrain[0m | F: 435000 | S: 435000 | E: 435 | L: 1000 | R: 529.5558 | BS: 436305 | FPS: 34.7304 | T: 3:30:51
| [33mtrain[0m | F: 436000 | S: 436000 | E: 436 | L: 1000 | R: 529.3798 | BS: 437308 | FPS: 34.7042 | T: 3:31:20
| [33mtrain[0m | F: 437000 | S: 437000 | E: 437 | L: 1000 | R: 545.5868 | BS: 438311 | FPS: 34.7626 | T: 3:31:49
| [33mtrain[0m | F: 438000 | S: 438000 | E: 438 | L: 1000 | R: 70.8582 | BS: 439314 | FPS: 34.7870 | T: 3:32:18
| [33mtrain[0m | F: 439000 | S: 439000 | E: 439 | L: 1000 | R: 380.0238 | BS: 440317 | FPS: 34.8390 | T: 3:32:47
| [33mtrain[0m | F: 440000 | S: 440000 | E: 440 | L: 1000 | R: 388.0589 | BS: 441320 | FPS: 34.8171 | T: 3:33:15
1
| [32meval[0m  | F: 440000 | S: 440000 | E: 440 | L: 1000 | R: 493.9251 | T: 3:33:15
| [33mtrain[0m | F: 441000 | S: 441000 | E: 441 | L: 1000 | R: 564.6943 | BS: 442323 | FPS: 28.1074 | T: 3:33:51
| [33mtrain[0m | F: 442000 | S: 442000 | E: 442 | L: 1000 | R: 616.6152 | BS: 443326 | FPS: 34.8808 | T: 3:34:19
| [33mtrain[0m | F: 443000 | S: 443000 | E: 443 | L: 1000 | R: 224.8117 | BS: 444329 | FPS: 34.6774 | T: 3:34:48
| [33mtrain[0m | F: 444000 | S: 444000 | E: 444 | L: 1000 | R: 39.3459 | BS: 445332 | FPS: 34.7271 | T: 3:35:17
| [33mtrain[0m | F: 445000 | S: 445000 | E: 445 | L: 1000 | R: 430.2174 | BS: 446335 | FPS: 34.7523 | T: 3:35:46
| [33mtrain[0m | F: 446000 | S: 446000 | E: 446 | L: 1000 | R: 609.1898 | BS: 447338 | FPS: 34.7429 | T: 3:36:15
| [33mtrain[0m | F: 447000 | S: 447000 | E: 447 | L: 1000 | R: 264.2366 | BS: 448341 | FPS: 34.8203 | T: 3:36:43
| [33mtrain[0m | F: 448000 | S: 448000 | E: 448 | L: 1000 | R: 285.6748 | BS: 449344 | FPS: 34.7917 | T: 3:37:12
| [33mtrain[0m | F: 449000 | S: 449000 | E: 449 | L: 1000 | R: 475.2651 | BS: 450347 | FPS: 34.7789 | T: 3:37:41
| [33mtrain[0m | F: 450000 | S: 450000 | E: 450 | L: 1000 | R: 513.0386 | BS: 451350 | FPS: 34.8373 | T: 3:38:10
1
| [32meval[0m  | F: 450000 | S: 450000 | E: 450 | L: 1000 | R: 66.6978 | T: 3:38:10
| [33mtrain[0m | F: 451000 | S: 451000 | E: 451 | L: 1000 | R: 182.8990 | BS: 452353 | FPS: 28.3378 | T: 3:38:45
| [33mtrain[0m | F: 452000 | S: 452000 | E: 452 | L: 1000 | R: 504.9744 | BS: 453356 | FPS: 34.8540 | T: 3:39:14
| [33mtrain[0m | F: 453000 | S: 453000 | E: 453 | L: 1000 | R: 359.9046 | BS: 454359 | FPS: 34.7109 | T: 3:39:42
| [33mtrain[0m | F: 454000 | S: 454000 | E: 454 | L: 1000 | R: 180.6559 | BS: 455362 | FPS: 34.8008 | T: 3:40:11
| [33mtrain[0m | F: 455000 | S: 455000 | E: 455 | L: 1000 | R: 600.2971 | BS: 456365 | FPS: 34.6856 | T: 3:40:40
| [33mtrain[0m | F: 456000 | S: 456000 | E: 456 | L: 1000 | R: 418.4882 | BS: 457368 | FPS: 34.7621 | T: 3:41:09
| [33mtrain[0m | F: 457000 | S: 457000 | E: 457 | L: 1000 | R: 557.3324 | BS: 458371 | FPS: 34.9082 | T: 3:41:37
| [33mtrain[0m | F: 458000 | S: 458000 | E: 458 | L: 1000 | R: 505.1182 | BS: 459374 | FPS: 34.9130 | T: 3:42:06
| [33mtrain[0m | F: 459000 | S: 459000 | E: 459 | L: 1000 | R: 560.8261 | BS: 460377 | FPS: 34.7599 | T: 3:42:35
| [33mtrain[0m | F: 460000 | S: 460000 | E: 460 | L: 1000 | R: 385.9658 | BS: 461380 | FPS: 34.9091 | T: 3:43:03
1
| [32meval[0m  | F: 460000 | S: 460000 | E: 460 | L: 1000 | R: 480.7203 | T: 3:43:03
| [33mtrain[0m | F: 461000 | S: 461000 | E: 461 | L: 1000 | R: 511.4756 | BS: 462383 | FPS: 28.0284 | T: 3:43:39
| [33mtrain[0m | F: 462000 | S: 462000 | E: 462 | L: 1000 | R: 349.2614 | BS: 463386 | FPS: 34.7846 | T: 3:44:08
| [33mtrain[0m | F: 463000 | S: 463000 | E: 463 | L: 1000 | R: 511.4749 | BS: 464389 | FPS: 34.7507 | T: 3:44:37
| [33mtrain[0m | F: 464000 | S: 464000 | E: 464 | L: 1000 | R: 406.4608 | BS: 465392 | FPS: 34.8024 | T: 3:45:05
| [33mtrain[0m | F: 465000 | S: 465000 | E: 465 | L: 1000 | R: 150.6796 | BS: 466395 | FPS: 34.9216 | T: 3:45:34
| [33mtrain[0m | F: 466000 | S: 466000 | E: 466 | L: 1000 | R: 47.8924 | BS: 467398 | FPS: 34.7486 | T: 3:46:03
| [33mtrain[0m | F: 467000 | S: 467000 | E: 467 | L: 1000 | R: 529.6309 | BS: 468401 | FPS: 34.7271 | T: 3:46:32
| [33mtrain[0m | F: 468000 | S: 468000 | E: 468 | L: 1000 | R: 419.3947 | BS: 469404 | FPS: 34.7144 | T: 3:47:00
| [33mtrain[0m | F: 469000 | S: 469000 | E: 469 | L: 1000 | R: 444.1259 | BS: 470407 | FPS: 34.7122 | T: 3:47:29
| [33mtrain[0m | F: 470000 | S: 470000 | E: 470 | L: 1000 | R: 591.2261 | BS: 471410 | FPS: 34.8270 | T: 3:47:58
1
| [32meval[0m  | F: 470000 | S: 470000 | E: 470 | L: 1000 | R: 232.7655 | T: 3:47:58
| [33mtrain[0m | F: 471000 | S: 471000 | E: 471 | L: 1000 | R: 555.4948 | BS: 472413 | FPS: 28.0987 | T: 3:48:33
| [33mtrain[0m | F: 472000 | S: 472000 | E: 472 | L: 1000 | R: 583.4749 | BS: 473416 | FPS: 34.6539 | T: 3:49:02
| [33mtrain[0m | F: 473000 | S: 473000 | E: 473 | L: 1000 | R: 253.1397 | BS: 474419 | FPS: 34.9169 | T: 3:49:31
| [33mtrain[0m | F: 474000 | S: 474000 | E: 474 | L: 1000 | R: 460.3782 | BS: 475422 | FPS: 34.8423 | T: 3:50:00
| [33mtrain[0m | F: 475000 | S: 475000 | E: 475 | L: 1000 | R: 272.2061 | BS: 476425 | FPS: 34.8233 | T: 3:50:28
| [33mtrain[0m | F: 476000 | S: 476000 | E: 476 | L: 1000 | R: 495.2161 | BS: 477428 | FPS: 34.7498 | T: 3:50:57
| [33mtrain[0m | F: 477000 | S: 477000 | E: 477 | L: 1000 | R: 408.5410 | BS: 478431 | FPS: 34.8430 | T: 3:51:26
| [33mtrain[0m | F: 478000 | S: 478000 | E: 478 | L: 1000 | R: 52.6409 | BS: 479434 | FPS: 34.8425 | T: 3:51:55
| [33mtrain[0m | F: 479000 | S: 479000 | E: 479 | L: 1000 | R: 461.0893 | BS: 480437 | FPS: 34.8296 | T: 3:52:23
| [33mtrain[0m | F: 480000 | S: 480000 | E: 480 | L: 1000 | R: 558.6743 | BS: 481440 | FPS: 34.8170 | T: 3:52:52
1
| [32meval[0m  | F: 480000 | S: 480000 | E: 480 | L: 1000 | R: 40.6283 | T: 3:52:52
| [33mtrain[0m | F: 481000 | S: 481000 | E: 481 | L: 1000 | R: 567.8924 | BS: 482443 | FPS: 28.4111 | T: 3:53:27
| [33mtrain[0m | F: 482000 | S: 482000 | E: 482 | L: 1000 | R: 382.2893 | BS: 483446 | FPS: 34.8568 | T: 3:53:56
| [33mtrain[0m | F: 483000 | S: 483000 | E: 483 | L: 1000 | R: 55.1230 | BS: 484449 | FPS: 34.8917 | T: 3:54:25
| [33mtrain[0m | F: 484000 | S: 484000 | E: 484 | L: 1000 | R: 182.2640 | BS: 485452 | FPS: 34.8269 | T: 3:54:53
| [33mtrain[0m | F: 485000 | S: 485000 | E: 485 | L: 1000 | R: 440.9611 | BS: 486455 | FPS: 34.8652 | T: 3:55:22
| [33mtrain[0m | F: 486000 | S: 486000 | E: 486 | L: 1000 | R: 62.1105 | BS: 487458 | FPS: 34.8138 | T: 3:55:51
| [33mtrain[0m | F: 487000 | S: 487000 | E: 487 | L: 1000 | R: 426.0806 | BS: 488461 | FPS: 34.8785 | T: 3:56:19
| [33mtrain[0m | F: 488000 | S: 488000 | E: 488 | L: 1000 | R: 58.7469 | BS: 489464 | FPS: 34.8365 | T: 3:56:48
| [33mtrain[0m | F: 489000 | S: 489000 | E: 489 | L: 1000 | R: 402.0175 | BS: 490467 | FPS: 34.8445 | T: 3:57:17
| [33mtrain[0m | F: 490000 | S: 490000 | E: 490 | L: 1000 | R: 380.3427 | BS: 491470 | FPS: 34.8376 | T: 3:57:45
1
| [32meval[0m  | F: 490000 | S: 490000 | E: 490 | L: 1000 | R: 175.7733 | T: 3:57:45
| [33mtrain[0m | F: 491000 | S: 491000 | E: 491 | L: 1000 | R: 73.7225 | BS: 492473 | FPS: 28.0505 | T: 3:58:21
| [33mtrain[0m | F: 492000 | S: 492000 | E: 492 | L: 1000 | R: 21.2791 | BS: 493476 | FPS: 34.6663 | T: 3:58:50
| [33mtrain[0m | F: 493000 | S: 493000 | E: 493 | L: 1000 | R: 79.3657 | BS: 494479 | FPS: 34.7226 | T: 3:59:19
| [33mtrain[0m | F: 494000 | S: 494000 | E: 494 | L: 1000 | R: 562.1204 | BS: 495482 | FPS: 34.7783 | T: 3:59:48
| [33mtrain[0m | F: 495000 | S: 495000 | E: 495 | L: 1000 | R: 474.3802 | BS: 496485 | FPS: 34.6811 | T: 4:00:16
| [33mtrain[0m | F: 496000 | S: 496000 | E: 496 | L: 1000 | R: 53.5591 | BS: 497488 | FPS: 34.7813 | T: 4:00:45
| [33mtrain[0m | F: 497000 | S: 497000 | E: 497 | L: 1000 | R: 62.0416 | BS: 498491 | FPS: 34.8383 | T: 4:01:14
| [33mtrain[0m | F: 498000 | S: 498000 | E: 498 | L: 1000 | R: 461.1946 | BS: 499494 | FPS: 34.7838 | T: 4:01:43
| [33mtrain[0m | F: 499000 | S: 499000 | E: 499 | L: 1000 | R: 119.8264 | BS: 500497 | FPS: 34.8561 | T: 4:02:11
| [33mtrain[0m | F: 500000 | S: 500000 | E: 500 | L: 1000 | R: 469.8538 | BS: 501500 | FPS: 34.8658 | T: 4:02:40
1
| [32meval[0m  | F: 500000 | S: 500000 | E: 500 | L: 1000 | R: 403.3291 | T: 4:02:40
| [33mtrain[0m | F: 501000 | S: 501000 | E: 501 | L: 1000 | R: 540.6276 | BS: 502503 | FPS: 28.0221 | T: 4:03:16
| [33mtrain[0m | F: 502000 | S: 502000 | E: 502 | L: 1000 | R: 333.2300 | BS: 503506 | FPS: 34.7176 | T: 4:03:44
| [33mtrain[0m | F: 503000 | S: 503000 | E: 503 | L: 1000 | R: 396.6201 | BS: 504509 | FPS: 34.7726 | T: 4:04:13
| [33mtrain[0m | F: 504000 | S: 504000 | E: 504 | L: 1000 | R: 358.4975 | BS: 505512 | FPS: 34.8101 | T: 4:04:42
| [33mtrain[0m | F: 505000 | S: 505000 | E: 505 | L: 1000 | R: 395.3713 | BS: 506515 | FPS: 34.7108 | T: 4:05:11
| [33mtrain[0m | F: 506000 | S: 506000 | E: 506 | L: 1000 | R: 279.9104 | BS: 507518 | FPS: 34.7829 | T: 4:05:39
| [33mtrain[0m | F: 507000 | S: 507000 | E: 507 | L: 1000 | R: 489.1555 | BS: 508521 | FPS: 34.7441 | T: 4:06:08
| [33mtrain[0m | F: 508000 | S: 508000 | E: 508 | L: 1000 | R: 559.8991 | BS: 509524 | FPS: 34.7535 | T: 4:06:37
| [33mtrain[0m | F: 509000 | S: 509000 | E: 509 | L: 1000 | R: 576.2568 | BS: 510527 | FPS: 34.7979 | T: 4:07:06
| [33mtrain[0m | F: 510000 | S: 510000 | E: 510 | L: 1000 | R: 356.7844 | BS: 511530 | FPS: 34.8534 | T: 4:07:34
1
| [32meval[0m  | F: 510000 | S: 510000 | E: 510 | L: 1000 | R: 40.3684 | T: 4:07:34
| [33mtrain[0m | F: 511000 | S: 511000 | E: 511 | L: 1000 | R: 571.4114 | BS: 512533 | FPS: 28.4625 | T: 4:08:10
| [33mtrain[0m | F: 512000 | S: 512000 | E: 512 | L: 1000 | R: 486.8839 | BS: 513536 | FPS: 34.7842 | T: 4:08:38
| [33mtrain[0m | F: 513000 | S: 513000 | E: 513 | L: 1000 | R: 541.5712 | BS: 514539 | FPS: 34.7811 | T: 4:09:07
| [33mtrain[0m | F: 514000 | S: 514000 | E: 514 | L: 1000 | R: 348.3791 | BS: 515542 | FPS: 34.7630 | T: 4:09:36
| [33mtrain[0m | F: 515000 | S: 515000 | E: 515 | L: 1000 | R: 36.6915 | BS: 516545 | FPS: 34.7707 | T: 4:10:05
| [33mtrain[0m | F: 516000 | S: 516000 | E: 516 | L: 1000 | R: 43.5399 | BS: 517548 | FPS: 34.8203 | T: 4:10:33
| [33mtrain[0m | F: 517000 | S: 517000 | E: 517 | L: 1000 | R: 68.4190 | BS: 518551 | FPS: 34.9223 | T: 4:11:02
| [33mtrain[0m | F: 518000 | S: 518000 | E: 518 | L: 1000 | R: 75.1113 | BS: 519554 | FPS: 34.7188 | T: 4:11:31
| [33mtrain[0m | F: 519000 | S: 519000 | E: 519 | L: 1000 | R: 407.8847 | BS: 520557 | FPS: 34.8871 | T: 4:11:59
| [33mtrain[0m | F: 520000 | S: 520000 | E: 520 | L: 1000 | R: 479.0650 | BS: 521560 | FPS: 34.7344 | T: 4:12:28
1
| [32meval[0m  | F: 520000 | S: 520000 | E: 520 | L: 1000 | R: 309.9720 | T: 4:12:28
| [33mtrain[0m | F: 521000 | S: 521000 | E: 521 | L: 1000 | R: 424.0797 | BS: 522563 | FPS: 28.0654 | T: 4:13:04
| [33mtrain[0m | F: 522000 | S: 522000 | E: 522 | L: 1000 | R: 247.6950 | BS: 523566 | FPS: 34.8010 | T: 4:13:33
| [33mtrain[0m | F: 523000 | S: 523000 | E: 523 | L: 1000 | R: 335.7557 | BS: 524569 | FPS: 34.7119 | T: 4:14:01
| [33mtrain[0m | F: 524000 | S: 524000 | E: 524 | L: 1000 | R: 196.9981 | BS: 525572 | FPS: 34.6697 | T: 4:14:30
| [33mtrain[0m | F: 525000 | S: 525000 | E: 525 | L: 1000 | R: 534.5937 | BS: 526575 | FPS: 34.6756 | T: 4:14:59
| [33mtrain[0m | F: 526000 | S: 526000 | E: 526 | L: 1000 | R: 434.6946 | BS: 527578 | FPS: 34.8103 | T: 4:15:28
| [33mtrain[0m | F: 527000 | S: 527000 | E: 527 | L: 1000 | R: 599.6957 | BS: 528581 | FPS: 34.7908 | T: 4:15:57
| [33mtrain[0m | F: 528000 | S: 528000 | E: 528 | L: 1000 | R: 243.3264 | BS: 529584 | FPS: 34.7465 | T: 4:16:25
| [33mtrain[0m | F: 529000 | S: 529000 | E: 529 | L: 1000 | R: 399.9918 | BS: 530587 | FPS: 34.8254 | T: 4:16:54
| [33mtrain[0m | F: 530000 | S: 530000 | E: 530 | L: 1000 | R: 427.9015 | BS: 531590 | FPS: 34.7841 | T: 4:17:23
1
| [32meval[0m  | F: 530000 | S: 530000 | E: 530 | L: 1000 | R: 619.6370 | T: 4:17:23
| [33mtrain[0m | F: 531000 | S: 531000 | E: 531 | L: 1000 | R: 226.4682 | BS: 532593 | FPS: 28.1186 | T: 4:17:58
| [33mtrain[0m | F: 532000 | S: 532000 | E: 532 | L: 1000 | R: 525.0519 | BS: 533596 | FPS: 34.6897 | T: 4:18:27
| [33mtrain[0m | F: 533000 | S: 533000 | E: 533 | L: 1000 | R: 460.9478 | BS: 534599 | FPS: 34.7475 | T: 4:18:56
| [33mtrain[0m | F: 534000 | S: 534000 | E: 534 | L: 1000 | R: 440.5878 | BS: 535602 | FPS: 34.7395 | T: 4:19:25
| [33mtrain[0m | F: 535000 | S: 535000 | E: 535 | L: 1000 | R: 568.0887 | BS: 536605 | FPS: 34.8174 | T: 4:19:53
| [33mtrain[0m | F: 536000 | S: 536000 | E: 536 | L: 1000 | R: 441.3721 | BS: 537608 | FPS: 34.7991 | T: 4:20:22
| [33mtrain[0m | F: 537000 | S: 537000 | E: 537 | L: 1000 | R: 467.8247 | BS: 538611 | FPS: 34.8496 | T: 4:20:51
| [33mtrain[0m | F: 538000 | S: 538000 | E: 538 | L: 1000 | R: 342.9768 | BS: 539614 | FPS: 34.8401 | T: 4:21:20
| [33mtrain[0m | F: 539000 | S: 539000 | E: 539 | L: 1000 | R: 448.0958 | BS: 540617 | FPS: 34.7672 | T: 4:21:48
| [33mtrain[0m | F: 540000 | S: 540000 | E: 540 | L: 1000 | R: 397.1126 | BS: 541620 | FPS: 34.7290 | T: 4:22:17
1
| [32meval[0m  | F: 540000 | S: 540000 | E: 540 | L: 1000 | R: 552.2474 | T: 4:22:17
| [33mtrain[0m | F: 541000 | S: 541000 | E: 541 | L: 1000 | R: 544.8921 | BS: 542623 | FPS: 28.0064 | T: 4:22:53
| [33mtrain[0m | F: 542000 | S: 542000 | E: 542 | L: 1000 | R: 507.6860 | BS: 543626 | FPS: 34.7746 | T: 4:23:22
| [33mtrain[0m | F: 543000 | S: 543000 | E: 543 | L: 1000 | R: 66.6495 | BS: 544629 | FPS: 34.8239 | T: 4:23:50
| [33mtrain[0m | F: 544000 | S: 544000 | E: 544 | L: 1000 | R: 620.4641 | BS: 545632 | FPS: 34.6770 | T: 4:24:19
| [33mtrain[0m | F: 545000 | S: 545000 | E: 545 | L: 1000 | R: 535.3881 | BS: 546635 | FPS: 34.6644 | T: 4:24:48
| [33mtrain[0m | F: 546000 | S: 546000 | E: 546 | L: 1000 | R: 272.6254 | BS: 547638 | FPS: 34.6648 | T: 4:25:17
| [33mtrain[0m | F: 547000 | S: 547000 | E: 547 | L: 1000 | R: 202.8881 | BS: 548641 | FPS: 34.8189 | T: 4:25:46
| [33mtrain[0m | F: 548000 | S: 548000 | E: 548 | L: 1000 | R: 505.1949 | BS: 549644 | FPS: 34.8431 | T: 4:26:14
| [33mtrain[0m | F: 549000 | S: 549000 | E: 549 | L: 1000 | R: 339.1011 | BS: 550647 | FPS: 34.8105 | T: 4:26:43
| [33mtrain[0m | F: 550000 | S: 550000 | E: 550 | L: 1000 | R: 550.9338 | BS: 551650 | FPS: 34.7633 | T: 4:27:12
1
| [32meval[0m  | F: 550000 | S: 550000 | E: 550 | L: 1000 | R: 78.3122 | T: 4:27:12
| [33mtrain[0m | F: 551000 | S: 551000 | E: 551 | L: 1000 | R: 594.8982 | BS: 552653 | FPS: 27.9789 | T: 4:27:48
| [33mtrain[0m | F: 552000 | S: 552000 | E: 552 | L: 1000 | R: 551.7905 | BS: 553656 | FPS: 34.7450 | T: 4:28:16
| [33mtrain[0m | F: 553000 | S: 553000 | E: 553 | L: 1000 | R: 540.7587 | BS: 554659 | FPS: 34.6970 | T: 4:28:45
| [33mtrain[0m | F: 554000 | S: 554000 | E: 554 | L: 1000 | R: 659.2134 | BS: 555662 | FPS: 34.8137 | T: 4:29:14
| [33mtrain[0m | F: 555000 | S: 555000 | E: 555 | L: 1000 | R: 522.9438 | BS: 556665 | FPS: 34.7255 | T: 4:29:43
| [33mtrain[0m | F: 556000 | S: 556000 | E: 556 | L: 1000 | R: 557.3707 | BS: 557668 | FPS: 34.7283 | T: 4:30:11
| [33mtrain[0m | F: 557000 | S: 557000 | E: 557 | L: 1000 | R: 339.7976 | BS: 558671 | FPS: 34.7409 | T: 4:30:40
| [33mtrain[0m | F: 558000 | S: 558000 | E: 558 | L: 1000 | R: 427.6213 | BS: 559674 | FPS: 34.7779 | T: 4:31:09
| [33mtrain[0m | F: 559000 | S: 559000 | E: 559 | L: 1000 | R: 264.9534 | BS: 560677 | FPS: 34.8216 | T: 4:31:38
| [33mtrain[0m | F: 560000 | S: 560000 | E: 560 | L: 1000 | R: 219.9232 | BS: 561680 | FPS: 34.8034 | T: 4:32:06
1
| [32meval[0m  | F: 560000 | S: 560000 | E: 560 | L: 1000 | R: 30.6219 | T: 4:32:06
| [33mtrain[0m | F: 561000 | S: 561000 | E: 561 | L: 1000 | R: 524.5006 | BS: 562683 | FPS: 28.4501 | T: 4:32:42
| [33mtrain[0m | F: 562000 | S: 562000 | E: 562 | L: 1000 | R: 415.6879 | BS: 563686 | FPS: 34.8051 | T: 4:33:10
| [33mtrain[0m | F: 563000 | S: 563000 | E: 563 | L: 1000 | R: 500.2250 | BS: 564689 | FPS: 34.7593 | T: 4:33:39
| [33mtrain[0m | F: 564000 | S: 564000 | E: 564 | L: 1000 | R: 465.4359 | BS: 565692 | FPS: 34.7318 | T: 4:34:08
| [33mtrain[0m | F: 565000 | S: 565000 | E: 565 | L: 1000 | R: 355.0626 | BS: 566695 | FPS: 34.7420 | T: 4:34:37
| [33mtrain[0m | F: 566000 | S: 566000 | E: 566 | L: 1000 | R: 633.6763 | BS: 567698 | FPS: 34.7279 | T: 4:35:05
| [33mtrain[0m | F: 567000 | S: 567000 | E: 567 | L: 1000 | R: 413.2774 | BS: 568701 | FPS: 34.8435 | T: 4:35:34
| [33mtrain[0m | F: 568000 | S: 568000 | E: 568 | L: 1000 | R: 573.6017 | BS: 569704 | FPS: 34.7705 | T: 4:36:03
| [33mtrain[0m | F: 569000 | S: 569000 | E: 569 | L: 1000 | R: 351.1996 | BS: 570707 | FPS: 34.8411 | T: 4:36:32
| [33mtrain[0m | F: 570000 | S: 570000 | E: 570 | L: 1000 | R: 481.3459 | BS: 571710 | FPS: 34.6788 | T: 4:37:00
1
| [32meval[0m  | F: 570000 | S: 570000 | E: 570 | L: 1000 | R: 674.0635 | T: 4:37:00
| [33mtrain[0m | F: 571000 | S: 571000 | E: 571 | L: 1000 | R: 551.4705 | BS: 572713 | FPS: 28.0156 | T: 4:37:36
| [33mtrain[0m | F: 572000 | S: 572000 | E: 572 | L: 1000 | R: 431.2623 | BS: 573716 | FPS: 34.7093 | T: 4:38:05
| [33mtrain[0m | F: 573000 | S: 573000 | E: 573 | L: 1000 | R: 99.4570 | BS: 574719 | FPS: 34.7379 | T: 4:38:34
| [33mtrain[0m | F: 574000 | S: 574000 | E: 574 | L: 1000 | R: 595.3439 | BS: 575722 | FPS: 34.6591 | T: 4:39:03
| [33mtrain[0m | F: 575000 | S: 575000 | E: 575 | L: 1000 | R: 565.4672 | BS: 576725 | FPS: 34.6134 | T: 4:39:31
| [33mtrain[0m | F: 576000 | S: 576000 | E: 576 | L: 1000 | R: 522.9966 | BS: 577728 | FPS: 34.7935 | T: 4:40:00
| [33mtrain[0m | F: 577000 | S: 577000 | E: 577 | L: 1000 | R: 378.4476 | BS: 578731 | FPS: 34.7216 | T: 4:40:29
| [33mtrain[0m | F: 578000 | S: 578000 | E: 578 | L: 1000 | R: 592.1282 | BS: 579734 | FPS: 34.7868 | T: 4:40:58
| [33mtrain[0m | F: 579000 | S: 579000 | E: 579 | L: 1000 | R: 472.9665 | BS: 580737 | FPS: 34.8345 | T: 4:41:26
| [33mtrain[0m | F: 580000 | S: 580000 | E: 580 | L: 1000 | R: 645.8871 | BS: 581740 | FPS: 34.7238 | T: 4:41:55
1
| [32meval[0m  | F: 580000 | S: 580000 | E: 580 | L: 1000 | R: 24.5648 | T: 4:41:55
| [33mtrain[0m | F: 581000 | S: 581000 | E: 581 | L: 1000 | R: 487.6923 | BS: 582743 | FPS: 28.3164 | T: 4:42:31
| [33mtrain[0m | F: 582000 | S: 582000 | E: 582 | L: 1000 | R: 619.0972 | BS: 583746 | FPS: 34.7021 | T: 4:42:59
| [33mtrain[0m | F: 583000 | S: 583000 | E: 583 | L: 1000 | R: 408.0639 | BS: 584749 | FPS: 34.7803 | T: 4:43:28
| [33mtrain[0m | F: 584000 | S: 584000 | E: 584 | L: 1000 | R: 453.8091 | BS: 585752 | FPS: 34.7883 | T: 4:43:57
| [33mtrain[0m | F: 585000 | S: 585000 | E: 585 | L: 1000 | R: 471.6949 | BS: 586755 | FPS: 34.7283 | T: 4:44:26
| [33mtrain[0m | F: 586000 | S: 586000 | E: 586 | L: 1000 | R: 691.0877 | BS: 587758 | FPS: 34.7319 | T: 4:44:54
| [33mtrain[0m | F: 587000 | S: 587000 | E: 587 | L: 1000 | R: 45.6615 | BS: 588761 | FPS: 34.8389 | T: 4:45:23
| [33mtrain[0m | F: 588000 | S: 588000 | E: 588 | L: 1000 | R: 54.6206 | BS: 589764 | FPS: 34.8789 | T: 4:45:52
| [33mtrain[0m | F: 589000 | S: 589000 | E: 589 | L: 1000 | R: 552.5070 | BS: 590767 | FPS: 34.7299 | T: 4:46:21
| [33mtrain[0m | F: 590000 | S: 590000 | E: 590 | L: 1000 | R: 410.6114 | BS: 591770 | FPS: 34.8075 | T: 4:46:49
1
| [32meval[0m  | F: 590000 | S: 590000 | E: 590 | L: 1000 | R: 438.2813 | T: 4:46:49
| [33mtrain[0m | F: 591000 | S: 591000 | E: 591 | L: 1000 | R: 460.4648 | BS: 592773 | FPS: 28.0327 | T: 4:47:25
| [33mtrain[0m | F: 592000 | S: 592000 | E: 592 | L: 1000 | R: 560.1423 | BS: 593776 | FPS: 34.7652 | T: 4:47:54
| [33mtrain[0m | F: 593000 | S: 593000 | E: 593 | L: 1000 | R: 484.6458 | BS: 594779 | FPS: 34.7428 | T: 4:48:23
| [33mtrain[0m | F: 594000 | S: 594000 | E: 594 | L: 1000 | R: 462.7220 | BS: 595782 | FPS: 34.7852 | T: 4:48:51
| [33mtrain[0m | F: 595000 | S: 595000 | E: 595 | L: 1000 | R: 521.5462 | BS: 596785 | FPS: 34.7012 | T: 4:49:20
| [33mtrain[0m | F: 596000 | S: 596000 | E: 596 | L: 1000 | R: 530.1546 | BS: 597788 | FPS: 34.7277 | T: 4:49:49
| [33mtrain[0m | F: 597000 | S: 597000 | E: 597 | L: 1000 | R: 74.8514 | BS: 598791 | FPS: 34.7630 | T: 4:50:18
| [33mtrain[0m | F: 598000 | S: 598000 | E: 598 | L: 1000 | R: 114.9422 | BS: 599794 | FPS: 34.7529 | T: 4:50:47
| [33mtrain[0m | F: 599000 | S: 599000 | E: 599 | L: 1000 | R: 560.1691 | BS: 600797 | FPS: 34.7716 | T: 4:51:15
| [33mtrain[0m | F: 600000 | S: 600000 | E: 600 | L: 1000 | R: 77.3946 | BS: 601800 | FPS: 34.7439 | T: 4:51:44
1
| [32meval[0m  | F: 600000 | S: 600000 | E: 600 | L: 1000 | R: 496.5724 | T: 4:51:44
| [33mtrain[0m | F: 601000 | S: 601000 | E: 601 | L: 1000 | R: 617.1684 | BS: 602803 | FPS: 27.8927 | T: 4:52:20
| [33mtrain[0m | F: 602000 | S: 602000 | E: 602 | L: 1000 | R: 583.4890 | BS: 603806 | FPS: 34.7161 | T: 4:52:49
| [33mtrain[0m | F: 603000 | S: 603000 | E: 603 | L: 1000 | R: 99.7231 | BS: 604809 | FPS: 34.7978 | T: 4:53:17
| [33mtrain[0m | F: 604000 | S: 604000 | E: 604 | L: 1000 | R: 410.7694 | BS: 605812 | FPS: 34.8969 | T: 4:53:46
| [33mtrain[0m | F: 605000 | S: 605000 | E: 605 | L: 1000 | R: 531.6775 | BS: 606815 | FPS: 34.7410 | T: 4:54:15
| [33mtrain[0m | F: 606000 | S: 606000 | E: 606 | L: 1000 | R: 488.3986 | BS: 607818 | FPS: 34.6434 | T: 4:54:44
| [33mtrain[0m | F: 607000 | S: 607000 | E: 607 | L: 1000 | R: 546.4656 | BS: 608821 | FPS: 34.7855 | T: 4:55:12
| [33mtrain[0m | F: 608000 | S: 608000 | E: 608 | L: 1000 | R: 115.8079 | BS: 609824 | FPS: 34.8940 | T: 4:55:41
| [33mtrain[0m | F: 609000 | S: 609000 | E: 609 | L: 1000 | R: 520.6565 | BS: 610827 | FPS: 34.7969 | T: 4:56:10
| [33mtrain[0m | F: 610000 | S: 610000 | E: 610 | L: 1000 | R: 278.6142 | BS: 611830 | FPS: 34.8640 | T: 4:56:39
1
| [32meval[0m  | F: 610000 | S: 610000 | E: 610 | L: 1000 | R: 434.2820 | T: 4:56:39
| [33mtrain[0m | F: 611000 | S: 611000 | E: 611 | L: 1000 | R: 47.4449 | BS: 612833 | FPS: 28.0315 | T: 4:57:14
| [33mtrain[0m | F: 612000 | S: 612000 | E: 612 | L: 1000 | R: 456.6405 | BS: 613836 | FPS: 34.6934 | T: 4:57:43
| [33mtrain[0m | F: 613000 | S: 613000 | E: 613 | L: 1000 | R: 621.3892 | BS: 614839 | FPS: 34.7205 | T: 4:58:12
| [33mtrain[0m | F: 614000 | S: 614000 | E: 614 | L: 1000 | R: 610.0641 | BS: 615842 | FPS: 34.7245 | T: 4:58:41
| [33mtrain[0m | F: 615000 | S: 615000 | E: 615 | L: 1000 | R: 409.2587 | BS: 616845 | FPS: 34.7241 | T: 4:59:09
| [33mtrain[0m | F: 616000 | S: 616000 | E: 616 | L: 1000 | R: 331.7112 | BS: 617848 | FPS: 34.9126 | T: 4:59:38
| [33mtrain[0m | F: 617000 | S: 617000 | E: 617 | L: 1000 | R: 437.1386 | BS: 618851 | FPS: 34.8965 | T: 5:00:07
| [33mtrain[0m | F: 618000 | S: 618000 | E: 618 | L: 1000 | R: 632.2379 | BS: 619854 | FPS: 34.8109 | T: 5:00:35
| [33mtrain[0m | F: 619000 | S: 619000 | E: 619 | L: 1000 | R: 321.3355 | BS: 620857 | FPS: 34.8511 | T: 5:01:04
| [33mtrain[0m | F: 620000 | S: 620000 | E: 620 | L: 1000 | R: 547.8395 | BS: 621860 | FPS: 34.7797 | T: 5:01:33
1
| [32meval[0m  | F: 620000 | S: 620000 | E: 620 | L: 1000 | R: 420.7433 | T: 5:01:33
| [33mtrain[0m | F: 621000 | S: 621000 | E: 621 | L: 1000 | R: 416.2119 | BS: 622863 | FPS: 28.0003 | T: 5:02:09
| [33mtrain[0m | F: 622000 | S: 622000 | E: 622 | L: 1000 | R: 359.8710 | BS: 623866 | FPS: 34.8284 | T: 5:02:37
| [33mtrain[0m | F: 623000 | S: 623000 | E: 623 | L: 1000 | R: 574.8775 | BS: 624869 | FPS: 34.7527 | T: 5:03:06
| [33mtrain[0m | F: 624000 | S: 624000 | E: 624 | L: 1000 | R: 69.4553 | BS: 625872 | FPS: 34.6795 | T: 5:03:35
| [33mtrain[0m | F: 625000 | S: 625000 | E: 625 | L: 1000 | R: 416.6983 | BS: 626875 | FPS: 34.7618 | T: 5:04:04
| [33mtrain[0m | F: 626000 | S: 626000 | E: 626 | L: 1000 | R: 512.7599 | BS: 627878 | FPS: 34.8344 | T: 5:04:32
| [33mtrain[0m | F: 627000 | S: 627000 | E: 627 | L: 1000 | R: 624.0673 | BS: 628881 | FPS: 34.8495 | T: 5:05:01
| [33mtrain[0m | F: 628000 | S: 628000 | E: 628 | L: 1000 | R: 529.4738 | BS: 629884 | FPS: 34.8055 | T: 5:05:30
| [33mtrain[0m | F: 629000 | S: 629000 | E: 629 | L: 1000 | R: 555.2832 | BS: 630887 | FPS: 34.8351 | T: 5:05:59
| [33mtrain[0m | F: 630000 | S: 630000 | E: 630 | L: 1000 | R: 593.2175 | BS: 631890 | FPS: 34.6711 | T: 5:06:27
1
| [32meval[0m  | F: 630000 | S: 630000 | E: 630 | L: 1000 | R: 607.6031 | T: 5:06:27
| [33mtrain[0m | F: 631000 | S: 631000 | E: 631 | L: 1000 | R: 600.1001 | BS: 632893 | FPS: 27.9590 | T: 5:07:03
| [33mtrain[0m | F: 632000 | S: 632000 | E: 632 | L: 1000 | R: 559.3207 | BS: 633896 | FPS: 34.7319 | T: 5:07:32
| [33mtrain[0m | F: 633000 | S: 633000 | E: 633 | L: 1000 | R: 327.6062 | BS: 634899 | FPS: 34.7455 | T: 5:08:01
| [33mtrain[0m | F: 634000 | S: 634000 | E: 634 | L: 1000 | R: 38.2930 | BS: 635902 | FPS: 34.7639 | T: 5:08:30
| [33mtrain[0m | F: 635000 | S: 635000 | E: 635 | L: 1000 | R: 425.3315 | BS: 636905 | FPS: 34.8314 | T: 5:08:58
| [33mtrain[0m | F: 636000 | S: 636000 | E: 636 | L: 1000 | R: 399.1369 | BS: 637908 | FPS: 34.7822 | T: 5:09:27
| [33mtrain[0m | F: 637000 | S: 637000 | E: 637 | L: 1000 | R: 615.3123 | BS: 638911 | FPS: 34.6762 | T: 5:09:56
| [33mtrain[0m | F: 638000 | S: 638000 | E: 638 | L: 1000 | R: 386.0700 | BS: 639914 | FPS: 34.8065 | T: 5:10:25
| [33mtrain[0m | F: 639000 | S: 639000 | E: 639 | L: 1000 | R: 591.9909 | BS: 640917 | FPS: 34.7204 | T: 5:10:53
| [33mtrain[0m | F: 640000 | S: 640000 | E: 640 | L: 1000 | R: 484.2913 | BS: 641920 | FPS: 34.8039 | T: 5:11:22
1
| [32meval[0m  | F: 640000 | S: 640000 | E: 640 | L: 1000 | R: 539.3499 | T: 5:11:22
| [33mtrain[0m | F: 641000 | S: 641000 | E: 641 | L: 1000 | R: 474.9258 | BS: 642923 | FPS: 28.0247 | T: 5:11:58
| [33mtrain[0m | F: 642000 | S: 642000 | E: 642 | L: 1000 | R: 593.9453 | BS: 643926 | FPS: 34.7149 | T: 5:12:27
| [33mtrain[0m | F: 643000 | S: 643000 | E: 643 | L: 1000 | R: 112.5920 | BS: 644929 | FPS: 34.7557 | T: 5:12:55
| [33mtrain[0m | F: 644000 | S: 644000 | E: 644 | L: 1000 | R: 450.1151 | BS: 645932 | FPS: 34.6902 | T: 5:13:24
| [33mtrain[0m | F: 645000 | S: 645000 | E: 645 | L: 1000 | R: 589.0366 | BS: 646935 | FPS: 34.6980 | T: 5:13:53
| [33mtrain[0m | F: 646000 | S: 646000 | E: 646 | L: 1000 | R: 378.0064 | BS: 647938 | FPS: 34.7423 | T: 5:14:22
| [33mtrain[0m | F: 647000 | S: 647000 | E: 647 | L: 1000 | R: 301.5759 | BS: 648941 | FPS: 34.7654 | T: 5:14:51
| [33mtrain[0m | F: 648000 | S: 648000 | E: 648 | L: 1000 | R: 460.5710 | BS: 649944 | FPS: 34.6487 | T: 5:15:19
| [33mtrain[0m | F: 649000 | S: 649000 | E: 649 | L: 1000 | R: 407.2085 | BS: 650947 | FPS: 34.7229 | T: 5:15:48
| [33mtrain[0m | F: 650000 | S: 650000 | E: 650 | L: 1000 | R: 500.1040 | BS: 651950 | FPS: 34.7358 | T: 5:16:17
1
| [32meval[0m  | F: 650000 | S: 650000 | E: 650 | L: 1000 | R: 431.4083 | T: 5:16:17
| [33mtrain[0m | F: 651000 | S: 651000 | E: 651 | L: 1000 | R: 617.7463 | BS: 652953 | FPS: 28.0085 | T: 5:16:53
| [33mtrain[0m | F: 652000 | S: 652000 | E: 652 | L: 1000 | R: 594.1064 | BS: 653956 | FPS: 34.7163 | T: 5:17:22
| [33mtrain[0m | F: 653000 | S: 653000 | E: 653 | L: 1000 | R: 367.3285 | BS: 654959 | FPS: 34.7899 | T: 5:17:50
| [33mtrain[0m | F: 654000 | S: 654000 | E: 654 | L: 1000 | R: 500.9495 | BS: 655962 | FPS: 34.8132 | T: 5:18:19
| [33mtrain[0m | F: 655000 | S: 655000 | E: 655 | L: 1000 | R: 571.3346 | BS: 656965 | FPS: 34.7687 | T: 5:18:48
| [33mtrain[0m | F: 656000 | S: 656000 | E: 656 | L: 1000 | R: 560.2496 | BS: 657968 | FPS: 34.6433 | T: 5:19:17
| [33mtrain[0m | F: 657000 | S: 657000 | E: 657 | L: 1000 | R: 629.6695 | BS: 658971 | FPS: 34.7119 | T: 5:19:45
| [33mtrain[0m | F: 658000 | S: 658000 | E: 658 | L: 1000 | R: 578.6473 | BS: 659974 | FPS: 34.8721 | T: 5:20:14
